#
# There is insufficient memory for the Java Runtime Environment to continue.
# Native memory allocation (mmap) failed to map 268435456 bytes for Failed to commit area from 0x0000000701e00000 to 0x0000000711e00000 of length 268435456.
# Possible reasons:
#   The system is out of physical RAM or swap space
#   The process is running with CompressedOops enabled, and the Java Heap may be blocking the growth of the native heap
# Possible solutions:
#   Reduce memory load on the system
#   Increase physical memory or swap space
#   Check if swap backing store is full
#   Decrease Java heap size (-Xmx/-Xms)
#   Decrease number of Java threads
#   Decrease Java thread stack sizes (-Xss)
#   Set larger code cache with -XX:ReservedCodeCacheSize=
# This output file may be truncated or incomplete.
#
#  Out of Memory Error (./src/hotspot/os/windows/os_windows.cpp:3303), pid=37340, tid=5816
#
# JRE version:  (11.0.8+10) (build )
# Java VM: OpenJDK 64-Bit Server VM (11.0.8+10, mixed mode, sharing, tiered, compressed oops, g1 gc, windows-amd64)
# No core dump will be written. Minidumps are not enabled by default on client versions of Windows
#

---------------  S U M M A R Y ------------

Command Line: -Dfile.encoding=Cp1252 arvaaSanaGUI.Ohjelma

Host: Intel(R) Core(TM) i5-9300H CPU @ 2.40GHz, 8 cores, 15G,  Windows 10 , 64 bit Build 18362 (10.0.18362.1082)
Time: Mon Oct  5 12:08:49 2020 Suomen kesäaika elapsed time: 0 seconds (0d 0h 0m 0s)

---------------  T H R E A D  ---------------

Current thread (0x000002653ae8c000):  JavaThread "Unknown thread" [_thread_in_vm, id=5816, stack(0x000000ece8700000,0x000000ece8800000)]

Stack: [0x000000ece8700000,0x000000ece8800000]
Native frames: (J=compiled Java code, j=interpreted, Vv=VM code, C=native code)
V  [jvm.dll+0x5dfa5a]
V  [jvm.dll+0x7175ce]
V  [jvm.dll+0x718c9f]
V  [jvm.dll+0x719363]
V  [jvm.dll+0x240e48]
V  [jvm.dll+0x5dccca]
V  [jvm.dll+0x5d1935]
V  [jvm.dll+0x2f650c]
V  [jvm.dll+0x2f6392]
V  [jvm.dll+0x2fb046]
V  [jvm.dll+0x33f06f]
V  [jvm.dll+0x33eaa0]
V  [jvm.dll+0x2d38d8]
V  [jvm.dll+0x2d4a26]
V  [jvm.dll+0x6f32c7]
V  [jvm.dll+0x6f4a4f]
V  [jvm.dll+0x34bdf9]
V  [jvm.dll+0x6d66d0]
V  [jvm.dll+0x3b32ef]
V  [jvm.dll+0x3b55a1]
C  [jli.dll+0x520b]
C  [ucrtbase.dll+0x20e82]
C  [KERNEL32.DLL+0x17bd4]
C  [ntdll.dll+0x6ce51]


---------------  P R O C E S S  ---------------

Threads class SMR info:
_java_thread_list=0x000002653adb6300, length=0, elements={
}

Java Threads: ( => current thread )

Other Threads:
  0x000002653cf55000 GCTaskThread "GC Thread#0" [stack: 0x000000ece8800000,0x000000ece8900000] [id=48812]
  0x000002653cfb4800 ConcurrentGCThread "G1 Main Marker" [stack: 0x000000ece8900000,0x000000ece8a00000] [id=49968]
  0x000002653cfb6000 ConcurrentGCThread "G1 Conc#0" [stack: 0x000000ece8a00000,0x000000ece8b00000] [id=45644]

[error occurred during error reporting (printing all threads), id 0xc0000005, EXCEPTION_ACCESS_VIOLATION (0xc0000005) at pc=0x00007ffa22eb2f27]

VM state:not at safepoint (not fully initialized)

VM Mutex/Monitor currently owned by a thread:  ([mutex/lock_event])
[0x000002653cf3f9c0] Heap_lock - owner thread: 0x000002653ae8c000

Heap address: 0x0000000701e00000, size: 4066 MB, Compressed Oops mode: Non-zero based: 0x0000000701e00000
Narrow klass base: 0x0000000000000000, Narrow klass shift: 0

GC Heap History (0 events):
No events

Deoptimization events (0 events):
No events

Classes redefined (0 events):
No events

Internal exceptions (0 events):
No events

Events (1 events):
Event: 0.010 Loaded shared library C:\Program Files\AdoptOpenJDK\jdk-11.0.8.10-hotspot\bin\zip.dll


Dynamic libraries:
0x00007ff6bfe10000 - 0x00007ff6bfe1d000 	C:\Program Files\AdoptOpenJDK\jdk-11.0.8.10-hotspot\bin\javaw.exe
0x00007ffab8060000 - 0x00007ffab8250000 	C:\windows\SYSTEM32\ntdll.dll
0x00007ffab6ad0000 - 0x00007ffab6b82000 	C:\windows\System32\KERNEL32.DLL
0x00007ffab5be0000 - 0x00007ffab5e85000 	C:\windows\System32\KERNELBASE.dll
0x00007ffab50e0000 - 0x00007ffab51da000 	C:\windows\System32\ucrtbase.dll
0x00007ffa99a70000 - 0x00007ffa99a87000 	C:\Program Files\AdoptOpenJDK\jdk-11.0.8.10-hotspot\bin\jli.dll
0x00007ffab3010000 - 0x00007ffab3025000 	C:\Program Files\AdoptOpenJDK\jdk-11.0.8.10-hotspot\bin\VCRUNTIME140.dll
0x00007ffab6e80000 - 0x00007ffab7015000 	C:\windows\System32\USER32.dll
0x00007ffab53e0000 - 0x00007ffab5401000 	C:\windows\System32\win32u.dll
0x00007ffab77a0000 - 0x00007ffab77c6000 	C:\windows\System32\GDI32.dll
0x00007ffa9f330000 - 0x00007ffa9f5b4000 	C:\windows\WinSxS\amd64_microsoft.windows.common-controls_6595b64144ccf1df_6.0.18362.1082_none_9e8193e1e45b25c1\COMCTL32.dll
0x00007ffab5e90000 - 0x00007ffab6026000 	C:\windows\System32\gdi32full.dll
0x00007ffab5040000 - 0x00007ffab50de000 	C:\windows\System32\msvcp_win.dll
0x00007ffab69d0000 - 0x00007ffab6a6e000 	C:\windows\System32\msvcrt.dll
0x00007ffab70a0000 - 0x00007ffab73d5000 	C:\windows\System32\combase.dll
0x00007ffab67b0000 - 0x00007ffab68d0000 	C:\windows\System32\RPCRT4.dll
0x00007ffab6030000 - 0x00007ffab60b0000 	C:\windows\System32\bcryptPrimitives.dll
0x00007ffab6e50000 - 0x00007ffab6e7e000 	C:\windows\System32\IMM32.DLL
0x00007ffa7a6a0000 - 0x00007ffa7a73b000 	C:\Program Files\AdoptOpenJDK\jdk-11.0.8.10-hotspot\bin\msvcp140.dll
0x00007ffa22bd0000 - 0x00007ffa2368d000 	C:\Program Files\AdoptOpenJDK\jdk-11.0.8.10-hotspot\bin\server\jvm.dll
0x00007ffab7640000 - 0x00007ffab76e3000 	C:\windows\System32\ADVAPI32.dll
0x00007ffab74d0000 - 0x00007ffab7567000 	C:\windows\System32\sechost.dll
0x00007ffab6180000 - 0x00007ffab6188000 	C:\windows\System32\PSAPI.DLL
0x00007ffab2e60000 - 0x00007ffab2e84000 	C:\windows\SYSTEM32\WINMM.dll
0x00007ffaadb50000 - 0x00007ffaadb5a000 	C:\windows\SYSTEM32\VERSION.dll
0x00007ffab3030000 - 0x00007ffab3039000 	C:\windows\SYSTEM32\WSOCK32.dll
0x00007ffab6960000 - 0x00007ffab69cf000 	C:\windows\System32\WS2_32.dll
0x00007ffab29e0000 - 0x00007ffab2a0d000 	C:\windows\SYSTEM32\WINMMBASE.dll
0x00007ffab4ff0000 - 0x00007ffab503a000 	C:\windows\System32\cfgmgr32.dll
0x00007ffab4f30000 - 0x00007ffab4f41000 	C:\windows\System32\kernel.appcore.dll
0x00007ffab3080000 - 0x00007ffab3090000 	C:\Program Files\AdoptOpenJDK\jdk-11.0.8.10-hotspot\bin\verify.dll
0x00007ffa963f0000 - 0x00007ffa965e4000 	C:\windows\SYSTEM32\DBGHELP.DLL
0x00007ffa96270000 - 0x00007ffa9629a000 	C:\windows\SYSTEM32\dbgcore.DLL
0x00007ffa998a0000 - 0x00007ffa998c8000 	C:\Program Files\AdoptOpenJDK\jdk-11.0.8.10-hotspot\bin\java.dll
0x00007ffab3060000 - 0x00007ffab306a000 	C:\Program Files\AdoptOpenJDK\jdk-11.0.8.10-hotspot\bin\jimage.dll
0x00007ffa93ba0000 - 0x00007ffa93bb7000 	C:\Program Files\AdoptOpenJDK\jdk-11.0.8.10-hotspot\bin\zip.dll

dbghelp: loaded successfully - version: 4.0.5 - missing functions: none
symbol engine: initialized successfully - sym options: 0x614 - pdb path: .;C:\Program Files\AdoptOpenJDK\jdk-11.0.8.10-hotspot\bin;C:\windows\SYSTEM32;C:\windows\WinSxS\amd64_microsoft.windows.common-controls_6595b64144ccf1df_6.0.18362.1082_none_9e8193e1e45b25c1;C:\Program Files\AdoptOpenJDK\jdk-11.0.8.10-hotspot\bin\server

VM Arguments:
jvm_args: -Dfile.encoding=Cp1252 
java_command: arvaaSanaGUI.Ohjelma
java_class_path (initial): D:\Ohjelmoinnit\eclipse-jee-workspace\arvaaSanaGUI\bin
Launcher Type: SUN_STANDARD

[Global flags]
     intx CICompilerCount                          = 4                                         {product} {ergonomic}
     uint ConcGCThreads                            = 2                                         {product} {ergonomic}
     uint G1ConcRefinementThreads                  = 8                                         {product} {ergonomic}
   size_t G1HeapRegionSize                         = 1048576                                   {product} {ergonomic}
    uintx GCDrainStackTargetSize                   = 64                                        {product} {ergonomic}
   size_t InitialHeapSize                          = 268435456                                 {product} {ergonomic}
   size_t MarkStackSize                            = 4194304                                   {product} {ergonomic}
   size_t MaxHeapSize                              = 4263510016                                {product} {ergonomic}
   size_t MinHeapDeltaBytes                        = 1048576                                   {product} {ergonomic}
    uintx NonNMethodCodeHeapSize                   = 5836300                                {pd product} {ergonomic}
    uintx NonProfiledCodeHeapSize                  = 122910970                              {pd product} {ergonomic}
    uintx ProfiledCodeHeapSize                     = 122910970                              {pd product} {ergonomic}
    uintx ReservedCodeCacheSize                    = 251658240                              {pd product} {ergonomic}
     bool SegmentedCodeCache                       = true                                      {product} {ergonomic}
     bool UseCompressedClassPointers               = true                                 {lp64_product} {ergonomic}
     bool UseCompressedOops                        = true                                 {lp64_product} {ergonomic}
     bool UseG1GC                                  = true                                      {product} {ergonomic}
     bool UseLargePagesIndividualAllocation        = false                                  {pd product} {ergonomic}

Logging:
Log output configuration:
 #0: stdout all=warning uptime,level,tags
 #1: stderr all=off uptime,level,tags

Environment Variables:
JAVA_HOME=C:\Program Files\AdoptOpenJDK\jdk-11.0.8.10-hotspot\
PATH=C:/Users/mkarh/.p2/pool/plugins/org.eclipse.justj.openjdk.hotspot.jre.full.win32.x86_64_14.0.2.v20200815-0932/jre/bin/server;C:/Users/mkarh/.p2/pool/plugins/org.eclipse.justj.openjdk.hotspot.jre.full.win32.x86_64_14.0.2.v20200815-0932/jre/bin;C:\windows\system32;C:\windows;C:\windows\System32\Wbem;C:\windows\System32\WindowsPowerShell\v1.0\;C:\windows\System32\OpenSSH\;C:\Program Files (x86)\NVIDIA Corporation\PhysX\Common;C:\Program Files\NVIDIA Corporation\NVIDIA NvDLISR;D:\ohjelmia\node-js\;C:\ProgramData\chocolatey\bin;C:\Program Files\Git\cmd;C:\apache-ant-1.10.8-bin\apache-ant-1.10.8;C:\apache-maven-3.6.3;C:\Program Files\Java\jdk-14.0.2;C:\Program Files\dotnet\;C:\Program Files (x86)\Common Files\Oracle\Java\javapath;C:\Program Files\AdoptOpenJDK\jdk-11.0.8.10-hotspot;C:\Users\mkarh\AppData\Local\Microsoft\WindowsApps;C:\Users\mkarh\AppData\Local\Programs\Microsoft VS Code\bin;C:\Users\mkarh\AppData\Roaming\npm;C:\Users\mkarh\AppData\Local\GitHubDesktop\bin;C:\Users\mkarh\.dotnet\tools;C:\windows\system32;
USERNAME=mkarh
OS=Windows_NT
PROCESSOR_IDENTIFIER=Intel64 Family 6 Model 158 Stepping 10, GenuineIntel



---------------  S Y S T E M  ---------------

OS: Windows 10 , 64 bit Build 18362 (10.0.18362.1082)
OS uptime: 2 days 10:58 hours

CPU:total 8 (initial active 8) (4 cores per cpu, 2 threads per core) family 6 model 158 stepping 10, cmov, cx8, fxsr, mmx, sse, sse2, sse3, ssse3, sse4.1, sse4.2, popcnt, avx, avx2, aes, clmul, erms, 3dnowpref, lzcnt, ht, tsc, tscinvbit, bmi1, bmi2, adx, fma

Memory: 4k page, system-wide physical 16262M (1259M free)
TotalPageFile size 65414M (AvailPageFile size 14M)
current process WorkingSet (physical memory assigned to process): 10M, peak: 10M
current process commit charge ("private bytes"): 60M, peak: 316M

vm_info: OpenJDK 64-Bit Server VM (11.0.8+10) for windows-amd64 JRE (11.0.8+10), built on Jul 15 2020 11:45:54 by "" with MS VC++ 15.9 (VS2017)

END.
