#
# There is insufficient memory for the Java Runtime Environment to continue.
# Native memory allocation (malloc) failed to allocate 32744 bytes for ChunkPool::allocate
# Possible reasons:
#   The system is out of physical RAM or swap space
#   The process is running with CompressedOops enabled, and the Java Heap may be blocking the growth of the native heap
# Possible solutions:
#   Reduce memory load on the system
#   Increase physical memory or swap space
#   Check if swap backing store is full
#   Decrease Java heap size (-Xmx/-Xms)
#   Decrease number of Java threads
#   Decrease Java thread stack sizes (-Xss)
#   Set larger code cache with -XX:ReservedCodeCacheSize=
#   JVM is running with Zero Based Compressed Oops mode in which the Java heap is
#     placed in the first 32GB address space. The Java Heap base address is the
#     maximum limit for the native heap growth. Please use -XX:HeapBaseMinAddress
#     to set the Java Heap base and to place the Java Heap above 32GB virtual address.
# This output file may be truncated or incomplete.
#
#  Out of Memory Error (./src/hotspot/share/memory/arena.cpp:81), pid=41040, tid=42680
#
# JRE version: OpenJDK Runtime Environment AdoptOpenJDK (11.0.8+10) (build 11.0.8+10)
# Java VM: OpenJDK 64-Bit Server VM AdoptOpenJDK (11.0.8+10, mixed mode, tiered, compressed oops, g1 gc, windows-amd64)
# No core dump will be written. Minidumps are not enabled by default on client versions of Windows
#

---------------  S U M M A R Y ------------

Command Line: -Dfile.encoding=Cp1252 Main

Host: Intel(R) Core(TM) i5-9300H CPU @ 2.40GHz, 8 cores, 15G,  Windows 10 , 64 bit Build 18362 (10.0.18362.1110)
Time: Sun Oct 25 21:38:13 2020 Suomen normaaliaika elapsed time: 29360 seconds (0d 8h 9m 20s)

---------------  T H R E A D  ---------------

Current thread (0x0000023930a95800):  JavaThread "C1 CompilerThread0" daemon [_thread_in_native, id=42680, stack(0x0000005523700000,0x0000005523800000)]


Current CompileTask:
C1:29360731 2073   !   3       java.util.concurrent.ConcurrentHashMap::replaceNode (437 bytes)

Stack: [0x0000005523700000,0x0000005523800000]
Native frames: (J=compiled Java code, j=interpreted, Vv=VM code, C=native code)
V  [jvm.dll+0x5dfa5a]
V  [jvm.dll+0x7175ce]
V  [jvm.dll+0x718c9f]
V  [jvm.dll+0x719363]
V  [jvm.dll+0x240e48]
V  [jvm.dll+0xb9a4b]
V  [jvm.dll+0xb9dac]
V  [jvm.dll+0x138393]
V  [jvm.dll+0x14ae15]
V  [jvm.dll+0x137360]
V  [jvm.dll+0x11f079]
V  [jvm.dll+0x11e97f]
V  [jvm.dll+0x11ebaf]
V  [jvm.dll+0x11de57]
V  [jvm.dll+0x11fd67]
V  [jvm.dll+0x208f27]
V  [jvm.dll+0x20710b]
V  [jvm.dll+0x6dc339]
V  [jvm.dll+0x6d53e4]
V  [jvm.dll+0x5de996]
C  [ucrtbase.dll+0x210b2]
C  [KERNEL32.DLL+0x17c24]
C  [ntdll.dll+0x6cea1]


---------------  P R O C E S S  ---------------

Threads class SMR info:
_java_thread_list=0x0000023930ddd550, length=16, elements={
0x00000239301d9800, 0x00000239301d2000, 0x0000023930add800, 0x0000023930ade000,
0x0000023930ae0000, 0x0000023930a95800, 0x0000023930ae2000, 0x0000023930c5c800,
0x0000023930c76000, 0x000002393107b800, 0x000002393107f000, 0x0000023931082800,
0x0000023938d24000, 0x000002390c59c800, 0x0000023930c63800, 0x0000023938bbd800
}

Java Threads: ( => current thread )
  0x00000239301d9800 JavaThread "Reference Handler" daemon [_thread_blocked, id=3332, stack(0x0000005523200000,0x0000005523300000)]
  0x00000239301d2000 JavaThread "Finalizer" daemon [_thread_blocked, id=6080, stack(0x0000005523300000,0x0000005523400000)]
  0x0000023930add800 JavaThread "Signal Dispatcher" daemon [_thread_blocked, id=22640, stack(0x0000005523400000,0x0000005523500000)]
  0x0000023930ade000 JavaThread "Attach Listener" daemon [_thread_blocked, id=43996, stack(0x0000005523500000,0x0000005523600000)]
  0x0000023930ae0000 JavaThread "C2 CompilerThread0" daemon [_thread_blocked, id=14600, stack(0x0000005523600000,0x0000005523700000)]
=>0x0000023930a95800 JavaThread "C1 CompilerThread0" daemon [_thread_in_native, id=42680, stack(0x0000005523700000,0x0000005523800000)]
  0x0000023930ae2000 JavaThread "Sweeper thread" daemon [_thread_blocked, id=24832, stack(0x0000005523800000,0x0000005523900000)]
  0x0000023930c5c800 JavaThread "Service Thread" daemon [_thread_blocked, id=65240, stack(0x0000005523900000,0x0000005523a00000)]
  0x0000023930c76000 JavaThread "Common-Cleaner" daemon [_thread_blocked, id=10360, stack(0x0000005523b00000,0x0000005523c00000)]
  0x000002393107b800 JavaThread "Java2D Disposer" daemon [_thread_blocked, id=53092, stack(0x0000005523c00000,0x0000005523d00000)]
  0x000002393107f000 JavaThread "AWT-Shutdown" [_thread_blocked, id=65424, stack(0x0000005523d00000,0x0000005523e00000)]
  0x0000023931082800 JavaThread "AWT-Windows" daemon [_thread_in_native, id=52984, stack(0x0000005523e00000,0x0000005523f00000)]
  0x0000023938d24000 JavaThread "AWT-EventQueue-0" [_thread_in_vm, id=49756, stack(0x0000005524200000,0x0000005524300000)]
  0x000002390c59c800 JavaThread "DestroyJavaVM" [_thread_blocked, id=15728, stack(0x0000005522b00000,0x0000005522c00000)]
  0x0000023930c63800 JavaThread "D3D Screen Updater" daemon [_thread_blocked, id=50256, stack(0x0000005524300000,0x0000005524400000)]
  0x0000023938bbd800 JavaThread "TimerQueue" daemon [_thread_blocked, id=56876, stack(0x0000005524700000,0x0000005524800000)]

Other Threads:
  0x00000239301c5800 VMThread "VM Thread" [stack: 0x0000005523100000,0x0000005523200000] [id=35504]
  0x0000023930c71800 WatcherThread [stack: 0x0000005523a00000,0x0000005523b00000] [id=13376]
  0x000002390c5b3800 GCTaskThread "GC Thread#0" [stack: 0x0000005522c00000,0x0000005522d00000] [id=21668]
  0x000002393920e800 GCTaskThread "GC Thread#1" [stack: 0x0000005524b00000,0x0000005524c00000] [id=51324]
  0x0000023939443000 GCTaskThread "GC Thread#2" [stack: 0x0000005524c00000,0x0000005524d00000] [id=18336]
  0x0000023939443800 GCTaskThread "GC Thread#3" [stack: 0x0000005524d00000,0x0000005524e00000] [id=43176]
  0x0000023930d3b000 GCTaskThread "GC Thread#4" [stack: 0x0000005524e00000,0x0000005524f00000] [id=62244]
  0x0000023930d3c000 GCTaskThread "GC Thread#5" [stack: 0x0000005524f00000,0x0000005525000000] [id=49868]
  0x000002390c614000 ConcurrentGCThread "G1 Main Marker" [stack: 0x0000005522d00000,0x0000005522e00000] [id=58364]
  0x000002390c615800 ConcurrentGCThread "G1 Conc#0" [stack: 0x0000005522e00000,0x0000005522f00000] [id=25444]
  0x00000239300b0000 ConcurrentGCThread "G1 Refine#0" [stack: 0x0000005522f00000,0x0000005523000000] [id=39112]
  0x00000239300b4000 ConcurrentGCThread "G1 Young RemSet Sampling" [stack: 0x0000005523000000,0x0000005523100000] [id=1872]

Threads with active compile tasks:
C1 CompilerThread029360837 2073   !   3       java.util.concurrent.ConcurrentHashMap::replaceNode (437 bytes)

VM state:not at safepoint (normal execution)

VM Mutex/Monitor currently owned by a thread: None

Heap address: 0x0000000701e00000, size: 4066 MB, Compressed Oops mode: Zero based, Oop shift amount: 3
Narrow klass base: 0x0000000800000000, Narrow klass shift: 0
Compressed class space size: 1073741824 Address: 0x0000000800000000

Heap:
 garbage-first heap   total 262144K, used 15906K [0x0000000701e00000, 0x0000000800000000)
  region size 1024K, 13 young (13312K), 3 survivors (3072K)
 Metaspace       used 18149K, capacity 18586K, committed 18816K, reserved 1067008K
  class space    used 1916K, capacity 2093K, committed 2176K, reserved 1048576K
Heap Regions: E=young(eden), S=young(survivor), O=old, HS=humongous(starts), HC=humongous(continues), CS=collection set, F=free, A=archive, TAMS=top-at-mark-start (previous, next)
|   0|0x0000000701e00000, 0x0000000701f00000, 0x0000000701f00000|100%| O|  |TAMS 0x0000000701e00000, 0x0000000701e00000| Untracked 
|   1|0x0000000701f00000, 0x0000000702000000, 0x0000000702000000|100%| O|  |TAMS 0x0000000701f00000, 0x0000000701f00000| Untracked 
|   2|0x0000000702000000, 0x0000000702100000, 0x0000000702100000|100%| O|  |TAMS 0x0000000702000000, 0x0000000702000000| Untracked 
|   3|0x0000000702100000, 0x0000000702188a00, 0x0000000702200000| 53%| O|  |TAMS 0x0000000702100000, 0x0000000702100000| Untracked 
|   4|0x0000000702200000, 0x0000000702200000, 0x0000000702300000|  0%| F|  |TAMS 0x0000000702200000, 0x0000000702200000| Untracked 
|   5|0x0000000702300000, 0x0000000702300000, 0x0000000702400000|  0%| F|  |TAMS 0x0000000702300000, 0x0000000702300000| Untracked 
|   6|0x0000000702400000, 0x0000000702400000, 0x0000000702500000|  0%| F|  |TAMS 0x0000000702400000, 0x0000000702400000| Untracked 
|   7|0x0000000702500000, 0x0000000702500000, 0x0000000702600000|  0%| F|  |TAMS 0x0000000702500000, 0x0000000702500000| Untracked 
|   8|0x0000000702600000, 0x0000000702600000, 0x0000000702700000|  0%| F|  |TAMS 0x0000000702600000, 0x0000000702600000| Untracked 
|   9|0x0000000702700000, 0x0000000702700000, 0x0000000702800000|  0%| F|  |TAMS 0x0000000702700000, 0x0000000702700000| Untracked 
|  10|0x0000000702800000, 0x0000000702800000, 0x0000000702900000|  0%| F|  |TAMS 0x0000000702800000, 0x0000000702800000| Untracked 
|  11|0x0000000702900000, 0x0000000702900000, 0x0000000702a00000|  0%| F|  |TAMS 0x0000000702900000, 0x0000000702900000| Untracked 
|  12|0x0000000702a00000, 0x0000000702a00000, 0x0000000702b00000|  0%| F|  |TAMS 0x0000000702a00000, 0x0000000702a00000| Untracked 
|  13|0x0000000702b00000, 0x0000000702b00000, 0x0000000702c00000|  0%| F|  |TAMS 0x0000000702b00000, 0x0000000702b00000| Untracked 
|  14|0x0000000702c00000, 0x0000000702c00000, 0x0000000702d00000|  0%| F|  |TAMS 0x0000000702c00000, 0x0000000702c00000| Untracked 
|  15|0x0000000702d00000, 0x0000000702d00000, 0x0000000702e00000|  0%| F|  |TAMS 0x0000000702d00000, 0x0000000702d00000| Untracked 
|  16|0x0000000702e00000, 0x0000000702e00000, 0x0000000702f00000|  0%| F|  |TAMS 0x0000000702e00000, 0x0000000702e00000| Untracked 
|  17|0x0000000702f00000, 0x0000000702f00000, 0x0000000703000000|  0%| F|  |TAMS 0x0000000702f00000, 0x0000000702f00000| Untracked 
|  18|0x0000000703000000, 0x0000000703000000, 0x0000000703100000|  0%| F|  |TAMS 0x0000000703000000, 0x0000000703000000| Untracked 
|  19|0x0000000703100000, 0x0000000703100000, 0x0000000703200000|  0%| F|  |TAMS 0x0000000703100000, 0x0000000703100000| Untracked 
|  20|0x0000000703200000, 0x0000000703200000, 0x0000000703300000|  0%| F|  |TAMS 0x0000000703200000, 0x0000000703200000| Untracked 
|  21|0x0000000703300000, 0x0000000703300000, 0x0000000703400000|  0%| F|  |TAMS 0x0000000703300000, 0x0000000703300000| Untracked 
|  22|0x0000000703400000, 0x0000000703400000, 0x0000000703500000|  0%| F|  |TAMS 0x0000000703400000, 0x0000000703400000| Untracked 
|  23|0x0000000703500000, 0x0000000703500000, 0x0000000703600000|  0%| F|  |TAMS 0x0000000703500000, 0x0000000703500000| Untracked 
|  24|0x0000000703600000, 0x0000000703600000, 0x0000000703700000|  0%| F|  |TAMS 0x0000000703600000, 0x0000000703600000| Untracked 
|  25|0x0000000703700000, 0x0000000703700000, 0x0000000703800000|  0%| F|  |TAMS 0x0000000703700000, 0x0000000703700000| Untracked 
|  26|0x0000000703800000, 0x0000000703800000, 0x0000000703900000|  0%| F|  |TAMS 0x0000000703800000, 0x0000000703800000| Untracked 
|  27|0x0000000703900000, 0x0000000703900000, 0x0000000703a00000|  0%| F|  |TAMS 0x0000000703900000, 0x0000000703900000| Untracked 
|  28|0x0000000703a00000, 0x0000000703a00000, 0x0000000703b00000|  0%| F|  |TAMS 0x0000000703a00000, 0x0000000703a00000| Untracked 
|  29|0x0000000703b00000, 0x0000000703b00000, 0x0000000703c00000|  0%| F|  |TAMS 0x0000000703b00000, 0x0000000703b00000| Untracked 
|  30|0x0000000703c00000, 0x0000000703c00000, 0x0000000703d00000|  0%| F|  |TAMS 0x0000000703c00000, 0x0000000703c00000| Untracked 
|  31|0x0000000703d00000, 0x0000000703d00000, 0x0000000703e00000|  0%| F|  |TAMS 0x0000000703d00000, 0x0000000703d00000| Untracked 
|  32|0x0000000703e00000, 0x0000000703e00000, 0x0000000703f00000|  0%| F|  |TAMS 0x0000000703e00000, 0x0000000703e00000| Untracked 
|  33|0x0000000703f00000, 0x0000000703f00000, 0x0000000704000000|  0%| F|  |TAMS 0x0000000703f00000, 0x0000000703f00000| Untracked 
|  34|0x0000000704000000, 0x0000000704000000, 0x0000000704100000|  0%| F|  |TAMS 0x0000000704000000, 0x0000000704000000| Untracked 
|  35|0x0000000704100000, 0x0000000704100000, 0x0000000704200000|  0%| F|  |TAMS 0x0000000704100000, 0x0000000704100000| Untracked 
|  36|0x0000000704200000, 0x0000000704200000, 0x0000000704300000|  0%| F|  |TAMS 0x0000000704200000, 0x0000000704200000| Untracked 
|  37|0x0000000704300000, 0x0000000704300000, 0x0000000704400000|  0%| F|  |TAMS 0x0000000704300000, 0x0000000704300000| Untracked 
|  38|0x0000000704400000, 0x0000000704400000, 0x0000000704500000|  0%| F|  |TAMS 0x0000000704400000, 0x0000000704400000| Untracked 
|  39|0x0000000704500000, 0x0000000704500000, 0x0000000704600000|  0%| F|  |TAMS 0x0000000704500000, 0x0000000704500000| Untracked 
|  40|0x0000000704600000, 0x0000000704600000, 0x0000000704700000|  0%| F|  |TAMS 0x0000000704600000, 0x0000000704600000| Untracked 
|  41|0x0000000704700000, 0x0000000704700000, 0x0000000704800000|  0%| F|  |TAMS 0x0000000704700000, 0x0000000704700000| Untracked 
|  42|0x0000000704800000, 0x0000000704800000, 0x0000000704900000|  0%| F|  |TAMS 0x0000000704800000, 0x0000000704800000| Untracked 
|  43|0x0000000704900000, 0x0000000704900000, 0x0000000704a00000|  0%| F|  |TAMS 0x0000000704900000, 0x0000000704900000| Untracked 
|  44|0x0000000704a00000, 0x0000000704a00000, 0x0000000704b00000|  0%| F|  |TAMS 0x0000000704a00000, 0x0000000704a00000| Untracked 
|  45|0x0000000704b00000, 0x0000000704b00000, 0x0000000704c00000|  0%| F|  |TAMS 0x0000000704b00000, 0x0000000704b00000| Untracked 
|  46|0x0000000704c00000, 0x0000000704c00000, 0x0000000704d00000|  0%| F|  |TAMS 0x0000000704c00000, 0x0000000704c00000| Untracked 
|  47|0x0000000704d00000, 0x0000000704d00000, 0x0000000704e00000|  0%| F|  |TAMS 0x0000000704d00000, 0x0000000704d00000| Untracked 
|  48|0x0000000704e00000, 0x0000000704e00000, 0x0000000704f00000|  0%| F|  |TAMS 0x0000000704e00000, 0x0000000704e00000| Untracked 
|  49|0x0000000704f00000, 0x0000000704f00000, 0x0000000705000000|  0%| F|  |TAMS 0x0000000704f00000, 0x0000000704f00000| Untracked 
|  50|0x0000000705000000, 0x0000000705000000, 0x0000000705100000|  0%| F|  |TAMS 0x0000000705000000, 0x0000000705000000| Untracked 
|  51|0x0000000705100000, 0x0000000705100000, 0x0000000705200000|  0%| F|  |TAMS 0x0000000705100000, 0x0000000705100000| Untracked 
|  52|0x0000000705200000, 0x0000000705200000, 0x0000000705300000|  0%| F|  |TAMS 0x0000000705200000, 0x0000000705200000| Untracked 
|  53|0x0000000705300000, 0x0000000705300000, 0x0000000705400000|  0%| F|  |TAMS 0x0000000705300000, 0x0000000705300000| Untracked 
|  54|0x0000000705400000, 0x0000000705400000, 0x0000000705500000|  0%| F|  |TAMS 0x0000000705400000, 0x0000000705400000| Untracked 
|  55|0x0000000705500000, 0x0000000705500000, 0x0000000705600000|  0%| F|  |TAMS 0x0000000705500000, 0x0000000705500000| Untracked 
|  56|0x0000000705600000, 0x0000000705600000, 0x0000000705700000|  0%| F|  |TAMS 0x0000000705600000, 0x0000000705600000| Untracked 
|  57|0x0000000705700000, 0x0000000705700000, 0x0000000705800000|  0%| F|  |TAMS 0x0000000705700000, 0x0000000705700000| Untracked 
|  58|0x0000000705800000, 0x0000000705800000, 0x0000000705900000|  0%| F|  |TAMS 0x0000000705800000, 0x0000000705800000| Untracked 
|  59|0x0000000705900000, 0x0000000705900000, 0x0000000705a00000|  0%| F|  |TAMS 0x0000000705900000, 0x0000000705900000| Untracked 
|  60|0x0000000705a00000, 0x0000000705a00000, 0x0000000705b00000|  0%| F|  |TAMS 0x0000000705a00000, 0x0000000705a00000| Untracked 
|  61|0x0000000705b00000, 0x0000000705b00000, 0x0000000705c00000|  0%| F|  |TAMS 0x0000000705b00000, 0x0000000705b00000| Untracked 
|  62|0x0000000705c00000, 0x0000000705c00000, 0x0000000705d00000|  0%| F|  |TAMS 0x0000000705c00000, 0x0000000705c00000| Untracked 
|  63|0x0000000705d00000, 0x0000000705d00000, 0x0000000705e00000|  0%| F|  |TAMS 0x0000000705d00000, 0x0000000705d00000| Untracked 
|  64|0x0000000705e00000, 0x0000000705e00000, 0x0000000705f00000|  0%| F|  |TAMS 0x0000000705e00000, 0x0000000705e00000| Untracked 
|  65|0x0000000705f00000, 0x0000000705f00000, 0x0000000706000000|  0%| F|  |TAMS 0x0000000705f00000, 0x0000000705f00000| Untracked 
|  66|0x0000000706000000, 0x0000000706000000, 0x0000000706100000|  0%| F|  |TAMS 0x0000000706000000, 0x0000000706000000| Untracked 
|  67|0x0000000706100000, 0x0000000706100000, 0x0000000706200000|  0%| F|  |TAMS 0x0000000706100000, 0x0000000706100000| Untracked 
|  68|0x0000000706200000, 0x0000000706200000, 0x0000000706300000|  0%| F|  |TAMS 0x0000000706200000, 0x0000000706200000| Untracked 
|  69|0x0000000706300000, 0x0000000706300000, 0x0000000706400000|  0%| F|  |TAMS 0x0000000706300000, 0x0000000706300000| Untracked 
|  70|0x0000000706400000, 0x0000000706400000, 0x0000000706500000|  0%| F|  |TAMS 0x0000000706400000, 0x0000000706400000| Untracked 
|  71|0x0000000706500000, 0x0000000706500000, 0x0000000706600000|  0%| F|  |TAMS 0x0000000706500000, 0x0000000706500000| Untracked 
|  72|0x0000000706600000, 0x0000000706600000, 0x0000000706700000|  0%| F|  |TAMS 0x0000000706600000, 0x0000000706600000| Untracked 
|  73|0x0000000706700000, 0x0000000706700000, 0x0000000706800000|  0%| F|  |TAMS 0x0000000706700000, 0x0000000706700000| Untracked 
|  74|0x0000000706800000, 0x0000000706800000, 0x0000000706900000|  0%| F|  |TAMS 0x0000000706800000, 0x0000000706800000| Untracked 
|  75|0x0000000706900000, 0x0000000706900000, 0x0000000706a00000|  0%| F|  |TAMS 0x0000000706900000, 0x0000000706900000| Untracked 
|  76|0x0000000706a00000, 0x0000000706a00000, 0x0000000706b00000|  0%| F|  |TAMS 0x0000000706a00000, 0x0000000706a00000| Untracked 
|  77|0x0000000706b00000, 0x0000000706b00000, 0x0000000706c00000|  0%| F|  |TAMS 0x0000000706b00000, 0x0000000706b00000| Untracked 
|  78|0x0000000706c00000, 0x0000000706c00000, 0x0000000706d00000|  0%| F|  |TAMS 0x0000000706c00000, 0x0000000706c00000| Untracked 
|  79|0x0000000706d00000, 0x0000000706d00000, 0x0000000706e00000|  0%| F|  |TAMS 0x0000000706d00000, 0x0000000706d00000| Untracked 
|  80|0x0000000706e00000, 0x0000000706e00000, 0x0000000706f00000|  0%| F|  |TAMS 0x0000000706e00000, 0x0000000706e00000| Untracked 
|  81|0x0000000706f00000, 0x0000000706f00000, 0x0000000707000000|  0%| F|  |TAMS 0x0000000706f00000, 0x0000000706f00000| Untracked 
|  82|0x0000000707000000, 0x0000000707000000, 0x0000000707100000|  0%| F|  |TAMS 0x0000000707000000, 0x0000000707000000| Untracked 
|  83|0x0000000707100000, 0x0000000707100000, 0x0000000707200000|  0%| F|  |TAMS 0x0000000707100000, 0x0000000707100000| Untracked 
|  84|0x0000000707200000, 0x0000000707200000, 0x0000000707300000|  0%| F|  |TAMS 0x0000000707200000, 0x0000000707200000| Untracked 
|  85|0x0000000707300000, 0x0000000707300000, 0x0000000707400000|  0%| F|  |TAMS 0x0000000707300000, 0x0000000707300000| Untracked 
|  86|0x0000000707400000, 0x0000000707400000, 0x0000000707500000|  0%| F|  |TAMS 0x0000000707400000, 0x0000000707400000| Untracked 
|  87|0x0000000707500000, 0x0000000707500000, 0x0000000707600000|  0%| F|  |TAMS 0x0000000707500000, 0x0000000707500000| Untracked 
|  88|0x0000000707600000, 0x0000000707600000, 0x0000000707700000|  0%| F|  |TAMS 0x0000000707600000, 0x0000000707600000| Untracked 
|  89|0x0000000707700000, 0x0000000707700000, 0x0000000707800000|  0%| F|  |TAMS 0x0000000707700000, 0x0000000707700000| Untracked 
|  90|0x0000000707800000, 0x0000000707800000, 0x0000000707900000|  0%| F|  |TAMS 0x0000000707800000, 0x0000000707800000| Untracked 
|  91|0x0000000707900000, 0x0000000707900000, 0x0000000707a00000|  0%| F|  |TAMS 0x0000000707900000, 0x0000000707900000| Untracked 
|  92|0x0000000707a00000, 0x0000000707a00000, 0x0000000707b00000|  0%| F|  |TAMS 0x0000000707a00000, 0x0000000707a00000| Untracked 
|  93|0x0000000707b00000, 0x0000000707b00000, 0x0000000707c00000|  0%| F|  |TAMS 0x0000000707b00000, 0x0000000707b00000| Untracked 
|  94|0x0000000707c00000, 0x0000000707c00000, 0x0000000707d00000|  0%| F|  |TAMS 0x0000000707c00000, 0x0000000707c00000| Untracked 
|  95|0x0000000707d00000, 0x0000000707d00000, 0x0000000707e00000|  0%| F|  |TAMS 0x0000000707d00000, 0x0000000707d00000| Untracked 
|  96|0x0000000707e00000, 0x0000000707e00000, 0x0000000707f00000|  0%| F|  |TAMS 0x0000000707e00000, 0x0000000707e00000| Untracked 
|  97|0x0000000707f00000, 0x0000000707f00000, 0x0000000708000000|  0%| F|  |TAMS 0x0000000707f00000, 0x0000000707f00000| Untracked 
|  98|0x0000000708000000, 0x0000000708000000, 0x0000000708100000|  0%| F|  |TAMS 0x0000000708000000, 0x0000000708000000| Untracked 
|  99|0x0000000708100000, 0x0000000708100000, 0x0000000708200000|  0%| F|  |TAMS 0x0000000708100000, 0x0000000708100000| Untracked 
| 100|0x0000000708200000, 0x0000000708200000, 0x0000000708300000|  0%| F|  |TAMS 0x0000000708200000, 0x0000000708200000| Untracked 
| 101|0x0000000708300000, 0x0000000708300000, 0x0000000708400000|  0%| F|  |TAMS 0x0000000708300000, 0x0000000708300000| Untracked 
| 102|0x0000000708400000, 0x0000000708400000, 0x0000000708500000|  0%| F|  |TAMS 0x0000000708400000, 0x0000000708400000| Untracked 
| 103|0x0000000708500000, 0x0000000708500000, 0x0000000708600000|  0%| F|  |TAMS 0x0000000708500000, 0x0000000708500000| Untracked 
| 104|0x0000000708600000, 0x0000000708600000, 0x0000000708700000|  0%| F|  |TAMS 0x0000000708600000, 0x0000000708600000| Untracked 
| 105|0x0000000708700000, 0x0000000708700000, 0x0000000708800000|  0%| F|  |TAMS 0x0000000708700000, 0x0000000708700000| Untracked 
| 106|0x0000000708800000, 0x0000000708800000, 0x0000000708900000|  0%| F|  |TAMS 0x0000000708800000, 0x0000000708800000| Untracked 
| 107|0x0000000708900000, 0x0000000708900000, 0x0000000708a00000|  0%| F|  |TAMS 0x0000000708900000, 0x0000000708900000| Untracked 
| 108|0x0000000708a00000, 0x0000000708a00000, 0x0000000708b00000|  0%| F|  |TAMS 0x0000000708a00000, 0x0000000708a00000| Untracked 
| 109|0x0000000708b00000, 0x0000000708b00000, 0x0000000708c00000|  0%| F|  |TAMS 0x0000000708b00000, 0x0000000708b00000| Untracked 
| 110|0x0000000708c00000, 0x0000000708c00000, 0x0000000708d00000|  0%| F|  |TAMS 0x0000000708c00000, 0x0000000708c00000| Untracked 
| 111|0x0000000708d00000, 0x0000000708d00000, 0x0000000708e00000|  0%| F|  |TAMS 0x0000000708d00000, 0x0000000708d00000| Untracked 
| 112|0x0000000708e00000, 0x0000000708e00000, 0x0000000708f00000|  0%| F|  |TAMS 0x0000000708e00000, 0x0000000708e00000| Untracked 
| 113|0x0000000708f00000, 0x0000000708f00000, 0x0000000709000000|  0%| F|  |TAMS 0x0000000708f00000, 0x0000000708f00000| Untracked 
| 114|0x0000000709000000, 0x0000000709000000, 0x0000000709100000|  0%| F|  |TAMS 0x0000000709000000, 0x0000000709000000| Untracked 
| 115|0x0000000709100000, 0x0000000709100000, 0x0000000709200000|  0%| F|  |TAMS 0x0000000709100000, 0x0000000709100000| Untracked 
| 116|0x0000000709200000, 0x0000000709200000, 0x0000000709300000|  0%| F|  |TAMS 0x0000000709200000, 0x0000000709200000| Untracked 
| 117|0x0000000709300000, 0x0000000709300000, 0x0000000709400000|  0%| F|  |TAMS 0x0000000709300000, 0x0000000709300000| Untracked 
| 118|0x0000000709400000, 0x0000000709400000, 0x0000000709500000|  0%| F|  |TAMS 0x0000000709400000, 0x0000000709400000| Untracked 
| 119|0x0000000709500000, 0x0000000709500000, 0x0000000709600000|  0%| F|  |TAMS 0x0000000709500000, 0x0000000709500000| Untracked 
| 120|0x0000000709600000, 0x0000000709600000, 0x0000000709700000|  0%| F|  |TAMS 0x0000000709600000, 0x0000000709600000| Untracked 
| 121|0x0000000709700000, 0x0000000709700000, 0x0000000709800000|  0%| F|  |TAMS 0x0000000709700000, 0x0000000709700000| Untracked 
| 122|0x0000000709800000, 0x0000000709800000, 0x0000000709900000|  0%| F|  |TAMS 0x0000000709800000, 0x0000000709800000| Untracked 
| 123|0x0000000709900000, 0x0000000709900000, 0x0000000709a00000|  0%| F|  |TAMS 0x0000000709900000, 0x0000000709900000| Untracked 
| 124|0x0000000709a00000, 0x0000000709a00000, 0x0000000709b00000|  0%| F|  |TAMS 0x0000000709a00000, 0x0000000709a00000| Untracked 
| 125|0x0000000709b00000, 0x0000000709b00000, 0x0000000709c00000|  0%| F|  |TAMS 0x0000000709b00000, 0x0000000709b00000| Untracked 
| 126|0x0000000709c00000, 0x0000000709c00000, 0x0000000709d00000|  0%| F|  |TAMS 0x0000000709c00000, 0x0000000709c00000| Untracked 
| 127|0x0000000709d00000, 0x0000000709d00000, 0x0000000709e00000|  0%| F|  |TAMS 0x0000000709d00000, 0x0000000709d00000| Untracked 
| 128|0x0000000709e00000, 0x0000000709e00000, 0x0000000709f00000|  0%| F|  |TAMS 0x0000000709e00000, 0x0000000709e00000| Untracked 
| 129|0x0000000709f00000, 0x0000000709f00000, 0x000000070a000000|  0%| F|  |TAMS 0x0000000709f00000, 0x0000000709f00000| Untracked 
| 130|0x000000070a000000, 0x000000070a000000, 0x000000070a100000|  0%| F|  |TAMS 0x000000070a000000, 0x000000070a000000| Untracked 
| 131|0x000000070a100000, 0x000000070a100000, 0x000000070a200000|  0%| F|  |TAMS 0x000000070a100000, 0x000000070a100000| Untracked 
| 132|0x000000070a200000, 0x000000070a200000, 0x000000070a300000|  0%| F|  |TAMS 0x000000070a200000, 0x000000070a200000| Untracked 
| 133|0x000000070a300000, 0x000000070a300000, 0x000000070a400000|  0%| F|  |TAMS 0x000000070a300000, 0x000000070a300000| Untracked 
| 134|0x000000070a400000, 0x000000070a400000, 0x000000070a500000|  0%| F|  |TAMS 0x000000070a400000, 0x000000070a400000| Untracked 
| 135|0x000000070a500000, 0x000000070a500000, 0x000000070a600000|  0%| F|  |TAMS 0x000000070a500000, 0x000000070a500000| Untracked 
| 136|0x000000070a600000, 0x000000070a600000, 0x000000070a700000|  0%| F|  |TAMS 0x000000070a600000, 0x000000070a600000| Untracked 
| 137|0x000000070a700000, 0x000000070a700000, 0x000000070a800000|  0%| F|  |TAMS 0x000000070a700000, 0x000000070a700000| Untracked 
| 138|0x000000070a800000, 0x000000070a800000, 0x000000070a900000|  0%| F|  |TAMS 0x000000070a800000, 0x000000070a800000| Untracked 
| 139|0x000000070a900000, 0x000000070a900000, 0x000000070aa00000|  0%| F|  |TAMS 0x000000070a900000, 0x000000070a900000| Untracked 
| 140|0x000000070aa00000, 0x000000070aa00000, 0x000000070ab00000|  0%| F|  |TAMS 0x000000070aa00000, 0x000000070aa00000| Untracked 
| 141|0x000000070ab00000, 0x000000070ab00000, 0x000000070ac00000|  0%| F|  |TAMS 0x000000070ab00000, 0x000000070ab00000| Untracked 
| 142|0x000000070ac00000, 0x000000070ac00000, 0x000000070ad00000|  0%| F|  |TAMS 0x000000070ac00000, 0x000000070ac00000| Untracked 
| 143|0x000000070ad00000, 0x000000070ad00000, 0x000000070ae00000|  0%| F|  |TAMS 0x000000070ad00000, 0x000000070ad00000| Untracked 
| 144|0x000000070ae00000, 0x000000070ae00000, 0x000000070af00000|  0%| F|  |TAMS 0x000000070ae00000, 0x000000070ae00000| Untracked 
| 145|0x000000070af00000, 0x000000070af00000, 0x000000070b000000|  0%| F|  |TAMS 0x000000070af00000, 0x000000070af00000| Untracked 
| 146|0x000000070b000000, 0x000000070b000000, 0x000000070b100000|  0%| F|  |TAMS 0x000000070b000000, 0x000000070b000000| Untracked 
| 147|0x000000070b100000, 0x000000070b100000, 0x000000070b200000|  0%| F|  |TAMS 0x000000070b100000, 0x000000070b100000| Untracked 
| 148|0x000000070b200000, 0x000000070b200000, 0x000000070b300000|  0%| F|  |TAMS 0x000000070b200000, 0x000000070b200000| Untracked 
| 149|0x000000070b300000, 0x000000070b300000, 0x000000070b400000|  0%| F|  |TAMS 0x000000070b300000, 0x000000070b300000| Untracked 
| 150|0x000000070b400000, 0x000000070b400000, 0x000000070b500000|  0%| F|  |TAMS 0x000000070b400000, 0x000000070b400000| Untracked 
| 151|0x000000070b500000, 0x000000070b500000, 0x000000070b600000|  0%| F|  |TAMS 0x000000070b500000, 0x000000070b500000| Untracked 
| 152|0x000000070b600000, 0x000000070b600000, 0x000000070b700000|  0%| F|  |TAMS 0x000000070b600000, 0x000000070b600000| Untracked 
| 153|0x000000070b700000, 0x000000070b700000, 0x000000070b800000|  0%| F|  |TAMS 0x000000070b700000, 0x000000070b700000| Untracked 
| 154|0x000000070b800000, 0x000000070b800000, 0x000000070b900000|  0%| F|  |TAMS 0x000000070b800000, 0x000000070b800000| Untracked 
| 155|0x000000070b900000, 0x000000070b900000, 0x000000070ba00000|  0%| F|  |TAMS 0x000000070b900000, 0x000000070b900000| Untracked 
| 156|0x000000070ba00000, 0x000000070ba00000, 0x000000070bb00000|  0%| F|  |TAMS 0x000000070ba00000, 0x000000070ba00000| Untracked 
| 157|0x000000070bb00000, 0x000000070bb00000, 0x000000070bc00000|  0%| F|  |TAMS 0x000000070bb00000, 0x000000070bb00000| Untracked 
| 158|0x000000070bc00000, 0x000000070bc00000, 0x000000070bd00000|  0%| F|  |TAMS 0x000000070bc00000, 0x000000070bc00000| Untracked 
| 159|0x000000070bd00000, 0x000000070bd00000, 0x000000070be00000|  0%| F|  |TAMS 0x000000070bd00000, 0x000000070bd00000| Untracked 
| 160|0x000000070be00000, 0x000000070be00000, 0x000000070bf00000|  0%| F|  |TAMS 0x000000070be00000, 0x000000070be00000| Untracked 
| 161|0x000000070bf00000, 0x000000070bf00000, 0x000000070c000000|  0%| F|  |TAMS 0x000000070bf00000, 0x000000070bf00000| Untracked 
| 162|0x000000070c000000, 0x000000070c000000, 0x000000070c100000|  0%| F|  |TAMS 0x000000070c000000, 0x000000070c000000| Untracked 
| 163|0x000000070c100000, 0x000000070c100000, 0x000000070c200000|  0%| F|  |TAMS 0x000000070c100000, 0x000000070c100000| Untracked 
| 164|0x000000070c200000, 0x000000070c200000, 0x000000070c300000|  0%| F|  |TAMS 0x000000070c200000, 0x000000070c200000| Untracked 
| 165|0x000000070c300000, 0x000000070c300000, 0x000000070c400000|  0%| F|  |TAMS 0x000000070c300000, 0x000000070c300000| Untracked 
| 166|0x000000070c400000, 0x000000070c400000, 0x000000070c500000|  0%| F|  |TAMS 0x000000070c400000, 0x000000070c400000| Untracked 
| 167|0x000000070c500000, 0x000000070c500000, 0x000000070c600000|  0%| F|  |TAMS 0x000000070c500000, 0x000000070c500000| Untracked 
| 168|0x000000070c600000, 0x000000070c600000, 0x000000070c700000|  0%| F|  |TAMS 0x000000070c600000, 0x000000070c600000| Untracked 
| 169|0x000000070c700000, 0x000000070c700000, 0x000000070c800000|  0%| F|  |TAMS 0x000000070c700000, 0x000000070c700000| Untracked 
| 170|0x000000070c800000, 0x000000070c800000, 0x000000070c900000|  0%| F|  |TAMS 0x000000070c800000, 0x000000070c800000| Untracked 
| 171|0x000000070c900000, 0x000000070c900000, 0x000000070ca00000|  0%| F|  |TAMS 0x000000070c900000, 0x000000070c900000| Untracked 
| 172|0x000000070ca00000, 0x000000070ca00000, 0x000000070cb00000|  0%| F|  |TAMS 0x000000070ca00000, 0x000000070ca00000| Untracked 
| 173|0x000000070cb00000, 0x000000070cb00000, 0x000000070cc00000|  0%| F|  |TAMS 0x000000070cb00000, 0x000000070cb00000| Untracked 
| 174|0x000000070cc00000, 0x000000070cc00000, 0x000000070cd00000|  0%| F|  |TAMS 0x000000070cc00000, 0x000000070cc00000| Untracked 
| 175|0x000000070cd00000, 0x000000070cd00000, 0x000000070ce00000|  0%| F|  |TAMS 0x000000070cd00000, 0x000000070cd00000| Untracked 
| 176|0x000000070ce00000, 0x000000070ce00000, 0x000000070cf00000|  0%| F|  |TAMS 0x000000070ce00000, 0x000000070ce00000| Untracked 
| 177|0x000000070cf00000, 0x000000070cf00000, 0x000000070d000000|  0%| F|  |TAMS 0x000000070cf00000, 0x000000070cf00000| Untracked 
| 178|0x000000070d000000, 0x000000070d000000, 0x000000070d100000|  0%| F|  |TAMS 0x000000070d000000, 0x000000070d000000| Untracked 
| 179|0x000000070d100000, 0x000000070d100000, 0x000000070d200000|  0%| F|  |TAMS 0x000000070d100000, 0x000000070d100000| Untracked 
| 180|0x000000070d200000, 0x000000070d200000, 0x000000070d300000|  0%| F|  |TAMS 0x000000070d200000, 0x000000070d200000| Untracked 
| 181|0x000000070d300000, 0x000000070d300000, 0x000000070d400000|  0%| F|  |TAMS 0x000000070d300000, 0x000000070d300000| Untracked 
| 182|0x000000070d400000, 0x000000070d400000, 0x000000070d500000|  0%| F|  |TAMS 0x000000070d400000, 0x000000070d400000| Untracked 
| 183|0x000000070d500000, 0x000000070d500000, 0x000000070d600000|  0%| F|  |TAMS 0x000000070d500000, 0x000000070d500000| Untracked 
| 184|0x000000070d600000, 0x000000070d600000, 0x000000070d700000|  0%| F|  |TAMS 0x000000070d600000, 0x000000070d600000| Untracked 
| 185|0x000000070d700000, 0x000000070d700000, 0x000000070d800000|  0%| F|  |TAMS 0x000000070d700000, 0x000000070d700000| Untracked 
| 186|0x000000070d800000, 0x000000070d800000, 0x000000070d900000|  0%| F|  |TAMS 0x000000070d800000, 0x000000070d800000| Untracked 
| 187|0x000000070d900000, 0x000000070d900000, 0x000000070da00000|  0%| F|  |TAMS 0x000000070d900000, 0x000000070d900000| Untracked 
| 188|0x000000070da00000, 0x000000070da00000, 0x000000070db00000|  0%| F|  |TAMS 0x000000070da00000, 0x000000070da00000| Untracked 
| 189|0x000000070db00000, 0x000000070db00000, 0x000000070dc00000|  0%| F|  |TAMS 0x000000070db00000, 0x000000070db00000| Untracked 
| 190|0x000000070dc00000, 0x000000070dc00000, 0x000000070dd00000|  0%| F|  |TAMS 0x000000070dc00000, 0x000000070dc00000| Untracked 
| 191|0x000000070dd00000, 0x000000070dd00000, 0x000000070de00000|  0%| F|  |TAMS 0x000000070dd00000, 0x000000070dd00000| Untracked 
| 192|0x000000070de00000, 0x000000070de00000, 0x000000070df00000|  0%| F|  |TAMS 0x000000070de00000, 0x000000070de00000| Untracked 
| 193|0x000000070df00000, 0x000000070df00000, 0x000000070e000000|  0%| F|  |TAMS 0x000000070df00000, 0x000000070df00000| Untracked 
| 194|0x000000070e000000, 0x000000070e000000, 0x000000070e100000|  0%| F|  |TAMS 0x000000070e000000, 0x000000070e000000| Untracked 
| 195|0x000000070e100000, 0x000000070e100000, 0x000000070e200000|  0%| F|  |TAMS 0x000000070e100000, 0x000000070e100000| Untracked 
| 196|0x000000070e200000, 0x000000070e200000, 0x000000070e300000|  0%| F|  |TAMS 0x000000070e200000, 0x000000070e200000| Untracked 
| 197|0x000000070e300000, 0x000000070e300000, 0x000000070e400000|  0%| F|  |TAMS 0x000000070e300000, 0x000000070e300000| Untracked 
| 198|0x000000070e400000, 0x000000070e400000, 0x000000070e500000|  0%| F|  |TAMS 0x000000070e400000, 0x000000070e400000| Untracked 
| 199|0x000000070e500000, 0x000000070e500000, 0x000000070e600000|  0%| F|  |TAMS 0x000000070e500000, 0x000000070e500000| Untracked 
| 200|0x000000070e600000, 0x000000070e600000, 0x000000070e700000|  0%| F|  |TAMS 0x000000070e600000, 0x000000070e600000| Untracked 
| 201|0x000000070e700000, 0x000000070e700000, 0x000000070e800000|  0%| F|  |TAMS 0x000000070e700000, 0x000000070e700000| Untracked 
| 202|0x000000070e800000, 0x000000070e800000, 0x000000070e900000|  0%| F|  |TAMS 0x000000070e800000, 0x000000070e800000| Untracked 
| 203|0x000000070e900000, 0x000000070e900000, 0x000000070ea00000|  0%| F|  |TAMS 0x000000070e900000, 0x000000070e900000| Untracked 
| 204|0x000000070ea00000, 0x000000070ea00000, 0x000000070eb00000|  0%| F|  |TAMS 0x000000070ea00000, 0x000000070ea00000| Untracked 
| 205|0x000000070eb00000, 0x000000070eb00000, 0x000000070ec00000|  0%| F|  |TAMS 0x000000070eb00000, 0x000000070eb00000| Untracked 
| 206|0x000000070ec00000, 0x000000070ec00000, 0x000000070ed00000|  0%| F|  |TAMS 0x000000070ec00000, 0x000000070ec00000| Untracked 
| 207|0x000000070ed00000, 0x000000070ed00000, 0x000000070ee00000|  0%| F|  |TAMS 0x000000070ed00000, 0x000000070ed00000| Untracked 
| 208|0x000000070ee00000, 0x000000070ee00000, 0x000000070ef00000|  0%| F|  |TAMS 0x000000070ee00000, 0x000000070ee00000| Untracked 
| 209|0x000000070ef00000, 0x000000070ef00000, 0x000000070f000000|  0%| F|  |TAMS 0x000000070ef00000, 0x000000070ef00000| Untracked 
| 210|0x000000070f000000, 0x000000070f000000, 0x000000070f100000|  0%| F|  |TAMS 0x000000070f000000, 0x000000070f000000| Untracked 
| 211|0x000000070f100000, 0x000000070f100000, 0x000000070f200000|  0%| F|  |TAMS 0x000000070f100000, 0x000000070f100000| Untracked 
| 212|0x000000070f200000, 0x000000070f200000, 0x000000070f300000|  0%| F|  |TAMS 0x000000070f200000, 0x000000070f200000| Untracked 
| 213|0x000000070f300000, 0x000000070f300000, 0x000000070f400000|  0%| F|  |TAMS 0x000000070f300000, 0x000000070f300000| Untracked 
| 214|0x000000070f400000, 0x000000070f400000, 0x000000070f500000|  0%| F|  |TAMS 0x000000070f400000, 0x000000070f400000| Untracked 
| 215|0x000000070f500000, 0x000000070f500000, 0x000000070f600000|  0%| F|  |TAMS 0x000000070f500000, 0x000000070f500000| Untracked 
| 216|0x000000070f600000, 0x000000070f600000, 0x000000070f700000|  0%| F|  |TAMS 0x000000070f600000, 0x000000070f600000| Untracked 
| 217|0x000000070f700000, 0x000000070f700000, 0x000000070f800000|  0%| F|  |TAMS 0x000000070f700000, 0x000000070f700000| Untracked 
| 218|0x000000070f800000, 0x000000070f800000, 0x000000070f900000|  0%| F|  |TAMS 0x000000070f800000, 0x000000070f800000| Untracked 
| 219|0x000000070f900000, 0x000000070f900000, 0x000000070fa00000|  0%| F|  |TAMS 0x000000070f900000, 0x000000070f900000| Untracked 
| 220|0x000000070fa00000, 0x000000070fa00000, 0x000000070fb00000|  0%| F|  |TAMS 0x000000070fa00000, 0x000000070fa00000| Untracked 
| 221|0x000000070fb00000, 0x000000070fb00000, 0x000000070fc00000|  0%| F|  |TAMS 0x000000070fb00000, 0x000000070fb00000| Untracked 
| 222|0x000000070fc00000, 0x000000070fc00000, 0x000000070fd00000|  0%| F|  |TAMS 0x000000070fc00000, 0x000000070fc00000| Untracked 
| 223|0x000000070fd00000, 0x000000070fd00000, 0x000000070fe00000|  0%| F|  |TAMS 0x000000070fd00000, 0x000000070fd00000| Untracked 
| 224|0x000000070fe00000, 0x000000070fe00000, 0x000000070ff00000|  0%| F|  |TAMS 0x000000070fe00000, 0x000000070fe00000| Untracked 
| 225|0x000000070ff00000, 0x000000070ff00000, 0x0000000710000000|  0%| F|  |TAMS 0x000000070ff00000, 0x000000070ff00000| Untracked 
| 226|0x0000000710000000, 0x0000000710000000, 0x0000000710100000|  0%| F|  |TAMS 0x0000000710000000, 0x0000000710000000| Untracked 
| 227|0x0000000710100000, 0x0000000710100000, 0x0000000710200000|  0%| F|  |TAMS 0x0000000710100000, 0x0000000710100000| Untracked 
| 228|0x0000000710200000, 0x0000000710200000, 0x0000000710300000|  0%| F|  |TAMS 0x0000000710200000, 0x0000000710200000| Untracked 
| 229|0x0000000710300000, 0x0000000710400000, 0x0000000710400000|100%| S|CS|TAMS 0x0000000710300000, 0x0000000710300000| Complete 
| 230|0x0000000710400000, 0x0000000710500000, 0x0000000710500000|100%| S|CS|TAMS 0x0000000710400000, 0x0000000710400000| Complete 
| 231|0x0000000710500000, 0x0000000710600000, 0x0000000710600000|100%| S|CS|TAMS 0x0000000710500000, 0x0000000710500000| Complete 
| 232|0x0000000710600000, 0x0000000710600000, 0x0000000710700000|  0%| F|  |TAMS 0x0000000710600000, 0x0000000710600000| Untracked 
| 233|0x0000000710700000, 0x0000000710700000, 0x0000000710800000|  0%| F|  |TAMS 0x0000000710700000, 0x0000000710700000| Untracked 
| 234|0x0000000710800000, 0x0000000710800000, 0x0000000710900000|  0%| F|  |TAMS 0x0000000710800000, 0x0000000710800000| Untracked 
| 235|0x0000000710900000, 0x0000000710900000, 0x0000000710a00000|  0%| F|  |TAMS 0x0000000710900000, 0x0000000710900000| Untracked 
| 236|0x0000000710a00000, 0x0000000710a00000, 0x0000000710b00000|  0%| F|  |TAMS 0x0000000710a00000, 0x0000000710a00000| Untracked 
| 237|0x0000000710b00000, 0x0000000710b00000, 0x0000000710c00000|  0%| F|  |TAMS 0x0000000710b00000, 0x0000000710b00000| Untracked 
| 238|0x0000000710c00000, 0x0000000710c00000, 0x0000000710d00000|  0%| F|  |TAMS 0x0000000710c00000, 0x0000000710c00000| Untracked 
| 239|0x0000000710d00000, 0x0000000710d00000, 0x0000000710e00000|  0%| F|  |TAMS 0x0000000710d00000, 0x0000000710d00000| Untracked 
| 240|0x0000000710e00000, 0x0000000710e00000, 0x0000000710f00000|  0%| F|  |TAMS 0x0000000710e00000, 0x0000000710e00000| Untracked 
| 241|0x0000000710f00000, 0x0000000710f00000, 0x0000000711000000|  0%| F|  |TAMS 0x0000000710f00000, 0x0000000710f00000| Untracked 
| 242|0x0000000711000000, 0x0000000711000000, 0x0000000711100000|  0%| F|  |TAMS 0x0000000711000000, 0x0000000711000000| Untracked 
| 243|0x0000000711100000, 0x0000000711100000, 0x0000000711200000|  0%| F|  |TAMS 0x0000000711100000, 0x0000000711100000| Untracked 
| 244|0x0000000711200000, 0x0000000711200000, 0x0000000711300000|  0%| F|  |TAMS 0x0000000711200000, 0x0000000711200000| Untracked 
| 245|0x0000000711300000, 0x0000000711300000, 0x0000000711400000|  0%| F|  |TAMS 0x0000000711300000, 0x0000000711300000| Untracked 
| 246|0x0000000711400000, 0x0000000711480800, 0x0000000711500000| 50%| E|  |TAMS 0x0000000711400000, 0x0000000711400000| Complete 
| 247|0x0000000711500000, 0x0000000711600000, 0x0000000711600000|100%| E|CS|TAMS 0x0000000711500000, 0x0000000711500000| Complete 
| 248|0x0000000711600000, 0x0000000711700000, 0x0000000711700000|100%| E|CS|TAMS 0x0000000711600000, 0x0000000711600000| Complete 
| 249|0x0000000711700000, 0x0000000711800000, 0x0000000711800000|100%| E|CS|TAMS 0x0000000711700000, 0x0000000711700000| Complete 
| 250|0x0000000711800000, 0x0000000711900000, 0x0000000711900000|100%| E|CS|TAMS 0x0000000711800000, 0x0000000711800000| Complete 
| 251|0x0000000711900000, 0x0000000711a00000, 0x0000000711a00000|100%| E|CS|TAMS 0x0000000711900000, 0x0000000711900000| Complete 
| 252|0x0000000711a00000, 0x0000000711b00000, 0x0000000711b00000|100%| E|CS|TAMS 0x0000000711a00000, 0x0000000711a00000| Complete 
| 253|0x0000000711b00000, 0x0000000711c00000, 0x0000000711c00000|100%| E|CS|TAMS 0x0000000711b00000, 0x0000000711b00000| Complete 
| 254|0x0000000711c00000, 0x0000000711d00000, 0x0000000711d00000|100%| E|CS|TAMS 0x0000000711c00000, 0x0000000711c00000| Complete 
| 255|0x0000000711d00000, 0x0000000711e00000, 0x0000000711e00000|100%| E|CS|TAMS 0x0000000711d00000, 0x0000000711d00000| Complete 

Card table byte_map: [0x0000023924730000,0x0000023924f30000] _byte_map_base: 0x0000023920f21000

Marking Bits (Prev, Next): (CMBitMap*) 0x000002390c6011f8, (CMBitMap*) 0x000002390c601230
 Prev Bits: [0x0000023925730000, 0x00000239296b8000)
 Next Bits: [0x00000239296c0000, 0x000002392d648000)

Polling page: 0x000002390bd70000

Metaspace:

Usage:
  Non-class:     16.11 MB capacity,    15.85 MB ( 98%) used,   210.98 KB (  1%) free+waste,    48.88 KB ( <1%) overhead. 
      Class:      2.04 MB capacity,     1.87 MB ( 92%) used,   151.81 KB (  7%) free+waste,    25.13 KB (  1%) overhead. 
       Both:     18.15 MB capacity,    17.72 MB ( 98%) used,   362.79 KB (  2%) free+waste,    74.00 KB ( <1%) overhead. 

Virtual space:
  Non-class space:       18.00 MB reserved,      16.25 MB ( 90%) committed 
      Class space:        1.00 GB reserved,       2.13 MB ( <1%) committed 
             Both:        1.02 GB reserved,      18.38 MB (  2%) committed 

Chunk freelists:
   Non-Class:  19.00 KB
       Class:  19.00 KB
        Both:  38.00 KB

MaxMetaspaceSize: 17179869184.00 GB
CompressedClassSpaceSize: 1.00 GB

CodeHeap 'non-profiled nmethods': size=120000Kb used=659Kb max_used=659Kb free=119340Kb
 bounds [0x000002391c6d0000, 0x000002391c940000, 0x0000023923c00000]
CodeHeap 'profiled nmethods': size=120000Kb used=4165Kb max_used=4165Kb free=115834Kb
 bounds [0x00000239151a0000, 0x00000239155c0000, 0x000002391c6d0000]
CodeHeap 'non-nmethods': size=5760Kb used=1241Kb max_used=1302Kb free=4518Kb
 bounds [0x0000023914c00000, 0x0000023914e70000, 0x00000239151a0000]
 total_blobs=2628 nmethods=2009 adapters=530
 compilation: enabled
              stopped_count=0, restarted_count=0
 full_count=0

Compilation events (20 events):
Event: 129.231 Thread 0x0000023930ae0000 nmethod 2063 0x000002391c770290 code [0x000002391c770420, 0x000002391c7704d8]
Event: 491.377 Thread 0x0000023930ae0000 2064       4       java.util.ArrayList::toArray (57 bytes)
Event: 491.390 Thread 0x0000023930ae0000 nmethod 2064 0x000002391c770610 code [0x000002391c7707c0, 0x000002391c770c18]
Event: 504.350 Thread 0x0000023930ae0000 2065       4       java.util.ArrayList::toArray (57 bytes)
Event: 504.362 Thread 0x0000023930ae0000 nmethod 2065 0x000002391c770e10 code [0x000002391c770fc0, 0x000002391c771558]
Event: 1207.529 Thread 0x0000023930a95800 2066 % !   3       sun.java2d.d3d.D3DScreenUpdateManager::run @ 105 (267 bytes)
Event: 1207.534 Thread 0x0000023930a95800 nmethod 2066% 0x00000239155a9f90 code [0x00000239155aa3c0, 0x00000239155acbb8]
Event: 1228.144 Thread 0x0000023930a95800 2067   !   3       sun.java2d.d3d.D3DScreenUpdateManager::run (267 bytes)
Event: 1228.148 Thread 0x0000023930a95800 nmethod 2067 0x00000239155adb10 code [0x00000239155adf20, 0x00000239155b0618]
Event: 5199.158 Thread 0x0000023930ae0000 2068 % !   4       sun.java2d.d3d.D3DScreenUpdateManager::run @ 0 (267 bytes)
Event: 5199.171 Thread 0x0000023930ae0000 nmethod 2068% 0x000002391c771710 code [0x000002391c771920, 0x000002391c772998]
Event: 5363.936 Thread 0x0000023930ae0000 2069 % !   4       sun.java2d.d3d.D3DScreenUpdateManager::run @ 105 (267 bytes)
Event: 5363.955 Thread 0x0000023930ae0000 nmethod 2069% 0x000002391c773190 code [0x000002391c7733a0, 0x000002391c774698]
Event: 15047.571 Thread 0x0000023930a95800 2070   !   3       jdk.internal.ref.PhantomCleanable::isListEmpty (34 bytes)
Event: 15047.574 Thread 0x0000023930a95800 nmethod 2070 0x00000239155b1490 code [0x00000239155b1640, 0x00000239155b1958]
Event: 15047.574 Thread 0x0000023930a95800 2071       3       jdk.internal.misc.InnocuousThread::eraseThreadLocals (23 bytes)
Event: 15047.576 Thread 0x0000023930a95800 nmethod 2071 0x00000239155b1a90 code [0x00000239155b1c40, 0x00000239155b1e38]
Event: 29360.633 Thread 0x0000023930a95800 2072   !   3       java.lang.ref.ReferenceQueue::poll (28 bytes)
Event: 29360.681 Thread 0x0000023930a95800 nmethod 2072 0x00000239155b1f10 code [0x00000239155b20e0, 0x00000239155b2428]
Event: 29360.682 Thread 0x0000023930a95800 2073   !   3       java.util.concurrent.ConcurrentHashMap::replaceNode (437 bytes)

GC Heap History (2 events):
Event: 13.996 GC heap before
{Heap before GC invocations=0 (full 0):
 garbage-first heap   total 262144K, used 23552K [0x0000000701e00000, 0x0000000800000000)
  region size 1024K, 24 young (24576K), 0 survivors (0K)
 Metaspace       used 17864K, capacity 18323K, committed 18560K, reserved 1064960K
  class space    used 1902K, capacity 2091K, committed 2176K, reserved 1048576K
}
Event: 14.006 GC heap after
{Heap after GC invocations=1 (full 0):
 garbage-first heap   total 262144K, used 6690K [0x0000000701e00000, 0x0000000800000000)
  region size 1024K, 3 young (3072K), 3 survivors (3072K)
 Metaspace       used 17864K, capacity 18323K, committed 18560K, reserved 1064960K
  class space    used 1902K, capacity 2091K, committed 2176K, reserved 1048576K
}

Deoptimization events (20 events):
Event: 14.028 Thread 0x000002393880b000 DEOPT PACKING pc=0x0000023915510610 sp=0x0000005524afeef0
Event: 14.028 Thread 0x000002393880b000 DEOPT UNPACKING pc=0x0000023914c2754e sp=0x0000005524afe470 mode 0
Event: 14.184 Thread 0x0000023930c63800 Uncommon trap: trap_request=0xffffffcc fr.pc=0x000002391c766a00 relative=0x00000000000002c0
Event: 14.184 Thread 0x0000023930c63800 Uncommon trap: reason=intrinsic_or_type_checked_inlining action=make_not_entrant pc=0x000002391c766a00 method=java.util.Arrays.copyOf([Ljava/lang/Object;ILjava/lang/Class;)[Ljava/lang/Object; @ 35 c2
Event: 14.184 Thread 0x0000023930c63800 DEOPT PACKING pc=0x000002391c766a00 sp=0x00000055243fec60
Event: 14.184 Thread 0x0000023930c63800 DEOPT UNPACKING pc=0x0000023914c2772f sp=0x00000055243febf0 mode 2
Event: 491.477 Thread 0x0000023930c63800 Uncommon trap: trap_request=0xffffffdc fr.pc=0x000002391c77096c relative=0x00000000000001ac
Event: 491.477 Thread 0x0000023930c63800 Uncommon trap: reason=class_check action=make_not_entrant pc=0x000002391c77096c method=java.util.ArrayList.toArray([Ljava/lang/Object;)[Ljava/lang/Object; @ 21 c2
Event: 491.477 Thread 0x0000023930c63800 DEOPT PACKING pc=0x000002391c77096c sp=0x00000055243fecc0
Event: 491.477 Thread 0x0000023930c63800 DEOPT UNPACKING pc=0x0000023914c2772f sp=0x00000055243fec80 mode 2
Event: 5632.292 Thread 0x0000023930c63800 DEOPT PACKING pc=0x00000239155ac929 sp=0x00000055243fec90
Event: 5632.292 Thread 0x0000023930c63800 DEOPT UNPACKING pc=0x0000023914c2754e sp=0x00000055243fe210 mode 0
Event: 29360.630 Thread 0x0000023931082800 Uncommon trap: trap_request=0xffffff4d fr.pc=0x000002391c70dfec relative=0x000000000000166c
Event: 29360.630 Thread 0x0000023931082800 Uncommon trap: reason=unstable_if action=reinterpret pc=0x000002391c70dfec method=java.lang.ref.ReferenceQueue.poll()Ljava/lang/ref/Reference; @ 4 c2
Event: 29360.631 Thread 0x0000023931082800 DEOPT PACKING pc=0x000002391c70dfec sp=0x0000005523efdca0
Event: 29360.632 Thread 0x0000023931082800 DEOPT UNPACKING pc=0x0000023914c2772f sp=0x0000005523efdb38 mode 2
Event: 29360.632 Thread 0x0000023931082800 Uncommon trap: trap_request=0xffffff4d fr.pc=0x000002391c742bf8 relative=0x0000000000000058
Event: 29360.633 Thread 0x0000023931082800 Uncommon trap: reason=unstable_if action=reinterpret pc=0x000002391c742bf8 method=java.lang.ref.ReferenceQueue.poll()Ljava/lang/ref/Reference; @ 4 c2
Event: 29360.633 Thread 0x0000023931082800 DEOPT PACKING pc=0x000002391c742bf8 sp=0x0000005523efdba0
Event: 29360.633 Thread 0x0000023931082800 DEOPT UNPACKING pc=0x0000023914c2772f sp=0x0000005523efdb30 mode 2

Classes redefined (0 events):
No events

Internal exceptions (20 events):
Event: 0.234 Thread 0x000002390c59c800 Exception <a 'java/lang/NoSuchMethodError'{0x0000000711b68390}: 'java.lang.Object java.lang.invoke.DelegatingMethodHandle$Holder.reinvoke_L(java.lang.Object, int, int, java.lang.Object, java.lang.Object, java.lang.Object)'> (0x0000000711b68390) thrown at [./src/hotspot/share/interpreter/linkResolver.cpp, line 773]
Event: 0.235 Thread 0x000002390c59c800 Exception <a 'java/lang/NoSuchMethodError'{0x0000000711b6c470}: 'java.lang.Object java.lang.invoke.DirectMethodHandle$Holder.invokeStatic(java.lang.Object, java.lang.Object, java.lang.Object, java.lang.Object, int)'> (0x0000000711b6c470) thrown at [./src/hotspot/share/interpreter/linkResolver.cpp, line 773]
Event: 0.247 Thread 0x000002390c59c800 Exception <a 'java/io/FileNotFoundException'{0x0000000711bcefb8}> (0x0000000711bcefb8) thrown at [./src/hotspot/share/prims/jni.cpp, line 615]
Event: 0.341 Thread 0x0000023931082800 Exception <a 'java/lang/NoSuchMethodError'{0x0000000711a80798}: 'void java.lang.invoke.DirectMethodHandle$Holder.invokeSpecial(java.lang.Object, java.lang.Object)'> (0x0000000711a80798) thrown at [./src/hotspot/share/interpreter/linkResolver.cpp, line 773]
Event: 0.346 Thread 0x000002390c59c800 Exception <a 'java/lang/NoSuchMethodError'{0x0000000711afd9f8}: 'java.lang.Object java.lang.invoke.DirectMethodHandle$Holder.invokeStatic(java.lang.Object, java.lang.Object, java.lang.Object, java.lang.Object, java.lang.Object, java.lang.Object, java.lang.Object, java.lang.Object, int)'> (0x0000000711afd9f8) thrown at [./src/hotspot/share/interpreter/linkResolver.cpp, line 773]
Event: 0.348 Thread 0x000002390c59c800 Exception <a 'java/lang/NoSuchMethodError'{0x0000000711917df8}: 'java.lang.Object java.lang.invoke.DirectMethodHandle$Holder.invokeStatic(java.lang.Object, java.lang.Object, java.lang.Object, java.lang.Object, java.lang.Object, java.lang.Object, java.lang.Object, java.lang.Object, int, int)'> (0x0000000711917df8) thrown at [./src/hotspot/share/interpreter/linkResolver.cpp, line 773]
Event: 0.606 Thread 0x000002390c59c800 Exception <a 'java/lang/NoSuchMethodError'{0x00000007118301b0}: 'java.lang.Object java.lang.invoke.DirectMethodHandle$Holder.invokeStatic(java.lang.Object, int, java.lang.Object, java.lang.Object, java.lang.Object, java.lang.Object)'> (0x00000007118301b0) thrown at [./src/hotspot/share/interpreter/linkResolver.cpp, line 773]
Event: 0.607 Thread 0x000002390c59c800 Exception <a 'java/lang/NoSuchMethodError'{0x0000000711837270}: 'java.lang.Object java.lang.invoke.DirectMethodHandle$Holder.invokeStatic(java.lang.Object, int, java.lang.Object, java.lang.Object, java.lang.Object)'> (0x0000000711837270) thrown at [./src/hotspot/share/interpreter/linkResolver.cpp, line 773]
Event: 0.608 Thread 0x000002390c59c800 Exception <a 'java/lang/NoSuchMethodError'{0x000000071183adb8}: 'java.lang.Object java.lang.invoke.DirectMethodHandle$Holder.invokeSpecial(java.lang.Object, java.lang.Object, int, java.lang.Object, java.lang.Object, java.lang.Object)'> (0x000000071183adb8) thrown at [./src/hotspot/share/interpreter/linkResolver.cpp, line 773]
Event: 0.612 Thread 0x000002390c59c800 Exception <a 'java/lang/NoSuchMethodError'{0x0000000711852698}: 'java.lang.Object java.lang.invoke.DirectMethodHandle$Holder.invokeStatic(java.lang.Object, int, java.lang.Object)'> (0x0000000711852698) thrown at [./src/hotspot/share/interpreter/linkResolver.cpp, line 773]
Event: 0.644 Thread 0x000002390c59c800 Exception <a 'java/lang/ClassNotFoundException'{0x00000007118fd018}: com/sun/swing/internal/plaf/metal/resources/spi/metalProvider> (0x00000007118fd018) thrown at [./src/hotspot/share/classfile/systemDictionary.cpp, line 231]
Event: 0.645 Thread 0x000002390c59c800 Exception <a 'java/lang/ClassNotFoundException'{0x0000000711701888}: com/sun/swing/internal/plaf/basic/resources/spi/basicProvider> (0x0000000711701888) thrown at [./src/hotspot/share/classfile/systemDictionary.cpp, line 231]
Event: 0.756 Thread 0x000002390c59c800 Exception <a 'java/lang/NoSuchMethodError'{0x0000000711614280}: 'void java.lang.invoke.DirectMethodHandle$Holder.invokeStaticInit(java.lang.Object)'> (0x0000000711614280) thrown at [./src/hotspot/share/interpreter/linkResolver.cpp, line 773]
Event: 0.810 Thread 0x000002390c59c800 Exception <a 'java/lang/NoSuchMethodError'{0x000000071155a310}: 'java.lang.Object java.lang.invoke.DirectMethodHandle$Holder.invokeStatic(java.lang.Object, java.lang.Object, java.lang.Object, java.lang.Object, java.lang.Object, java.lang.Object, java.lang.Object, java.lang.Object, java.lang.Object, java.lang.Object, java.lang.Object, int)'> (0x000000071155a310) thrown at [./src/hotspot/share/interpreter/linkResolver.cpp, line 773]
Event: 0.813 Thread 0x000002390c59c800 Exception <a 'java/lang/NoSuchMethodError'{0x0000000711578518}: 'java.lang.Object java.lang.invoke.DirectMethodHandle$Holder.invokeStatic(java.lang.Object, java.lang.Object, java.lang.Object, java.lang.Object, java.lang.Object, java.lang.Object, java.lang.Object, java.lang.Object, java.lang.Object, java.lang.Object, java.lang.Object, int, int)'> (0x0000000711578518) thrown at [./src/hotspot/share/interpreter/linkResolver.cpp, line 773]
Event: 0.816 Thread 0x000002390c59c800 Exception <a 'java/lang/NoSuchMethodError'{0x00000007115976f0}: 'java.lang.Object java.lang.invoke.DirectMethodHandle$Holder.invokeStatic(java.lang.Object, java.lang.Object, java.lang.Object, java.lang.Object, java.lang.Object, java.lang.Object, java.lang.Object, java.lang.Object, java.lang.Object, java.lang.Object, java.lang.Object, int, int, java.lang.Object)'> (0x00000007115976f0) thrown at [./src/hotspot/share/interpreter/linkResolver.cpp, line 773]
Event: 0.818 Thread 0x000002390c59c800 Exception <a 'java/lang/NoSuchMethodError'{0x00000007115a36a0}: 'java.lang.Object java.lang.invoke.Invokers$Holder.linkToTargetMethod(java.lang.Object, int, java.lang.Object)'> (0x00000007115a36a0) thrown at [./src/hotspot/share/interpreter/linkResolver.cpp, line 773]
Event: 0.842 Thread 0x000002390c59c800 Exception <a 'java/lang/NoSuchMethodError'{0x00000007115ed268}: 'java.lang.Object java.lang.invoke.DirectMethodHandle$Holder.invokeStatic(java.lang.Object, java.lang.Object, java.lang.Object, java.lang.Object, java.lang.Object, java.lang.Object, java.lang.Object, java.lang.Object, java.lang.Object, java.lang.Object, java.lang.Object, int, int, java.lang.Object, java.lang.Object)'> (0x00000007115ed268) thrown at [./src/hotspot/share/interpreter/linkResolver.cpp, line 773]
Event: 8.813 Thread 0x0000023938d24000 Exception <a 'java/lang/NoSuchMethodError'{0x00000007112ffbc0}: 'int java.lang.invoke.DirectMethodHandle$Holder.invokeSpecialIFC(java.lang.Object, java.lang.Object, int)'> (0x00000007112ffbc0) thrown at [./src/hotspot/share/interpreter/linkResolver.cpp, line 773]
Event: 13.727 Thread 0x0000023938df9800 Implicit null exception at 0x000002391c73d477 to 0x000002391c73da64

Events (20 events):
Event: 14.082 Executing VM operation: RevokeBias
Event: 14.082 Executing VM operation: RevokeBias done
Event: 14.156 Executing VM operation: RevokeBias
Event: 14.156 Executing VM operation: RevokeBias done
Event: 14.442 Thread 0x000002393106a000 Thread exited: 0x000002393106a000
Event: 14.442 Thread 0x00000239315ca800 Thread exited: 0x00000239315ca800
Event: 15.192 loading class java/lang/Math$RandomNumberGeneratorHolder
Event: 15.192 loading class java/lang/Math$RandomNumberGeneratorHolder done
Event: 15.192 loading class java/util/Random
Event: 15.192 loading class java/util/Random done
Event: 19.048 Executing VM operation: RevokeBias
Event: 19.049 Executing VM operation: RevokeBias done
Event: 19.049 Thread 0x000002393880b000 Thread exited: 0x000002393880b000
Event: 19.052 Executing VM operation: RevokeBias
Event: 19.053 Executing VM operation: RevokeBias done
Event: 19.053 Thread 0x0000023938df9800 Thread exited: 0x0000023938df9800
Event: 1236.895 loading class java/awt/desktop/SystemSleepListener
Event: 1236.895 loading class java/awt/desktop/SystemEventListener
Event: 1236.895 loading class java/awt/desktop/SystemEventListener done
Event: 1236.895 loading class java/awt/desktop/SystemSleepListener done


Dynamic libraries:
0x00007ff753ad0000 - 0x00007ff753add000 	C:\Program Files\AdoptOpenJDK\jdk-11.0.8.10-hotspot\bin\javaw.exe
0x00007ffe556e0000 - 0x00007ffe558d0000 	C:\windows\SYSTEM32\ntdll.dll
0x00007ffe54dd0000 - 0x00007ffe54e82000 	C:\windows\System32\KERNEL32.DLL
0x00007ffe52f80000 - 0x00007ffe53225000 	C:\windows\System32\KERNELBASE.dll
0x00007ffe526a0000 - 0x00007ffe5279a000 	C:\windows\System32\ucrtbase.dll
0x00007ffe483a0000 - 0x00007ffe483b7000 	C:\Program Files\AdoptOpenJDK\jdk-11.0.8.10-hotspot\bin\jli.dll
0x00007ffe470c0000 - 0x00007ffe470d5000 	C:\Program Files\AdoptOpenJDK\jdk-11.0.8.10-hotspot\bin\VCRUNTIME140.dll
0x00007ffe54e90000 - 0x00007ffe55024000 	C:\windows\System32\USER32.dll
0x00007ffe53570000 - 0x00007ffe53591000 	C:\windows\System32\win32u.dll
0x00007ffe544b0000 - 0x00007ffe544d6000 	C:\windows\System32\GDI32.dll
0x00007ffe38c20000 - 0x00007ffe38ea4000 	C:\windows\WinSxS\amd64_microsoft.windows.common-controls_6595b64144ccf1df_6.0.18362.1139_none_9e7bf2d3e4605ac6\COMCTL32.dll
0x00007ffe532d0000 - 0x00007ffe53466000 	C:\windows\System32\gdi32full.dll
0x00007ffe53230000 - 0x00007ffe532ce000 	C:\windows\System32\msvcp_win.dll
0x00007ffe53790000 - 0x00007ffe5382e000 	C:\windows\System32\msvcrt.dll
0x00007ffe53f00000 - 0x00007ffe54235000 	C:\windows\System32\combase.dll
0x00007ffe54c50000 - 0x00007ffe54d70000 	C:\windows\System32\RPCRT4.dll
0x00007ffe53710000 - 0x00007ffe53790000 	C:\windows\System32\bcryptPrimitives.dll
0x00007ffe53bf0000 - 0x00007ffe53c1e000 	C:\windows\System32\IMM32.DLL
0x00007ffe20ac0000 - 0x00007ffe20b5b000 	C:\Program Files\AdoptOpenJDK\jdk-11.0.8.10-hotspot\bin\msvcp140.dll
0x00007ffe19b30000 - 0x00007ffe1a5ed000 	C:\Program Files\AdoptOpenJDK\jdk-11.0.8.10-hotspot\bin\server\jvm.dll
0x00007ffe54370000 - 0x00007ffe54413000 	C:\windows\System32\ADVAPI32.dll
0x00007ffe53c20000 - 0x00007ffe53cb7000 	C:\windows\System32\sechost.dll
0x00007ffe54360000 - 0x00007ffe54368000 	C:\windows\System32\PSAPI.DLL
0x00007ffe47130000 - 0x00007ffe47154000 	C:\windows\SYSTEM32\WINMM.dll
0x00007ffe4dd50000 - 0x00007ffe4dd59000 	C:\windows\SYSTEM32\WSOCK32.dll
0x00007ffe4da10000 - 0x00007ffe4da1a000 	C:\windows\SYSTEM32\VERSION.dll
0x00007ffe555d0000 - 0x00007ffe5563f000 	C:\windows\System32\WS2_32.dll
0x00007ffe47100000 - 0x00007ffe4712d000 	C:\windows\SYSTEM32\WINMMBASE.dll
0x00007ffe53470000 - 0x00007ffe534ba000 	C:\windows\System32\cfgmgr32.dll
0x00007ffe525d0000 - 0x00007ffe525e1000 	C:\windows\System32\kernel.appcore.dll
0x00007ffe47780000 - 0x00007ffe47790000 	C:\Program Files\AdoptOpenJDK\jdk-11.0.8.10-hotspot\bin\verify.dll
0x00007ffe50f60000 - 0x00007ffe51154000 	C:\windows\SYSTEM32\DBGHELP.DLL
0x00007ffe48f10000 - 0x00007ffe48f3a000 	C:\windows\SYSTEM32\dbgcore.DLL
0x00007ffe45790000 - 0x00007ffe457b8000 	C:\Program Files\AdoptOpenJDK\jdk-11.0.8.10-hotspot\bin\java.dll
0x00007ffe45880000 - 0x00007ffe4588a000 	C:\Program Files\AdoptOpenJDK\jdk-11.0.8.10-hotspot\bin\jimage.dll
0x00007ffe45820000 - 0x00007ffe45837000 	C:\Program Files\AdoptOpenJDK\jdk-11.0.8.10-hotspot\bin\zip.dll
0x00007ffe544e0000 - 0x00007ffe54bc7000 	C:\windows\System32\SHELL32.dll
0x00007ffe53b40000 - 0x00007ffe53be9000 	C:\windows\System32\shcore.dll
0x00007ffe527a0000 - 0x00007ffe52f20000 	C:\windows\System32\windows.storage.dll
0x00007ffe52640000 - 0x00007ffe52663000 	C:\windows\System32\profapi.dll
0x00007ffe525f0000 - 0x00007ffe5263a000 	C:\windows\System32\powrprof.dll
0x00007ffe525a0000 - 0x00007ffe525b0000 	C:\windows\System32\UMPDC.dll
0x00007ffe54d70000 - 0x00007ffe54dc2000 	C:\windows\System32\shlwapi.dll
0x00007ffe536f0000 - 0x00007ffe53707000 	C:\windows\System32\cryptsp.dll
0x00007ffe1e4b0000 - 0x00007ffe1e649000 	C:\Program Files\AdoptOpenJDK\jdk-11.0.8.10-hotspot\bin\awt.dll
0x00007ffe55500000 - 0x00007ffe555c5000 	C:\windows\System32\OLEAUT32.dll
0x00007ffe50490000 - 0x00007ffe5051f000 	C:\windows\SYSTEM32\apphelp.dll
0x00007ffe50b10000 - 0x00007ffe50b3d000 	C:\windows\system32\DWMAPI.DLL
0x00007ffe505e0000 - 0x00007ffe50679000 	C:\windows\system32\uxtheme.dll
0x00007ffe104b0000 - 0x00007ffe10606000 	C:\windows\system32\opengl32.dll
0x00007ffe40e30000 - 0x00007ffe40e5c000 	C:\windows\SYSTEM32\GLU32.dll
0x00007ffe51260000 - 0x00007ffe51280000 	C:\windows\SYSTEM32\dxcore.dll
0x00007ffe53a00000 - 0x00007ffe53b35000 	C:\windows\System32\MSCTF.dll
0x00007ffe53cc0000 - 0x00007ffe53e17000 	C:\windows\System32\ole32.dll
0x00007ffe48120000 - 0x00007ffe482e7000 	C:\windows\system32\d3d9.dll
0x00007ffe44ac0000 - 0x00007ffe44bc2000 	C:\windows\System32\DriverStore\FileRepository\nvhm.inf_amd64_29aa1637e8e39f9a\nvldumdx.dll
0x00007ffe535a0000 - 0x00007ffe536e9000 	C:\windows\System32\crypt32.dll
0x00007ffe525b0000 - 0x00007ffe525c2000 	C:\windows\System32\MSASN1.dll
0x00007ffe48fa0000 - 0x00007ffe48fcf000 	C:\windows\SYSTEM32\cryptnet.dll
0x00007ffe51fc0000 - 0x00007ffe51fcc000 	C:\windows\SYSTEM32\cryptbase.dll
0x00007ffe52f20000 - 0x00007ffe52f7c000 	C:\windows\System32\WINTRUST.DLL
0x00007ffe53830000 - 0x00007ffe5384d000 	C:\windows\System32\imagehlp.dll
0x00007ffe51960000 - 0x00007ffe51993000 	C:\windows\system32\rsaenh.dll
0x00007ffe52670000 - 0x00007ffe52696000 	C:\windows\System32\bcrypt.dll
0x00007ffe134f0000 - 0x00007ffe14c92000 	C:\windows\System32\DriverStore\FileRepository\nvhm.inf_amd64_29aa1637e8e39f9a\nvd3dumx.dll
0x00007ffe15aa0000 - 0x00007ffe15d52000 	C:\windows\system32\nvspcap64.dll
0x00007ffe515e0000 - 0x00007ffe51611000 	C:\windows\SYSTEM32\ntmarta.dll
0x00007ffe511a0000 - 0x00007ffe511c2000 	C:\windows\SYSTEM32\gpapi.dll
0x00007ffe412e0000 - 0x00007ffe41362000 	C:\Program Files\AdoptOpenJDK\jdk-11.0.8.10-hotspot\bin\freetype.dll
0x00007ffe1eed0000 - 0x00007ffe1ef76000 	C:\Program Files\AdoptOpenJDK\jdk-11.0.8.10-hotspot\bin\fontmanager.dll
0x00007ffe456f0000 - 0x00007ffe45709000 	C:\Program Files\AdoptOpenJDK\jdk-11.0.8.10-hotspot\bin\net.dll
0x00007ffe45bc0000 - 0x00007ffe45cb0000 	C:\windows\SYSTEM32\WINHTTP.dll
0x00007ffe51df0000 - 0x00007ffe51e57000 	C:\windows\system32\mswsock.dll
0x00007ffe456d0000 - 0x00007ffe456e2000 	C:\Program Files\AdoptOpenJDK\jdk-11.0.8.10-hotspot\bin\nio.dll
0x00007ffe3f1c0000 - 0x00007ffe3f25e000 	C:\windows\System32\TextInputFramework.dll
0x00007ffe4fe90000 - 0x00007ffe4ff64000 	C:\windows\System32\CoreMessaging.dll
0x00007ffe46ad0000 - 0x00007ffe46dfa000 	C:\windows\System32\CoreUIComponents.dll
0x00007ffe4e1e0000 - 0x00007ffe4e333000 	C:\windows\SYSTEM32\wintypes.dll
0x00007ffe3dc90000 - 0x00007ffe3df37000 	C:\windows\System32\iertutil.dll
0x00007ffe542b0000 - 0x00007ffe54352000 	C:\windows\System32\clbcatq.dll
0x00007ffe46920000 - 0x00007ffe46acf000 	C:\windows\SYSTEM32\WindowsCodecs.dll
0x00007ffe2c770000 - 0x00007ffe2c7aa000 	C:\windows\system32\dataexchange.dll
0x00007ffe4fa40000 - 0x00007ffe4fc9b000 	C:\windows\system32\d3d11.dll
0x00007ffe4fca0000 - 0x00007ffe4fe7d000 	C:\windows\system32\dcomp.dll
0x00007ffe51280000 - 0x00007ffe5136b000 	C:\windows\system32\dxgi.dll
0x00007ffe506a0000 - 0x00007ffe50902000 	C:\windows\system32\twinapi.appcore.dll
0x00007ffe50a00000 - 0x00007ffe50a29000 	C:\windows\system32\RMCLIENT.dll
0x00007ffe47720000 - 0x00007ffe4774d000 	C:\Program Files\AdoptOpenJDK\jdk-11.0.8.10-hotspot\bin\javajpeg.dll

dbghelp: loaded successfully - version: 4.0.5 - missing functions: none
symbol engine: initialized successfully - sym options: 0x614 - pdb path: .;C:\Program Files\AdoptOpenJDK\jdk-11.0.8.10-hotspot\bin;C:\windows\SYSTEM32;C:\windows\WinSxS\amd64_microsoft.windows.common-controls_6595b64144ccf1df_6.0.18362.1139_none_9e7bf2d3e4605ac6;C:\Program Files\AdoptOpenJDK\jdk-11.0.8.10-hotspot\bin\server;C:\windows\System32\DriverStore\FileRepository\nvhm.inf_amd64_29aa1637e8e39f9a

VM Arguments:
jvm_args: -Dfile.encoding=Cp1252 
java_command: Main
java_class_path (initial): D:\Ohjelmoinnit\R0317\Ventti\bin
Launcher Type: SUN_STANDARD

[Global flags]
     intx CICompilerCount                          = 4                                         {product} {ergonomic}
     uint ConcGCThreads                            = 2                                         {product} {ergonomic}
     uint G1ConcRefinementThreads                  = 8                                         {product} {ergonomic}
   size_t G1HeapRegionSize                         = 1048576                                   {product} {ergonomic}
    uintx GCDrainStackTargetSize                   = 64                                        {product} {ergonomic}
   size_t InitialHeapSize                          = 268435456                                 {product} {ergonomic}
   size_t MarkStackSize                            = 4194304                                   {product} {ergonomic}
   size_t MaxHeapSize                              = 4263510016                                {product} {ergonomic}
   size_t MaxNewSize                               = 2557476864                                {product} {ergonomic}
   size_t MinHeapDeltaBytes                        = 1048576                                   {product} {ergonomic}
    uintx NonNMethodCodeHeapSize                   = 5836300                                {pd product} {ergonomic}
    uintx NonProfiledCodeHeapSize                  = 122910970                              {pd product} {ergonomic}
    uintx ProfiledCodeHeapSize                     = 122910970                              {pd product} {ergonomic}
    uintx ReservedCodeCacheSize                    = 251658240                              {pd product} {ergonomic}
     bool SegmentedCodeCache                       = true                                      {product} {ergonomic}
     bool UseCompressedClassPointers               = true                                 {lp64_product} {ergonomic}
     bool UseCompressedOops                        = true                                 {lp64_product} {ergonomic}
     bool UseG1GC                                  = true                                      {product} {ergonomic}
     bool UseLargePagesIndividualAllocation        = false                                  {pd product} {ergonomic}

Logging:
Log output configuration:
 #0: stdout all=warning uptime,level,tags
 #1: stderr all=off uptime,level,tags

Environment Variables:
JAVA_HOME=C:\Program Files\AdoptOpenJDK\jdk-11.0.8.10-hotspot\
PATH=C:/Users/mkarh/.p2/pool/plugins/org.eclipse.justj.openjdk.hotspot.jre.full.win32.x86_64_14.0.2.v20200815-0932/jre/bin/server;C:/Users/mkarh/.p2/pool/plugins/org.eclipse.justj.openjdk.hotspot.jre.full.win32.x86_64_14.0.2.v20200815-0932/jre/bin;D:\ohjelmia\Python\Python39\Scripts\;D:\ohjelmia\Python\Python39\;C:\windows\system32;C:\windows;C:\windows\System32\Wbem;C:\windows\System32\WindowsPowerShell\v1.0\;C:\windows\System32\OpenSSH\;C:\Program Files (x86)\NVIDIA Corporation\PhysX\Common;C:\Program Files\NVIDIA Corporation\NVIDIA NvDLISR;D:\ohjelmia\node-js\;C:\ProgramData\chocolatey\bin;C:\Program Files\Git\cmd;C:\apache-ant-1.10.8-bin\apache-ant-1.10.8;C:\apache-maven-3.6.3;C:\Program Files\Java\jdk-14.0.2;C:\Program Files\dotnet\;C:\Program Files (x86)\Common Files\Oracle\Java\javapath;C:\Program Files\AdoptOpenJDK\jdk-11.0.8.10-hotspot;C:\Users\mkarh\AppData\Local\Microsoft\WindowsApps;C:\Users\mkarh\AppData\Local\Programs\Microsoft VS Code\bin;C:\Users\mkarh\AppData\Roaming\npm;C:\Users\mkarh\AppData\Local\GitHubDesktop\bin;C:\Users\mkarh\.dotnet\tools;C:\windows\system32;
USERNAME=mkarh
OS=Windows_NT
PROCESSOR_IDENTIFIER=Intel64 Family 6 Model 158 Stepping 10, GenuineIntel



---------------  S Y S T E M  ---------------

OS: Windows 10 , 64 bit Build 18362 (10.0.18362.1110)
OS uptime: 10 days 22:31 hours

CPU:total 8 (initial active 8) (4 cores per cpu, 2 threads per core) family 6 model 158 stepping 10, cmov, cx8, fxsr, mmx, sse, sse2, sse3, ssse3, sse4.1, sse4.2, popcnt, avx, avx2, aes, clmul, erms, 3dnowpref, lzcnt, ht, tsc, tscinvbit, bmi1, bmi2, adx, fma

Memory: 4k page, system-wide physical 16262M (2461M free)
TotalPageFile size 65414M (AvailPageFile size 0M)
current process WorkingSet (physical memory assigned to process): 39M, peak: 137M
current process commit charge ("private bytes"): 409M, peak: 431M

vm_info: OpenJDK 64-Bit Server VM (11.0.8+10) for windows-amd64 JRE (11.0.8+10), built on Jul 15 2020 11:45:54 by "" with MS VC++ 15.9 (VS2017)

END.
