#
# There is insufficient memory for the Java Runtime Environment to continue.
# Native memory allocation (mmap) failed to map 268435456 bytes for Failed to commit area from 0x0000000701e00000 to 0x0000000711e00000 of length 268435456.
# Possible reasons:
#   The system is out of physical RAM or swap space
#   The process is running with CompressedOops enabled, and the Java Heap may be blocking the growth of the native heap
# Possible solutions:
#   Reduce memory load on the system
#   Increase physical memory or swap space
#   Check if swap backing store is full
#   Decrease Java heap size (-Xmx/-Xms)
#   Decrease number of Java threads
#   Decrease Java thread stack sizes (-Xss)
#   Set larger code cache with -XX:ReservedCodeCacheSize=
# This output file may be truncated or incomplete.
#
#  Out of Memory Error (./src/hotspot/os/windows/os_windows.cpp:3303), pid=12700, tid=49432
#
# JRE version:  (11.0.8+10) (build )
# Java VM: OpenJDK 64-Bit Server VM (11.0.8+10, mixed mode, sharing, tiered, compressed oops, g1 gc, windows-amd64)
# No core dump will be written. Minidumps are not enabled by default on client versions of Windows
#

---------------  S U M M A R Y ------------

Command Line: -Dfile.encoding=Cp1252 Main

Host: Intel(R) Core(TM) i5-9300H CPU @ 2.40GHz, 8 cores, 15G,  Windows 10 , 64 bit Build 18362 (10.0.18362.1110)
Time: Mon Oct 19 22:14:55 2020 Suomen kesäaika elapsed time: 0 seconds (0d 0h 0m 0s)

---------------  T H R E A D  ---------------

Current thread (0x000001f91295b800):  JavaThread "Unknown thread" [_thread_in_vm, id=49432, stack(0x000000bab0e00000,0x000000bab0f00000)]

Stack: [0x000000bab0e00000,0x000000bab0f00000]
Native frames: (J=compiled Java code, j=interpreted, Vv=VM code, C=native code)
V  [jvm.dll+0x5dfa5a]
V  [jvm.dll+0x7175ce]
V  [jvm.dll+0x718c9f]
V  [jvm.dll+0x719363]
V  [jvm.dll+0x240e48]
V  [jvm.dll+0x5dccca]
V  [jvm.dll+0x5d1935]
V  [jvm.dll+0x2f650c]
V  [jvm.dll+0x2f6392]
V  [jvm.dll+0x2fb046]
V  [jvm.dll+0x33f06f]
V  [jvm.dll+0x33eaa0]
V  [jvm.dll+0x2d38d8]
V  [jvm.dll+0x2d4a26]
V  [jvm.dll+0x6f32c7]
V  [jvm.dll+0x6f4a4f]
V  [jvm.dll+0x34bdf9]
V  [jvm.dll+0x6d66d0]
V  [jvm.dll+0x3b32ef]
V  [jvm.dll+0x3b55a1]
C  [jli.dll+0x520b]
C  [ucrtbase.dll+0x210b2]
C  [KERNEL32.DLL+0x17c24]
C  [ntdll.dll+0x6cea1]


---------------  P R O C E S S  ---------------

Threads class SMR info:
_java_thread_list=0x000001f912855dc0, length=0, elements={
}

Java Threads: ( => current thread )

Other Threads:
  0x000001f912972000 GCTaskThread "GC Thread#0" [stack: 0x000000bab0f00000,0x000000bab1000000] [id=44100]
  0x000001f9129d2000 ConcurrentGCThread "G1 Main Marker" [stack: 0x000000bab1000000,0x000000bab1100000] [id=49556]
  0x000001f9129d3800 ConcurrentGCThread "G1 Conc#0" [stack: 0x000000bab1100000,0x000000bab1200000] [id=35052]

[error occurred during error reporting (printing all threads), id 0xc0000005, EXCEPTION_ACCESS_VIOLATION (0xc0000005) at pc=0x00007ffdc2472f27]

VM state:not at safepoint (not fully initialized)

VM Mutex/Monitor currently owned by a thread:  ([mutex/lock_event])
[0x000001f912957bc0] Heap_lock - owner thread: 0x000001f91295b800

Heap address: 0x0000000701e00000, size: 4066 MB, Compressed Oops mode: Non-zero based: 0x0000000701e00000
Narrow klass base: 0x0000000000000000, Narrow klass shift: 0

GC Heap History (0 events):
No events

Deoptimization events (0 events):
No events

Classes redefined (0 events):
No events

Internal exceptions (0 events):
No events

Events (1 events):
Event: 0.011 Loaded shared library C:\Program Files\AdoptOpenJDK\jdk-11.0.8.10-hotspot\bin\zip.dll


Dynamic libraries:
0x00007ff723a60000 - 0x00007ff723a6d000 	C:\Program Files\AdoptOpenJDK\jdk-11.0.8.10-hotspot\bin\javaw.exe
0x00007ffe556e0000 - 0x00007ffe558d0000 	C:\windows\SYSTEM32\ntdll.dll
0x00007ffe54dd0000 - 0x00007ffe54e82000 	C:\windows\System32\KERNEL32.DLL
0x00007ffe52f80000 - 0x00007ffe53225000 	C:\windows\System32\KERNELBASE.dll
0x00007ffe526a0000 - 0x00007ffe5279a000 	C:\windows\System32\ucrtbase.dll
0x00007ffe4d3f0000 - 0x00007ffe4d407000 	C:\Program Files\AdoptOpenJDK\jdk-11.0.8.10-hotspot\bin\jli.dll
0x00007ffe47b10000 - 0x00007ffe47b25000 	C:\Program Files\AdoptOpenJDK\jdk-11.0.8.10-hotspot\bin\VCRUNTIME140.dll
0x00007ffe54e90000 - 0x00007ffe55024000 	C:\windows\System32\USER32.dll
0x00007ffe53570000 - 0x00007ffe53591000 	C:\windows\System32\win32u.dll
0x00007ffe544b0000 - 0x00007ffe544d6000 	C:\windows\System32\GDI32.dll
0x00007ffe532d0000 - 0x00007ffe53466000 	C:\windows\System32\gdi32full.dll
0x00007ffe38c20000 - 0x00007ffe38ea4000 	C:\windows\WinSxS\amd64_microsoft.windows.common-controls_6595b64144ccf1df_6.0.18362.1139_none_9e7bf2d3e4605ac6\COMCTL32.dll
0x00007ffe53230000 - 0x00007ffe532ce000 	C:\windows\System32\msvcp_win.dll
0x00007ffe53790000 - 0x00007ffe5382e000 	C:\windows\System32\msvcrt.dll
0x00007ffe53f00000 - 0x00007ffe54235000 	C:\windows\System32\combase.dll
0x00007ffe54c50000 - 0x00007ffe54d70000 	C:\windows\System32\RPCRT4.dll
0x00007ffe53710000 - 0x00007ffe53790000 	C:\windows\System32\bcryptPrimitives.dll
0x00007ffe53bf0000 - 0x00007ffe53c1e000 	C:\windows\System32\IMM32.DLL
0x00007ffe3f7b0000 - 0x00007ffe3f84b000 	C:\Program Files\AdoptOpenJDK\jdk-11.0.8.10-hotspot\bin\msvcp140.dll
0x00007ffdc2190000 - 0x00007ffdc2c4d000 	C:\Program Files\AdoptOpenJDK\jdk-11.0.8.10-hotspot\bin\server\jvm.dll
0x00007ffe54370000 - 0x00007ffe54413000 	C:\windows\System32\ADVAPI32.dll
0x00007ffe53c20000 - 0x00007ffe53cb7000 	C:\windows\System32\sechost.dll
0x00007ffe54360000 - 0x00007ffe54368000 	C:\windows\System32\PSAPI.DLL
0x00007ffe4dd50000 - 0x00007ffe4dd59000 	C:\windows\SYSTEM32\WSOCK32.dll
0x00007ffe47130000 - 0x00007ffe47154000 	C:\windows\SYSTEM32\WINMM.dll
0x00007ffe4da10000 - 0x00007ffe4da1a000 	C:\windows\SYSTEM32\VERSION.dll
0x00007ffe555d0000 - 0x00007ffe5563f000 	C:\windows\System32\WS2_32.dll
0x00007ffe47100000 - 0x00007ffe4712d000 	C:\windows\SYSTEM32\winmmbase.dll
0x00007ffe53470000 - 0x00007ffe534ba000 	C:\windows\System32\cfgmgr32.dll
0x00007ffe525d0000 - 0x00007ffe525e1000 	C:\windows\System32\kernel.appcore.dll
0x00007ffe4d3e0000 - 0x00007ffe4d3f0000 	C:\Program Files\AdoptOpenJDK\jdk-11.0.8.10-hotspot\bin\verify.dll
0x00007ffe50f60000 - 0x00007ffe51154000 	C:\windows\SYSTEM32\DBGHELP.DLL
0x00007ffe48f10000 - 0x00007ffe48f3a000 	C:\windows\SYSTEM32\dbgcore.DLL
0x00007ffe47760000 - 0x00007ffe47788000 	C:\Program Files\AdoptOpenJDK\jdk-11.0.8.10-hotspot\bin\java.dll
0x00007ffe47b00000 - 0x00007ffe47b0a000 	C:\Program Files\AdoptOpenJDK\jdk-11.0.8.10-hotspot\bin\jimage.dll
0x00007ffe47740000 - 0x00007ffe47757000 	C:\Program Files\AdoptOpenJDK\jdk-11.0.8.10-hotspot\bin\zip.dll

dbghelp: loaded successfully - version: 4.0.5 - missing functions: none
symbol engine: initialized successfully - sym options: 0x614 - pdb path: .;C:\Program Files\AdoptOpenJDK\jdk-11.0.8.10-hotspot\bin;C:\windows\SYSTEM32;C:\windows\WinSxS\amd64_microsoft.windows.common-controls_6595b64144ccf1df_6.0.18362.1139_none_9e7bf2d3e4605ac6;C:\Program Files\AdoptOpenJDK\jdk-11.0.8.10-hotspot\bin\server

VM Arguments:
jvm_args: -Dfile.encoding=Cp1252 
java_command: Main
java_class_path (initial): D:\Ohjelmoinnit\R0317\Ventti\bin
Launcher Type: SUN_STANDARD

[Global flags]
     intx CICompilerCount                          = 4                                         {product} {ergonomic}
     uint ConcGCThreads                            = 2                                         {product} {ergonomic}
     uint G1ConcRefinementThreads                  = 8                                         {product} {ergonomic}
   size_t G1HeapRegionSize                         = 1048576                                   {product} {ergonomic}
    uintx GCDrainStackTargetSize                   = 64                                        {product} {ergonomic}
   size_t InitialHeapSize                          = 268435456                                 {product} {ergonomic}
   size_t MarkStackSize                            = 4194304                                   {product} {ergonomic}
   size_t MaxHeapSize                              = 4263510016                                {product} {ergonomic}
   size_t MinHeapDeltaBytes                        = 1048576                                   {product} {ergonomic}
    uintx NonNMethodCodeHeapSize                   = 5836300                                {pd product} {ergonomic}
    uintx NonProfiledCodeHeapSize                  = 122910970                              {pd product} {ergonomic}
    uintx ProfiledCodeHeapSize                     = 122910970                              {pd product} {ergonomic}
    uintx ReservedCodeCacheSize                    = 251658240                              {pd product} {ergonomic}
     bool SegmentedCodeCache                       = true                                      {product} {ergonomic}
     bool UseCompressedClassPointers               = true                                 {lp64_product} {ergonomic}
     bool UseCompressedOops                        = true                                 {lp64_product} {ergonomic}
     bool UseG1GC                                  = true                                      {product} {ergonomic}
     bool UseLargePagesIndividualAllocation        = false                                  {pd product} {ergonomic}

Logging:
Log output configuration:
 #0: stdout all=warning uptime,level,tags
 #1: stderr all=off uptime,level,tags

Environment Variables:
JAVA_HOME=C:\Program Files\AdoptOpenJDK\jdk-11.0.8.10-hotspot\
PATH=C:/Users/mkarh/.p2/pool/plugins/org.eclipse.justj.openjdk.hotspot.jre.full.win32.x86_64_14.0.2.v20200815-0932/jre/bin/server;C:/Users/mkarh/.p2/pool/plugins/org.eclipse.justj.openjdk.hotspot.jre.full.win32.x86_64_14.0.2.v20200815-0932/jre/bin;D:\ohjelmia\Python\Python39\Scripts\;D:\ohjelmia\Python\Python39\;C:\windows\system32;C:\windows;C:\windows\System32\Wbem;C:\windows\System32\WindowsPowerShell\v1.0\;C:\windows\System32\OpenSSH\;C:\Program Files (x86)\NVIDIA Corporation\PhysX\Common;C:\Program Files\NVIDIA Corporation\NVIDIA NvDLISR;D:\ohjelmia\node-js\;C:\ProgramData\chocolatey\bin;C:\Program Files\Git\cmd;C:\apache-ant-1.10.8-bin\apache-ant-1.10.8;C:\apache-maven-3.6.3;C:\Program Files\Java\jdk-14.0.2;C:\Program Files\dotnet\;C:\Program Files (x86)\Common Files\Oracle\Java\javapath;C:\Program Files\AdoptOpenJDK\jdk-11.0.8.10-hotspot;C:\Users\mkarh\AppData\Local\Microsoft\WindowsApps;C:\Users\mkarh\AppData\Local\Programs\Microsoft VS Code\bin;C:\Users\mkarh\AppData\Roaming\npm;C:\Users\mkarh\AppData\Local\GitHubDesktop\bin;C:\Users\mkarh\.dotnet\tools;C:\windows\system32;
USERNAME=mkarh
OS=Windows_NT
PROCESSOR_IDENTIFIER=Intel64 Family 6 Model 158 Stepping 10, GenuineIntel



---------------  S Y S T E M  ---------------

OS: Windows 10 , 64 bit Build 18362 (10.0.18362.1110)
OS uptime: 4 days 22:07 hours

CPU:total 8 (initial active 8) (4 cores per cpu, 2 threads per core) family 6 model 158 stepping 10, cmov, cx8, fxsr, mmx, sse, sse2, sse3, ssse3, sse4.1, sse4.2, popcnt, avx, avx2, aes, clmul, erms, 3dnowpref, lzcnt, ht, tsc, tscinvbit, bmi1, bmi2, adx, fma

Memory: 4k page, system-wide physical 16262M (4080M free)
TotalPageFile size 65402M (AvailPageFile size 190M)
current process WorkingSet (physical memory assigned to process): 10M, peak: 10M
current process commit charge ("private bytes"): 60M, peak: 316M

vm_info: OpenJDK 64-Bit Server VM (11.0.8+10) for windows-amd64 JRE (11.0.8+10), built on Jul 15 2020 11:45:54 by "" with MS VC++ 15.9 (VS2017)

END.
