#
# There is insufficient memory for the Java Runtime Environment to continue.
# Native memory allocation (malloc) failed to allocate 32744 bytes for ChunkPool::allocate
# Possible reasons:
#   The system is out of physical RAM or swap space
#   The process is running with CompressedOops enabled, and the Java Heap may be blocking the growth of the native heap
# Possible solutions:
#   Reduce memory load on the system
#   Increase physical memory or swap space
#   Check if swap backing store is full
#   Decrease Java heap size (-Xmx/-Xms)
#   Decrease number of Java threads
#   Decrease Java thread stack sizes (-Xss)
#   Set larger code cache with -XX:ReservedCodeCacheSize=
#   JVM is running with Zero Based Compressed Oops mode in which the Java heap is
#     placed in the first 32GB address space. The Java Heap base address is the
#     maximum limit for the native heap growth. Please use -XX:HeapBaseMinAddress
#     to set the Java Heap base and to place the Java Heap above 32GB virtual address.
# This output file may be truncated or incomplete.
#
#  Out of Memory Error (./src/hotspot/share/memory/arena.cpp:81), pid=55612, tid=17248
#
# JRE version: OpenJDK Runtime Environment AdoptOpenJDK (11.0.8+10) (build 11.0.8+10)
# Java VM: OpenJDK 64-Bit Server VM AdoptOpenJDK (11.0.8+10, mixed mode, tiered, compressed oops, g1 gc, windows-amd64)
# No core dump will be written. Minidumps are not enabled by default on client versions of Windows
#

---------------  S U M M A R Y ------------

Command Line: -Dfile.encoding=Cp1252 Main

Host: Intel(R) Core(TM) i5-9300H CPU @ 2.40GHz, 8 cores, 15G,  Windows 10 , 64 bit Build 18362 (10.0.18362.1110)
Time: Sun Oct 25 21:38:13 2020 Suomen normaaliaika elapsed time: 13883 seconds (0d 3h 51m 23s)

---------------  T H R E A D  ---------------

Current thread (0x000001ba7f4b2800):  JavaThread "C1 CompilerThread0" daemon [_thread_in_native, id=17248, stack(0x00000093f0400000,0x00000093f0500000)]


Current CompileTask:
C1:13883293 2438   !   3       java.util.concurrent.ConcurrentHashMap::replaceNode (437 bytes)

Stack: [0x00000093f0400000,0x00000093f0500000]
Native frames: (J=compiled Java code, j=interpreted, Vv=VM code, C=native code)
V  [jvm.dll+0x5dfa5a]
V  [jvm.dll+0x7175ce]
V  [jvm.dll+0x718c9f]
V  [jvm.dll+0x719363]
V  [jvm.dll+0x240e48]
V  [jvm.dll+0xb9a4b]
V  [jvm.dll+0xb9dac]
V  [jvm.dll+0xc566a]
V  [jvm.dll+0x1567ff]
V  [jvm.dll+0x14da0d]
V  [jvm.dll+0x14ae7e]
V  [jvm.dll+0x137360]
V  [jvm.dll+0x11f079]
V  [jvm.dll+0x11e97f]
V  [jvm.dll+0x11ebaf]
V  [jvm.dll+0x11de57]
V  [jvm.dll+0x11fd67]
V  [jvm.dll+0x208f27]
V  [jvm.dll+0x20710b]
V  [jvm.dll+0x6dc339]
V  [jvm.dll+0x6d53e4]
V  [jvm.dll+0x5de996]
C  [ucrtbase.dll+0x210b2]
C  [KERNEL32.DLL+0x17c24]
C  [ntdll.dll+0x6cea1]


---------------  P R O C E S S  ---------------

Threads class SMR info:
_java_thread_list=0x000001ba11bd09f0, length=16, elements={
0x000001ba7ebf8800, 0x000001ba7ebef000, 0x000001ba7f4fb800, 0x000001ba7f4fc800,
0x000001ba7f4ff000, 0x000001ba7f4b2800, 0x000001ba7f505000, 0x000001ba7f67e800,
0x000001ba7f684000, 0x000001ba0a0b4000, 0x000001ba0a0d8000, 0x000001ba0a0c8000,
0x000001ba11898800, 0x000001ba64eda800, 0x000001ba0a673000, 0x000001ba11a8b000
}

Java Threads: ( => current thread )
  0x000001ba7ebf8800 JavaThread "Reference Handler" daemon [_thread_blocked, id=30048, stack(0x00000093eff00000,0x00000093f0000000)]
  0x000001ba7ebef000 JavaThread "Finalizer" daemon [_thread_blocked, id=36604, stack(0x00000093f0000000,0x00000093f0100000)]
  0x000001ba7f4fb800 JavaThread "Signal Dispatcher" daemon [_thread_blocked, id=43180, stack(0x00000093f0100000,0x00000093f0200000)]
  0x000001ba7f4fc800 JavaThread "Attach Listener" daemon [_thread_blocked, id=61136, stack(0x00000093f0200000,0x00000093f0300000)]
  0x000001ba7f4ff000 JavaThread "C2 CompilerThread0" daemon [_thread_blocked, id=61220, stack(0x00000093f0300000,0x00000093f0400000)]
=>0x000001ba7f4b2800 JavaThread "C1 CompilerThread0" daemon [_thread_in_native, id=17248, stack(0x00000093f0400000,0x00000093f0500000)]
  0x000001ba7f505000 JavaThread "Sweeper thread" daemon [_thread_blocked, id=25116, stack(0x00000093f0500000,0x00000093f0600000)]
  0x000001ba7f67e800 JavaThread "Service Thread" daemon [_thread_blocked, id=64668, stack(0x00000093f0600000,0x00000093f0700000)]
  0x000001ba7f684000 JavaThread "Common-Cleaner" daemon [_thread_blocked, id=6688, stack(0x00000093f0800000,0x00000093f0900000)]
  0x000001ba0a0b4000 JavaThread "Java2D Disposer" daemon [_thread_blocked, id=57984, stack(0x00000093f0900000,0x00000093f0a00000)]
  0x000001ba0a0d8000 JavaThread "AWT-Shutdown" [_thread_blocked, id=35232, stack(0x00000093f0a00000,0x00000093f0b00000)]
  0x000001ba0a0c8000 JavaThread "AWT-Windows" daemon [_thread_in_native, id=42676, stack(0x00000093f0b00000,0x00000093f0c00000)]
  0x000001ba11898800 JavaThread "AWT-EventQueue-0" [_thread_in_native, id=47732, stack(0x00000093f0f00000,0x00000093f1000000)]
  0x000001ba64eda800 JavaThread "DestroyJavaVM" [_thread_blocked, id=62352, stack(0x00000093ef800000,0x00000093ef900000)]
  0x000001ba0a673000 JavaThread "D3D Screen Updater" daemon [_thread_blocked, id=64876, stack(0x00000093f1000000,0x00000093f1100000)]
  0x000001ba11a8b000 JavaThread "TimerQueue" daemon [_thread_blocked, id=55044, stack(0x00000093f1300000,0x00000093f1400000)]

Other Threads:
  0x000001ba7ebe4000 VMThread "VM Thread" [stack: 0x00000093efe00000,0x00000093eff00000] [id=20352]
  0x000001ba7f681800 WatcherThread [stack: 0x00000093f0700000,0x00000093f0800000] [id=14572]
  0x000001ba64ef1000 GCTaskThread "GC Thread#0" [stack: 0x00000093ef900000,0x00000093efa00000] [id=50244]
  0x000001ba12453000 GCTaskThread "GC Thread#1" [stack: 0x00000093f1600000,0x00000093f1700000] [id=17200]
  0x000001ba0a6b6800 GCTaskThread "GC Thread#2" [stack: 0x00000093f1700000,0x00000093f1800000] [id=62120]
  0x000001ba12585800 GCTaskThread "GC Thread#3" [stack: 0x00000093f1800000,0x00000093f1900000] [id=24736]
  0x000001ba12378800 GCTaskThread "GC Thread#4" [stack: 0x00000093f1900000,0x00000093f1a00000] [id=46260]
  0x000001ba12379800 GCTaskThread "GC Thread#5" [stack: 0x00000093f1a00000,0x00000093f1b00000] [id=20948]
  0x000001ba64f52000 ConcurrentGCThread "G1 Main Marker" [stack: 0x00000093efa00000,0x00000093efb00000] [id=21816]
  0x000001ba64f53800 ConcurrentGCThread "G1 Conc#0" [stack: 0x00000093efb00000,0x00000093efc00000] [id=52684]
  0x000001ba7eace800 ConcurrentGCThread "G1 Refine#0" [stack: 0x00000093efc00000,0x00000093efd00000] [id=46868]
  0x000001ba7ead0800 ConcurrentGCThread "G1 Young RemSet Sampling" [stack: 0x00000093efd00000,0x00000093efe00000] [id=26792]

Threads with active compile tasks:
C1 CompilerThread013883329 2438   !   3       java.util.concurrent.ConcurrentHashMap::replaceNode (437 bytes)

VM state:not at safepoint (normal execution)

VM Mutex/Monitor currently owned by a thread: None

Heap address: 0x0000000701e00000, size: 4066 MB, Compressed Oops mode: Zero based, Oop shift amount: 3
Narrow klass base: 0x0000000800000000, Narrow klass shift: 0
Compressed class space size: 1073741824 Address: 0x0000000800000000

Heap:
 garbage-first heap   total 262144K, used 16542K [0x0000000701e00000, 0x0000000800000000)
  region size 1024K, 14 young (14336K), 3 survivors (3072K)
 Metaspace       used 18435K, capacity 18905K, committed 19072K, reserved 1067008K
  class space    used 1913K, capacity 2094K, committed 2176K, reserved 1048576K
Heap Regions: E=young(eden), S=young(survivor), O=old, HS=humongous(starts), HC=humongous(continues), CS=collection set, F=free, A=archive, TAMS=top-at-mark-start (previous, next)
|   0|0x0000000701e00000, 0x0000000701f00000, 0x0000000701f00000|100%| O|  |TAMS 0x0000000701e00000, 0x0000000701e00000| Untracked 
|   1|0x0000000701f00000, 0x0000000702000000, 0x0000000702000000|100%| O|  |TAMS 0x0000000701f00000, 0x0000000701f00000| Untracked 
|   2|0x0000000702000000, 0x0000000702100000, 0x0000000702100000|100%| O|  |TAMS 0x0000000702000000, 0x0000000702000000| Untracked 
|   3|0x0000000702100000, 0x0000000702127a00, 0x0000000702200000| 15%| O|  |TAMS 0x0000000702100000, 0x0000000702100000| Untracked 
|   4|0x0000000702200000, 0x0000000702200000, 0x0000000702300000|  0%| F|  |TAMS 0x0000000702200000, 0x0000000702200000| Untracked 
|   5|0x0000000702300000, 0x0000000702300000, 0x0000000702400000|  0%| F|  |TAMS 0x0000000702300000, 0x0000000702300000| Untracked 
|   6|0x0000000702400000, 0x0000000702400000, 0x0000000702500000|  0%| F|  |TAMS 0x0000000702400000, 0x0000000702400000| Untracked 
|   7|0x0000000702500000, 0x0000000702500000, 0x0000000702600000|  0%| F|  |TAMS 0x0000000702500000, 0x0000000702500000| Untracked 
|   8|0x0000000702600000, 0x0000000702600000, 0x0000000702700000|  0%| F|  |TAMS 0x0000000702600000, 0x0000000702600000| Untracked 
|   9|0x0000000702700000, 0x0000000702700000, 0x0000000702800000|  0%| F|  |TAMS 0x0000000702700000, 0x0000000702700000| Untracked 
|  10|0x0000000702800000, 0x0000000702800000, 0x0000000702900000|  0%| F|  |TAMS 0x0000000702800000, 0x0000000702800000| Untracked 
|  11|0x0000000702900000, 0x0000000702900000, 0x0000000702a00000|  0%| F|  |TAMS 0x0000000702900000, 0x0000000702900000| Untracked 
|  12|0x0000000702a00000, 0x0000000702a00000, 0x0000000702b00000|  0%| F|  |TAMS 0x0000000702a00000, 0x0000000702a00000| Untracked 
|  13|0x0000000702b00000, 0x0000000702b00000, 0x0000000702c00000|  0%| F|  |TAMS 0x0000000702b00000, 0x0000000702b00000| Untracked 
|  14|0x0000000702c00000, 0x0000000702c00000, 0x0000000702d00000|  0%| F|  |TAMS 0x0000000702c00000, 0x0000000702c00000| Untracked 
|  15|0x0000000702d00000, 0x0000000702d00000, 0x0000000702e00000|  0%| F|  |TAMS 0x0000000702d00000, 0x0000000702d00000| Untracked 
|  16|0x0000000702e00000, 0x0000000702e00000, 0x0000000702f00000|  0%| F|  |TAMS 0x0000000702e00000, 0x0000000702e00000| Untracked 
|  17|0x0000000702f00000, 0x0000000702f00000, 0x0000000703000000|  0%| F|  |TAMS 0x0000000702f00000, 0x0000000702f00000| Untracked 
|  18|0x0000000703000000, 0x0000000703000000, 0x0000000703100000|  0%| F|  |TAMS 0x0000000703000000, 0x0000000703000000| Untracked 
|  19|0x0000000703100000, 0x0000000703100000, 0x0000000703200000|  0%| F|  |TAMS 0x0000000703100000, 0x0000000703100000| Untracked 
|  20|0x0000000703200000, 0x0000000703200000, 0x0000000703300000|  0%| F|  |TAMS 0x0000000703200000, 0x0000000703200000| Untracked 
|  21|0x0000000703300000, 0x0000000703300000, 0x0000000703400000|  0%| F|  |TAMS 0x0000000703300000, 0x0000000703300000| Untracked 
|  22|0x0000000703400000, 0x0000000703400000, 0x0000000703500000|  0%| F|  |TAMS 0x0000000703400000, 0x0000000703400000| Untracked 
|  23|0x0000000703500000, 0x0000000703500000, 0x0000000703600000|  0%| F|  |TAMS 0x0000000703500000, 0x0000000703500000| Untracked 
|  24|0x0000000703600000, 0x0000000703600000, 0x0000000703700000|  0%| F|  |TAMS 0x0000000703600000, 0x0000000703600000| Untracked 
|  25|0x0000000703700000, 0x0000000703700000, 0x0000000703800000|  0%| F|  |TAMS 0x0000000703700000, 0x0000000703700000| Untracked 
|  26|0x0000000703800000, 0x0000000703800000, 0x0000000703900000|  0%| F|  |TAMS 0x0000000703800000, 0x0000000703800000| Untracked 
|  27|0x0000000703900000, 0x0000000703900000, 0x0000000703a00000|  0%| F|  |TAMS 0x0000000703900000, 0x0000000703900000| Untracked 
|  28|0x0000000703a00000, 0x0000000703a00000, 0x0000000703b00000|  0%| F|  |TAMS 0x0000000703a00000, 0x0000000703a00000| Untracked 
|  29|0x0000000703b00000, 0x0000000703b00000, 0x0000000703c00000|  0%| F|  |TAMS 0x0000000703b00000, 0x0000000703b00000| Untracked 
|  30|0x0000000703c00000, 0x0000000703c00000, 0x0000000703d00000|  0%| F|  |TAMS 0x0000000703c00000, 0x0000000703c00000| Untracked 
|  31|0x0000000703d00000, 0x0000000703d00000, 0x0000000703e00000|  0%| F|  |TAMS 0x0000000703d00000, 0x0000000703d00000| Untracked 
|  32|0x0000000703e00000, 0x0000000703e00000, 0x0000000703f00000|  0%| F|  |TAMS 0x0000000703e00000, 0x0000000703e00000| Untracked 
|  33|0x0000000703f00000, 0x0000000703f00000, 0x0000000704000000|  0%| F|  |TAMS 0x0000000703f00000, 0x0000000703f00000| Untracked 
|  34|0x0000000704000000, 0x0000000704000000, 0x0000000704100000|  0%| F|  |TAMS 0x0000000704000000, 0x0000000704000000| Untracked 
|  35|0x0000000704100000, 0x0000000704100000, 0x0000000704200000|  0%| F|  |TAMS 0x0000000704100000, 0x0000000704100000| Untracked 
|  36|0x0000000704200000, 0x0000000704200000, 0x0000000704300000|  0%| F|  |TAMS 0x0000000704200000, 0x0000000704200000| Untracked 
|  37|0x0000000704300000, 0x0000000704300000, 0x0000000704400000|  0%| F|  |TAMS 0x0000000704300000, 0x0000000704300000| Untracked 
|  38|0x0000000704400000, 0x0000000704400000, 0x0000000704500000|  0%| F|  |TAMS 0x0000000704400000, 0x0000000704400000| Untracked 
|  39|0x0000000704500000, 0x0000000704500000, 0x0000000704600000|  0%| F|  |TAMS 0x0000000704500000, 0x0000000704500000| Untracked 
|  40|0x0000000704600000, 0x0000000704600000, 0x0000000704700000|  0%| F|  |TAMS 0x0000000704600000, 0x0000000704600000| Untracked 
|  41|0x0000000704700000, 0x0000000704700000, 0x0000000704800000|  0%| F|  |TAMS 0x0000000704700000, 0x0000000704700000| Untracked 
|  42|0x0000000704800000, 0x0000000704800000, 0x0000000704900000|  0%| F|  |TAMS 0x0000000704800000, 0x0000000704800000| Untracked 
|  43|0x0000000704900000, 0x0000000704900000, 0x0000000704a00000|  0%| F|  |TAMS 0x0000000704900000, 0x0000000704900000| Untracked 
|  44|0x0000000704a00000, 0x0000000704a00000, 0x0000000704b00000|  0%| F|  |TAMS 0x0000000704a00000, 0x0000000704a00000| Untracked 
|  45|0x0000000704b00000, 0x0000000704b00000, 0x0000000704c00000|  0%| F|  |TAMS 0x0000000704b00000, 0x0000000704b00000| Untracked 
|  46|0x0000000704c00000, 0x0000000704c00000, 0x0000000704d00000|  0%| F|  |TAMS 0x0000000704c00000, 0x0000000704c00000| Untracked 
|  47|0x0000000704d00000, 0x0000000704d00000, 0x0000000704e00000|  0%| F|  |TAMS 0x0000000704d00000, 0x0000000704d00000| Untracked 
|  48|0x0000000704e00000, 0x0000000704e00000, 0x0000000704f00000|  0%| F|  |TAMS 0x0000000704e00000, 0x0000000704e00000| Untracked 
|  49|0x0000000704f00000, 0x0000000704f00000, 0x0000000705000000|  0%| F|  |TAMS 0x0000000704f00000, 0x0000000704f00000| Untracked 
|  50|0x0000000705000000, 0x0000000705000000, 0x0000000705100000|  0%| F|  |TAMS 0x0000000705000000, 0x0000000705000000| Untracked 
|  51|0x0000000705100000, 0x0000000705100000, 0x0000000705200000|  0%| F|  |TAMS 0x0000000705100000, 0x0000000705100000| Untracked 
|  52|0x0000000705200000, 0x0000000705200000, 0x0000000705300000|  0%| F|  |TAMS 0x0000000705200000, 0x0000000705200000| Untracked 
|  53|0x0000000705300000, 0x0000000705300000, 0x0000000705400000|  0%| F|  |TAMS 0x0000000705300000, 0x0000000705300000| Untracked 
|  54|0x0000000705400000, 0x0000000705400000, 0x0000000705500000|  0%| F|  |TAMS 0x0000000705400000, 0x0000000705400000| Untracked 
|  55|0x0000000705500000, 0x0000000705500000, 0x0000000705600000|  0%| F|  |TAMS 0x0000000705500000, 0x0000000705500000| Untracked 
|  56|0x0000000705600000, 0x0000000705600000, 0x0000000705700000|  0%| F|  |TAMS 0x0000000705600000, 0x0000000705600000| Untracked 
|  57|0x0000000705700000, 0x0000000705700000, 0x0000000705800000|  0%| F|  |TAMS 0x0000000705700000, 0x0000000705700000| Untracked 
|  58|0x0000000705800000, 0x0000000705800000, 0x0000000705900000|  0%| F|  |TAMS 0x0000000705800000, 0x0000000705800000| Untracked 
|  59|0x0000000705900000, 0x0000000705900000, 0x0000000705a00000|  0%| F|  |TAMS 0x0000000705900000, 0x0000000705900000| Untracked 
|  60|0x0000000705a00000, 0x0000000705a00000, 0x0000000705b00000|  0%| F|  |TAMS 0x0000000705a00000, 0x0000000705a00000| Untracked 
|  61|0x0000000705b00000, 0x0000000705b00000, 0x0000000705c00000|  0%| F|  |TAMS 0x0000000705b00000, 0x0000000705b00000| Untracked 
|  62|0x0000000705c00000, 0x0000000705c00000, 0x0000000705d00000|  0%| F|  |TAMS 0x0000000705c00000, 0x0000000705c00000| Untracked 
|  63|0x0000000705d00000, 0x0000000705d00000, 0x0000000705e00000|  0%| F|  |TAMS 0x0000000705d00000, 0x0000000705d00000| Untracked 
|  64|0x0000000705e00000, 0x0000000705e00000, 0x0000000705f00000|  0%| F|  |TAMS 0x0000000705e00000, 0x0000000705e00000| Untracked 
|  65|0x0000000705f00000, 0x0000000705f00000, 0x0000000706000000|  0%| F|  |TAMS 0x0000000705f00000, 0x0000000705f00000| Untracked 
|  66|0x0000000706000000, 0x0000000706000000, 0x0000000706100000|  0%| F|  |TAMS 0x0000000706000000, 0x0000000706000000| Untracked 
|  67|0x0000000706100000, 0x0000000706100000, 0x0000000706200000|  0%| F|  |TAMS 0x0000000706100000, 0x0000000706100000| Untracked 
|  68|0x0000000706200000, 0x0000000706200000, 0x0000000706300000|  0%| F|  |TAMS 0x0000000706200000, 0x0000000706200000| Untracked 
|  69|0x0000000706300000, 0x0000000706300000, 0x0000000706400000|  0%| F|  |TAMS 0x0000000706300000, 0x0000000706300000| Untracked 
|  70|0x0000000706400000, 0x0000000706400000, 0x0000000706500000|  0%| F|  |TAMS 0x0000000706400000, 0x0000000706400000| Untracked 
|  71|0x0000000706500000, 0x0000000706500000, 0x0000000706600000|  0%| F|  |TAMS 0x0000000706500000, 0x0000000706500000| Untracked 
|  72|0x0000000706600000, 0x0000000706600000, 0x0000000706700000|  0%| F|  |TAMS 0x0000000706600000, 0x0000000706600000| Untracked 
|  73|0x0000000706700000, 0x0000000706700000, 0x0000000706800000|  0%| F|  |TAMS 0x0000000706700000, 0x0000000706700000| Untracked 
|  74|0x0000000706800000, 0x0000000706800000, 0x0000000706900000|  0%| F|  |TAMS 0x0000000706800000, 0x0000000706800000| Untracked 
|  75|0x0000000706900000, 0x0000000706900000, 0x0000000706a00000|  0%| F|  |TAMS 0x0000000706900000, 0x0000000706900000| Untracked 
|  76|0x0000000706a00000, 0x0000000706a00000, 0x0000000706b00000|  0%| F|  |TAMS 0x0000000706a00000, 0x0000000706a00000| Untracked 
|  77|0x0000000706b00000, 0x0000000706b00000, 0x0000000706c00000|  0%| F|  |TAMS 0x0000000706b00000, 0x0000000706b00000| Untracked 
|  78|0x0000000706c00000, 0x0000000706c00000, 0x0000000706d00000|  0%| F|  |TAMS 0x0000000706c00000, 0x0000000706c00000| Untracked 
|  79|0x0000000706d00000, 0x0000000706d00000, 0x0000000706e00000|  0%| F|  |TAMS 0x0000000706d00000, 0x0000000706d00000| Untracked 
|  80|0x0000000706e00000, 0x0000000706e00000, 0x0000000706f00000|  0%| F|  |TAMS 0x0000000706e00000, 0x0000000706e00000| Untracked 
|  81|0x0000000706f00000, 0x0000000706f00000, 0x0000000707000000|  0%| F|  |TAMS 0x0000000706f00000, 0x0000000706f00000| Untracked 
|  82|0x0000000707000000, 0x0000000707000000, 0x0000000707100000|  0%| F|  |TAMS 0x0000000707000000, 0x0000000707000000| Untracked 
|  83|0x0000000707100000, 0x0000000707100000, 0x0000000707200000|  0%| F|  |TAMS 0x0000000707100000, 0x0000000707100000| Untracked 
|  84|0x0000000707200000, 0x0000000707200000, 0x0000000707300000|  0%| F|  |TAMS 0x0000000707200000, 0x0000000707200000| Untracked 
|  85|0x0000000707300000, 0x0000000707300000, 0x0000000707400000|  0%| F|  |TAMS 0x0000000707300000, 0x0000000707300000| Untracked 
|  86|0x0000000707400000, 0x0000000707400000, 0x0000000707500000|  0%| F|  |TAMS 0x0000000707400000, 0x0000000707400000| Untracked 
|  87|0x0000000707500000, 0x0000000707500000, 0x0000000707600000|  0%| F|  |TAMS 0x0000000707500000, 0x0000000707500000| Untracked 
|  88|0x0000000707600000, 0x0000000707600000, 0x0000000707700000|  0%| F|  |TAMS 0x0000000707600000, 0x0000000707600000| Untracked 
|  89|0x0000000707700000, 0x0000000707700000, 0x0000000707800000|  0%| F|  |TAMS 0x0000000707700000, 0x0000000707700000| Untracked 
|  90|0x0000000707800000, 0x0000000707800000, 0x0000000707900000|  0%| F|  |TAMS 0x0000000707800000, 0x0000000707800000| Untracked 
|  91|0x0000000707900000, 0x0000000707900000, 0x0000000707a00000|  0%| F|  |TAMS 0x0000000707900000, 0x0000000707900000| Untracked 
|  92|0x0000000707a00000, 0x0000000707a00000, 0x0000000707b00000|  0%| F|  |TAMS 0x0000000707a00000, 0x0000000707a00000| Untracked 
|  93|0x0000000707b00000, 0x0000000707b00000, 0x0000000707c00000|  0%| F|  |TAMS 0x0000000707b00000, 0x0000000707b00000| Untracked 
|  94|0x0000000707c00000, 0x0000000707c00000, 0x0000000707d00000|  0%| F|  |TAMS 0x0000000707c00000, 0x0000000707c00000| Untracked 
|  95|0x0000000707d00000, 0x0000000707d00000, 0x0000000707e00000|  0%| F|  |TAMS 0x0000000707d00000, 0x0000000707d00000| Untracked 
|  96|0x0000000707e00000, 0x0000000707e00000, 0x0000000707f00000|  0%| F|  |TAMS 0x0000000707e00000, 0x0000000707e00000| Untracked 
|  97|0x0000000707f00000, 0x0000000707f00000, 0x0000000708000000|  0%| F|  |TAMS 0x0000000707f00000, 0x0000000707f00000| Untracked 
|  98|0x0000000708000000, 0x0000000708000000, 0x0000000708100000|  0%| F|  |TAMS 0x0000000708000000, 0x0000000708000000| Untracked 
|  99|0x0000000708100000, 0x0000000708100000, 0x0000000708200000|  0%| F|  |TAMS 0x0000000708100000, 0x0000000708100000| Untracked 
| 100|0x0000000708200000, 0x0000000708200000, 0x0000000708300000|  0%| F|  |TAMS 0x0000000708200000, 0x0000000708200000| Untracked 
| 101|0x0000000708300000, 0x0000000708300000, 0x0000000708400000|  0%| F|  |TAMS 0x0000000708300000, 0x0000000708300000| Untracked 
| 102|0x0000000708400000, 0x0000000708400000, 0x0000000708500000|  0%| F|  |TAMS 0x0000000708400000, 0x0000000708400000| Untracked 
| 103|0x0000000708500000, 0x0000000708500000, 0x0000000708600000|  0%| F|  |TAMS 0x0000000708500000, 0x0000000708500000| Untracked 
| 104|0x0000000708600000, 0x0000000708600000, 0x0000000708700000|  0%| F|  |TAMS 0x0000000708600000, 0x0000000708600000| Untracked 
| 105|0x0000000708700000, 0x0000000708700000, 0x0000000708800000|  0%| F|  |TAMS 0x0000000708700000, 0x0000000708700000| Untracked 
| 106|0x0000000708800000, 0x0000000708800000, 0x0000000708900000|  0%| F|  |TAMS 0x0000000708800000, 0x0000000708800000| Untracked 
| 107|0x0000000708900000, 0x0000000708900000, 0x0000000708a00000|  0%| F|  |TAMS 0x0000000708900000, 0x0000000708900000| Untracked 
| 108|0x0000000708a00000, 0x0000000708a00000, 0x0000000708b00000|  0%| F|  |TAMS 0x0000000708a00000, 0x0000000708a00000| Untracked 
| 109|0x0000000708b00000, 0x0000000708b00000, 0x0000000708c00000|  0%| F|  |TAMS 0x0000000708b00000, 0x0000000708b00000| Untracked 
| 110|0x0000000708c00000, 0x0000000708c00000, 0x0000000708d00000|  0%| F|  |TAMS 0x0000000708c00000, 0x0000000708c00000| Untracked 
| 111|0x0000000708d00000, 0x0000000708d00000, 0x0000000708e00000|  0%| F|  |TAMS 0x0000000708d00000, 0x0000000708d00000| Untracked 
| 112|0x0000000708e00000, 0x0000000708e00000, 0x0000000708f00000|  0%| F|  |TAMS 0x0000000708e00000, 0x0000000708e00000| Untracked 
| 113|0x0000000708f00000, 0x0000000708f00000, 0x0000000709000000|  0%| F|  |TAMS 0x0000000708f00000, 0x0000000708f00000| Untracked 
| 114|0x0000000709000000, 0x0000000709000000, 0x0000000709100000|  0%| F|  |TAMS 0x0000000709000000, 0x0000000709000000| Untracked 
| 115|0x0000000709100000, 0x0000000709100000, 0x0000000709200000|  0%| F|  |TAMS 0x0000000709100000, 0x0000000709100000| Untracked 
| 116|0x0000000709200000, 0x0000000709200000, 0x0000000709300000|  0%| F|  |TAMS 0x0000000709200000, 0x0000000709200000| Untracked 
| 117|0x0000000709300000, 0x0000000709300000, 0x0000000709400000|  0%| F|  |TAMS 0x0000000709300000, 0x0000000709300000| Untracked 
| 118|0x0000000709400000, 0x0000000709400000, 0x0000000709500000|  0%| F|  |TAMS 0x0000000709400000, 0x0000000709400000| Untracked 
| 119|0x0000000709500000, 0x0000000709500000, 0x0000000709600000|  0%| F|  |TAMS 0x0000000709500000, 0x0000000709500000| Untracked 
| 120|0x0000000709600000, 0x0000000709600000, 0x0000000709700000|  0%| F|  |TAMS 0x0000000709600000, 0x0000000709600000| Untracked 
| 121|0x0000000709700000, 0x0000000709700000, 0x0000000709800000|  0%| F|  |TAMS 0x0000000709700000, 0x0000000709700000| Untracked 
| 122|0x0000000709800000, 0x0000000709800000, 0x0000000709900000|  0%| F|  |TAMS 0x0000000709800000, 0x0000000709800000| Untracked 
| 123|0x0000000709900000, 0x0000000709900000, 0x0000000709a00000|  0%| F|  |TAMS 0x0000000709900000, 0x0000000709900000| Untracked 
| 124|0x0000000709a00000, 0x0000000709a00000, 0x0000000709b00000|  0%| F|  |TAMS 0x0000000709a00000, 0x0000000709a00000| Untracked 
| 125|0x0000000709b00000, 0x0000000709b00000, 0x0000000709c00000|  0%| F|  |TAMS 0x0000000709b00000, 0x0000000709b00000| Untracked 
| 126|0x0000000709c00000, 0x0000000709c00000, 0x0000000709d00000|  0%| F|  |TAMS 0x0000000709c00000, 0x0000000709c00000| Untracked 
| 127|0x0000000709d00000, 0x0000000709d00000, 0x0000000709e00000|  0%| F|  |TAMS 0x0000000709d00000, 0x0000000709d00000| Untracked 
| 128|0x0000000709e00000, 0x0000000709e00000, 0x0000000709f00000|  0%| F|  |TAMS 0x0000000709e00000, 0x0000000709e00000| Untracked 
| 129|0x0000000709f00000, 0x0000000709f00000, 0x000000070a000000|  0%| F|  |TAMS 0x0000000709f00000, 0x0000000709f00000| Untracked 
| 130|0x000000070a000000, 0x000000070a000000, 0x000000070a100000|  0%| F|  |TAMS 0x000000070a000000, 0x000000070a000000| Untracked 
| 131|0x000000070a100000, 0x000000070a100000, 0x000000070a200000|  0%| F|  |TAMS 0x000000070a100000, 0x000000070a100000| Untracked 
| 132|0x000000070a200000, 0x000000070a200000, 0x000000070a300000|  0%| F|  |TAMS 0x000000070a200000, 0x000000070a200000| Untracked 
| 133|0x000000070a300000, 0x000000070a300000, 0x000000070a400000|  0%| F|  |TAMS 0x000000070a300000, 0x000000070a300000| Untracked 
| 134|0x000000070a400000, 0x000000070a400000, 0x000000070a500000|  0%| F|  |TAMS 0x000000070a400000, 0x000000070a400000| Untracked 
| 135|0x000000070a500000, 0x000000070a500000, 0x000000070a600000|  0%| F|  |TAMS 0x000000070a500000, 0x000000070a500000| Untracked 
| 136|0x000000070a600000, 0x000000070a600000, 0x000000070a700000|  0%| F|  |TAMS 0x000000070a600000, 0x000000070a600000| Untracked 
| 137|0x000000070a700000, 0x000000070a700000, 0x000000070a800000|  0%| F|  |TAMS 0x000000070a700000, 0x000000070a700000| Untracked 
| 138|0x000000070a800000, 0x000000070a800000, 0x000000070a900000|  0%| F|  |TAMS 0x000000070a800000, 0x000000070a800000| Untracked 
| 139|0x000000070a900000, 0x000000070a900000, 0x000000070aa00000|  0%| F|  |TAMS 0x000000070a900000, 0x000000070a900000| Untracked 
| 140|0x000000070aa00000, 0x000000070aa00000, 0x000000070ab00000|  0%| F|  |TAMS 0x000000070aa00000, 0x000000070aa00000| Untracked 
| 141|0x000000070ab00000, 0x000000070ab00000, 0x000000070ac00000|  0%| F|  |TAMS 0x000000070ab00000, 0x000000070ab00000| Untracked 
| 142|0x000000070ac00000, 0x000000070ac00000, 0x000000070ad00000|  0%| F|  |TAMS 0x000000070ac00000, 0x000000070ac00000| Untracked 
| 143|0x000000070ad00000, 0x000000070ad00000, 0x000000070ae00000|  0%| F|  |TAMS 0x000000070ad00000, 0x000000070ad00000| Untracked 
| 144|0x000000070ae00000, 0x000000070ae00000, 0x000000070af00000|  0%| F|  |TAMS 0x000000070ae00000, 0x000000070ae00000| Untracked 
| 145|0x000000070af00000, 0x000000070af00000, 0x000000070b000000|  0%| F|  |TAMS 0x000000070af00000, 0x000000070af00000| Untracked 
| 146|0x000000070b000000, 0x000000070b000000, 0x000000070b100000|  0%| F|  |TAMS 0x000000070b000000, 0x000000070b000000| Untracked 
| 147|0x000000070b100000, 0x000000070b100000, 0x000000070b200000|  0%| F|  |TAMS 0x000000070b100000, 0x000000070b100000| Untracked 
| 148|0x000000070b200000, 0x000000070b200000, 0x000000070b300000|  0%| F|  |TAMS 0x000000070b200000, 0x000000070b200000| Untracked 
| 149|0x000000070b300000, 0x000000070b300000, 0x000000070b400000|  0%| F|  |TAMS 0x000000070b300000, 0x000000070b300000| Untracked 
| 150|0x000000070b400000, 0x000000070b400000, 0x000000070b500000|  0%| F|  |TAMS 0x000000070b400000, 0x000000070b400000| Untracked 
| 151|0x000000070b500000, 0x000000070b500000, 0x000000070b600000|  0%| F|  |TAMS 0x000000070b500000, 0x000000070b500000| Untracked 
| 152|0x000000070b600000, 0x000000070b600000, 0x000000070b700000|  0%| F|  |TAMS 0x000000070b600000, 0x000000070b600000| Untracked 
| 153|0x000000070b700000, 0x000000070b700000, 0x000000070b800000|  0%| F|  |TAMS 0x000000070b700000, 0x000000070b700000| Untracked 
| 154|0x000000070b800000, 0x000000070b800000, 0x000000070b900000|  0%| F|  |TAMS 0x000000070b800000, 0x000000070b800000| Untracked 
| 155|0x000000070b900000, 0x000000070b900000, 0x000000070ba00000|  0%| F|  |TAMS 0x000000070b900000, 0x000000070b900000| Untracked 
| 156|0x000000070ba00000, 0x000000070ba00000, 0x000000070bb00000|  0%| F|  |TAMS 0x000000070ba00000, 0x000000070ba00000| Untracked 
| 157|0x000000070bb00000, 0x000000070bb00000, 0x000000070bc00000|  0%| F|  |TAMS 0x000000070bb00000, 0x000000070bb00000| Untracked 
| 158|0x000000070bc00000, 0x000000070bc00000, 0x000000070bd00000|  0%| F|  |TAMS 0x000000070bc00000, 0x000000070bc00000| Untracked 
| 159|0x000000070bd00000, 0x000000070bd00000, 0x000000070be00000|  0%| F|  |TAMS 0x000000070bd00000, 0x000000070bd00000| Untracked 
| 160|0x000000070be00000, 0x000000070be00000, 0x000000070bf00000|  0%| F|  |TAMS 0x000000070be00000, 0x000000070be00000| Untracked 
| 161|0x000000070bf00000, 0x000000070bf00000, 0x000000070c000000|  0%| F|  |TAMS 0x000000070bf00000, 0x000000070bf00000| Untracked 
| 162|0x000000070c000000, 0x000000070c000000, 0x000000070c100000|  0%| F|  |TAMS 0x000000070c000000, 0x000000070c000000| Untracked 
| 163|0x000000070c100000, 0x000000070c100000, 0x000000070c200000|  0%| F|  |TAMS 0x000000070c100000, 0x000000070c100000| Untracked 
| 164|0x000000070c200000, 0x000000070c200000, 0x000000070c300000|  0%| F|  |TAMS 0x000000070c200000, 0x000000070c200000| Untracked 
| 165|0x000000070c300000, 0x000000070c300000, 0x000000070c400000|  0%| F|  |TAMS 0x000000070c300000, 0x000000070c300000| Untracked 
| 166|0x000000070c400000, 0x000000070c400000, 0x000000070c500000|  0%| F|  |TAMS 0x000000070c400000, 0x000000070c400000| Untracked 
| 167|0x000000070c500000, 0x000000070c500000, 0x000000070c600000|  0%| F|  |TAMS 0x000000070c500000, 0x000000070c500000| Untracked 
| 168|0x000000070c600000, 0x000000070c600000, 0x000000070c700000|  0%| F|  |TAMS 0x000000070c600000, 0x000000070c600000| Untracked 
| 169|0x000000070c700000, 0x000000070c700000, 0x000000070c800000|  0%| F|  |TAMS 0x000000070c700000, 0x000000070c700000| Untracked 
| 170|0x000000070c800000, 0x000000070c800000, 0x000000070c900000|  0%| F|  |TAMS 0x000000070c800000, 0x000000070c800000| Untracked 
| 171|0x000000070c900000, 0x000000070c900000, 0x000000070ca00000|  0%| F|  |TAMS 0x000000070c900000, 0x000000070c900000| Untracked 
| 172|0x000000070ca00000, 0x000000070ca00000, 0x000000070cb00000|  0%| F|  |TAMS 0x000000070ca00000, 0x000000070ca00000| Untracked 
| 173|0x000000070cb00000, 0x000000070cb00000, 0x000000070cc00000|  0%| F|  |TAMS 0x000000070cb00000, 0x000000070cb00000| Untracked 
| 174|0x000000070cc00000, 0x000000070cc00000, 0x000000070cd00000|  0%| F|  |TAMS 0x000000070cc00000, 0x000000070cc00000| Untracked 
| 175|0x000000070cd00000, 0x000000070cd00000, 0x000000070ce00000|  0%| F|  |TAMS 0x000000070cd00000, 0x000000070cd00000| Untracked 
| 176|0x000000070ce00000, 0x000000070ce00000, 0x000000070cf00000|  0%| F|  |TAMS 0x000000070ce00000, 0x000000070ce00000| Untracked 
| 177|0x000000070cf00000, 0x000000070cf00000, 0x000000070d000000|  0%| F|  |TAMS 0x000000070cf00000, 0x000000070cf00000| Untracked 
| 178|0x000000070d000000, 0x000000070d000000, 0x000000070d100000|  0%| F|  |TAMS 0x000000070d000000, 0x000000070d000000| Untracked 
| 179|0x000000070d100000, 0x000000070d100000, 0x000000070d200000|  0%| F|  |TAMS 0x000000070d100000, 0x000000070d100000| Untracked 
| 180|0x000000070d200000, 0x000000070d200000, 0x000000070d300000|  0%| F|  |TAMS 0x000000070d200000, 0x000000070d200000| Untracked 
| 181|0x000000070d300000, 0x000000070d300000, 0x000000070d400000|  0%| F|  |TAMS 0x000000070d300000, 0x000000070d300000| Untracked 
| 182|0x000000070d400000, 0x000000070d400000, 0x000000070d500000|  0%| F|  |TAMS 0x000000070d400000, 0x000000070d400000| Untracked 
| 183|0x000000070d500000, 0x000000070d500000, 0x000000070d600000|  0%| F|  |TAMS 0x000000070d500000, 0x000000070d500000| Untracked 
| 184|0x000000070d600000, 0x000000070d600000, 0x000000070d700000|  0%| F|  |TAMS 0x000000070d600000, 0x000000070d600000| Untracked 
| 185|0x000000070d700000, 0x000000070d700000, 0x000000070d800000|  0%| F|  |TAMS 0x000000070d700000, 0x000000070d700000| Untracked 
| 186|0x000000070d800000, 0x000000070d800000, 0x000000070d900000|  0%| F|  |TAMS 0x000000070d800000, 0x000000070d800000| Untracked 
| 187|0x000000070d900000, 0x000000070d900000, 0x000000070da00000|  0%| F|  |TAMS 0x000000070d900000, 0x000000070d900000| Untracked 
| 188|0x000000070da00000, 0x000000070da00000, 0x000000070db00000|  0%| F|  |TAMS 0x000000070da00000, 0x000000070da00000| Untracked 
| 189|0x000000070db00000, 0x000000070db00000, 0x000000070dc00000|  0%| F|  |TAMS 0x000000070db00000, 0x000000070db00000| Untracked 
| 190|0x000000070dc00000, 0x000000070dc00000, 0x000000070dd00000|  0%| F|  |TAMS 0x000000070dc00000, 0x000000070dc00000| Untracked 
| 191|0x000000070dd00000, 0x000000070dd00000, 0x000000070de00000|  0%| F|  |TAMS 0x000000070dd00000, 0x000000070dd00000| Untracked 
| 192|0x000000070de00000, 0x000000070de00000, 0x000000070df00000|  0%| F|  |TAMS 0x000000070de00000, 0x000000070de00000| Untracked 
| 193|0x000000070df00000, 0x000000070df00000, 0x000000070e000000|  0%| F|  |TAMS 0x000000070df00000, 0x000000070df00000| Untracked 
| 194|0x000000070e000000, 0x000000070e000000, 0x000000070e100000|  0%| F|  |TAMS 0x000000070e000000, 0x000000070e000000| Untracked 
| 195|0x000000070e100000, 0x000000070e100000, 0x000000070e200000|  0%| F|  |TAMS 0x000000070e100000, 0x000000070e100000| Untracked 
| 196|0x000000070e200000, 0x000000070e200000, 0x000000070e300000|  0%| F|  |TAMS 0x000000070e200000, 0x000000070e200000| Untracked 
| 197|0x000000070e300000, 0x000000070e300000, 0x000000070e400000|  0%| F|  |TAMS 0x000000070e300000, 0x000000070e300000| Untracked 
| 198|0x000000070e400000, 0x000000070e400000, 0x000000070e500000|  0%| F|  |TAMS 0x000000070e400000, 0x000000070e400000| Untracked 
| 199|0x000000070e500000, 0x000000070e500000, 0x000000070e600000|  0%| F|  |TAMS 0x000000070e500000, 0x000000070e500000| Untracked 
| 200|0x000000070e600000, 0x000000070e600000, 0x000000070e700000|  0%| F|  |TAMS 0x000000070e600000, 0x000000070e600000| Untracked 
| 201|0x000000070e700000, 0x000000070e700000, 0x000000070e800000|  0%| F|  |TAMS 0x000000070e700000, 0x000000070e700000| Untracked 
| 202|0x000000070e800000, 0x000000070e800000, 0x000000070e900000|  0%| F|  |TAMS 0x000000070e800000, 0x000000070e800000| Untracked 
| 203|0x000000070e900000, 0x000000070e900000, 0x000000070ea00000|  0%| F|  |TAMS 0x000000070e900000, 0x000000070e900000| Untracked 
| 204|0x000000070ea00000, 0x000000070ea00000, 0x000000070eb00000|  0%| F|  |TAMS 0x000000070ea00000, 0x000000070ea00000| Untracked 
| 205|0x000000070eb00000, 0x000000070eb00000, 0x000000070ec00000|  0%| F|  |TAMS 0x000000070eb00000, 0x000000070eb00000| Untracked 
| 206|0x000000070ec00000, 0x000000070ec00000, 0x000000070ed00000|  0%| F|  |TAMS 0x000000070ec00000, 0x000000070ec00000| Untracked 
| 207|0x000000070ed00000, 0x000000070ed00000, 0x000000070ee00000|  0%| F|  |TAMS 0x000000070ed00000, 0x000000070ed00000| Untracked 
| 208|0x000000070ee00000, 0x000000070ee00000, 0x000000070ef00000|  0%| F|  |TAMS 0x000000070ee00000, 0x000000070ee00000| Untracked 
| 209|0x000000070ef00000, 0x000000070ef00000, 0x000000070f000000|  0%| F|  |TAMS 0x000000070ef00000, 0x000000070ef00000| Untracked 
| 210|0x000000070f000000, 0x000000070f000000, 0x000000070f100000|  0%| F|  |TAMS 0x000000070f000000, 0x000000070f000000| Untracked 
| 211|0x000000070f100000, 0x000000070f100000, 0x000000070f200000|  0%| F|  |TAMS 0x000000070f100000, 0x000000070f100000| Untracked 
| 212|0x000000070f200000, 0x000000070f200000, 0x000000070f300000|  0%| F|  |TAMS 0x000000070f200000, 0x000000070f200000| Untracked 
| 213|0x000000070f300000, 0x000000070f300000, 0x000000070f400000|  0%| F|  |TAMS 0x000000070f300000, 0x000000070f300000| Untracked 
| 214|0x000000070f400000, 0x000000070f400000, 0x000000070f500000|  0%| F|  |TAMS 0x000000070f400000, 0x000000070f400000| Untracked 
| 215|0x000000070f500000, 0x000000070f500000, 0x000000070f600000|  0%| F|  |TAMS 0x000000070f500000, 0x000000070f500000| Untracked 
| 216|0x000000070f600000, 0x000000070f600000, 0x000000070f700000|  0%| F|  |TAMS 0x000000070f600000, 0x000000070f600000| Untracked 
| 217|0x000000070f700000, 0x000000070f700000, 0x000000070f800000|  0%| F|  |TAMS 0x000000070f700000, 0x000000070f700000| Untracked 
| 218|0x000000070f800000, 0x000000070f800000, 0x000000070f900000|  0%| F|  |TAMS 0x000000070f800000, 0x000000070f800000| Untracked 
| 219|0x000000070f900000, 0x000000070f900000, 0x000000070fa00000|  0%| F|  |TAMS 0x000000070f900000, 0x000000070f900000| Untracked 
| 220|0x000000070fa00000, 0x000000070fa00000, 0x000000070fb00000|  0%| F|  |TAMS 0x000000070fa00000, 0x000000070fa00000| Untracked 
| 221|0x000000070fb00000, 0x000000070fb00000, 0x000000070fc00000|  0%| F|  |TAMS 0x000000070fb00000, 0x000000070fb00000| Untracked 
| 222|0x000000070fc00000, 0x000000070fc00000, 0x000000070fd00000|  0%| F|  |TAMS 0x000000070fc00000, 0x000000070fc00000| Untracked 
| 223|0x000000070fd00000, 0x000000070fd00000, 0x000000070fe00000|  0%| F|  |TAMS 0x000000070fd00000, 0x000000070fd00000| Untracked 
| 224|0x000000070fe00000, 0x000000070fe00000, 0x000000070ff00000|  0%| F|  |TAMS 0x000000070fe00000, 0x000000070fe00000| Untracked 
| 225|0x000000070ff00000, 0x000000070ff00000, 0x0000000710000000|  0%| F|  |TAMS 0x000000070ff00000, 0x000000070ff00000| Untracked 
| 226|0x0000000710000000, 0x0000000710000000, 0x0000000710100000|  0%| F|  |TAMS 0x0000000710000000, 0x0000000710000000| Untracked 
| 227|0x0000000710100000, 0x0000000710100000, 0x0000000710200000|  0%| F|  |TAMS 0x0000000710100000, 0x0000000710100000| Untracked 
| 228|0x0000000710200000, 0x0000000710200000, 0x0000000710300000|  0%| F|  |TAMS 0x0000000710200000, 0x0000000710200000| Untracked 
| 229|0x0000000710300000, 0x0000000710400000, 0x0000000710400000|100%| S|CS|TAMS 0x0000000710300000, 0x0000000710300000| Complete 
| 230|0x0000000710400000, 0x0000000710500000, 0x0000000710500000|100%| S|CS|TAMS 0x0000000710400000, 0x0000000710400000| Complete 
| 231|0x0000000710500000, 0x0000000710600000, 0x0000000710600000|100%| S|CS|TAMS 0x0000000710500000, 0x0000000710500000| Complete 
| 232|0x0000000710600000, 0x0000000710600000, 0x0000000710700000|  0%| F|  |TAMS 0x0000000710600000, 0x0000000710600000| Untracked 
| 233|0x0000000710700000, 0x0000000710700000, 0x0000000710800000|  0%| F|  |TAMS 0x0000000710700000, 0x0000000710700000| Untracked 
| 234|0x0000000710800000, 0x0000000710800000, 0x0000000710900000|  0%| F|  |TAMS 0x0000000710800000, 0x0000000710800000| Untracked 
| 235|0x0000000710900000, 0x0000000710900000, 0x0000000710a00000|  0%| F|  |TAMS 0x0000000710900000, 0x0000000710900000| Untracked 
| 236|0x0000000710a00000, 0x0000000710a00000, 0x0000000710b00000|  0%| F|  |TAMS 0x0000000710a00000, 0x0000000710a00000| Untracked 
| 237|0x0000000710b00000, 0x0000000710b00000, 0x0000000710c00000|  0%| F|  |TAMS 0x0000000710b00000, 0x0000000710b00000| Untracked 
| 238|0x0000000710c00000, 0x0000000710c00000, 0x0000000710d00000|  0%| F|  |TAMS 0x0000000710c00000, 0x0000000710c00000| Untracked 
| 239|0x0000000710d00000, 0x0000000710d00000, 0x0000000710e00000|  0%| F|  |TAMS 0x0000000710d00000, 0x0000000710d00000| Untracked 
| 240|0x0000000710e00000, 0x0000000710e00000, 0x0000000710f00000|  0%| F|  |TAMS 0x0000000710e00000, 0x0000000710e00000| Untracked 
| 241|0x0000000710f00000, 0x0000000710f00000, 0x0000000711000000|  0%| F|  |TAMS 0x0000000710f00000, 0x0000000710f00000| Untracked 
| 242|0x0000000711000000, 0x0000000711000000, 0x0000000711100000|  0%| F|  |TAMS 0x0000000711000000, 0x0000000711000000| Untracked 
| 243|0x0000000711100000, 0x0000000711100000, 0x0000000711200000|  0%| F|  |TAMS 0x0000000711100000, 0x0000000711100000| Untracked 
| 244|0x0000000711200000, 0x0000000711200000, 0x0000000711300000|  0%| F|  |TAMS 0x0000000711200000, 0x0000000711200000| Untracked 
| 245|0x0000000711300000, 0x0000000711380800, 0x0000000711400000| 50%| E|  |TAMS 0x0000000711300000, 0x0000000711300000| Complete 
| 246|0x0000000711400000, 0x0000000711500000, 0x0000000711500000|100%| E|CS|TAMS 0x0000000711400000, 0x0000000711400000| Complete 
| 247|0x0000000711500000, 0x0000000711600000, 0x0000000711600000|100%| E|CS|TAMS 0x0000000711500000, 0x0000000711500000| Complete 
| 248|0x0000000711600000, 0x0000000711700000, 0x0000000711700000|100%| E|CS|TAMS 0x0000000711600000, 0x0000000711600000| Complete 
| 249|0x0000000711700000, 0x0000000711800000, 0x0000000711800000|100%| E|CS|TAMS 0x0000000711700000, 0x0000000711700000| Complete 
| 250|0x0000000711800000, 0x0000000711900000, 0x0000000711900000|100%| E|CS|TAMS 0x0000000711800000, 0x0000000711800000| Complete 
| 251|0x0000000711900000, 0x0000000711a00000, 0x0000000711a00000|100%| E|CS|TAMS 0x0000000711900000, 0x0000000711900000| Complete 
| 252|0x0000000711a00000, 0x0000000711b00000, 0x0000000711b00000|100%| E|CS|TAMS 0x0000000711a00000, 0x0000000711a00000| Complete 
| 253|0x0000000711b00000, 0x0000000711c00000, 0x0000000711c00000|100%| E|CS|TAMS 0x0000000711b00000, 0x0000000711b00000| Complete 
| 254|0x0000000711c00000, 0x0000000711d00000, 0x0000000711d00000|100%| E|CS|TAMS 0x0000000711c00000, 0x0000000711c00000| Complete 
| 255|0x0000000711d00000, 0x0000000711e00000, 0x0000000711e00000|100%| E|CS|TAMS 0x0000000711d00000, 0x0000000711d00000| Complete 

Card table byte_map: [0x000001ba7d070000,0x000001ba7d870000] _byte_map_base: 0x000001ba79861000

Marking Bits (Prev, Next): (CMBitMap*) 0x000001ba64f3f7e8, (CMBitMap*) 0x000001ba64f3f820
 Prev Bits: [0x000001ba00000000, 0x000001ba03f88000)
 Next Bits: [0x000001ba03f90000, 0x000001ba07f18000)

Polling page: 0x000001ba62d80000

Metaspace:

Usage:
  Non-class:     16.42 MB capacity,    16.13 MB ( 98%) used,   239.76 KB (  1%) free+waste,    49.25 KB ( <1%) overhead. 
      Class:      2.04 MB capacity,     1.87 MB ( 91%) used,   155.46 KB (  7%) free+waste,    25.19 KB (  1%) overhead. 
       Both:     18.46 MB capacity,    18.00 MB ( 98%) used,   395.22 KB (  2%) free+waste,    74.44 KB ( <1%) overhead. 

Virtual space:
  Non-class space:       18.00 MB reserved,      16.50 MB ( 92%) committed 
      Class space:        1.00 GB reserved,       2.13 MB ( <1%) committed 
             Both:        1.02 GB reserved,      18.63 MB (  2%) committed 

Chunk freelists:
   Non-Class:  21.00 KB
       Class:  18.00 KB
        Both:  39.00 KB

MaxMetaspaceSize: 17179869184.00 GB
CompressedClassSpaceSize: 1.00 GB

CodeHeap 'non-profiled nmethods': size=120000Kb used=747Kb max_used=747Kb free=119252Kb
 bounds [0x000001ba75010000, 0x000001ba75280000, 0x000001ba7c540000]
CodeHeap 'profiled nmethods': size=120000Kb used=4904Kb max_used=4904Kb free=115095Kb
 bounds [0x000001ba6dae0000, 0x000001ba6dfb0000, 0x000001ba75010000]
CodeHeap 'non-nmethods': size=5760Kb used=1246Kb max_used=1285Kb free=4513Kb
 bounds [0x000001ba6d540000, 0x000001ba6d7b0000, 0x000001ba6dae0000]
 total_blobs=2940 nmethods=2320 adapters=530
 compilation: enabled
              stopped_count=0, restarted_count=0
 full_count=0

Compilation events (20 events):
Event: 74.546 Thread 0x000001ba7f4ff000 nmethod 2428 0x000001ba750c5c90 code [0x000001ba750c5e20, 0x000001ba750c5eb8]
Event: 76.856 Thread 0x000001ba7f4ff000 2429       4       sun.java2d.d3d.D3DSurfaceData$D3DWindowSurfaceData::isDirty (18 bytes)
Event: 76.857 Thread 0x000001ba7f4ff000 nmethod 2429 0x000001ba750c5f90 code [0x000001ba750c6120, 0x000001ba750c61d8]
Event: 81.885 Thread 0x000001ba7f4ff000 2430       4       java.util.Arrays::copyOf (40 bytes)
Event: 81.904 Thread 0x000001ba7f4ff000 nmethod 2430 0x000001ba750c6310 code [0x000001ba750c64c0, 0x000001ba750c6918]
Event: 12128.145 Thread 0x000001ba7f4ff000 2431       4       java.util.ArrayList::toArray (57 bytes)
Event: 12128.168 Thread 0x000001ba7f4ff000 nmethod 2431 0x000001ba750c6b90 code [0x000001ba750c6d40, 0x000001ba750c7138]
Event: 12141.122 Thread 0x000001ba7f4ff000 2432       4       java.util.ArrayList::toArray (57 bytes)
Event: 12141.131 Thread 0x000001ba7f4ff000 nmethod 2432 0x000001ba750c7310 code [0x000001ba750c74c0, 0x000001ba750c79d8]
Event: 12423.309 Thread 0x000001ba7f4b2800 2433 % !   3       sun.java2d.d3d.D3DScreenUpdateManager::run @ 105 (267 bytes)
Event: 12423.311 Thread 0x000001ba7f4b2800 nmethod 2433% 0x000001ba6dfa1210 code [0x000001ba6dfa1640, 0x000001ba6dfa3e38]
Event: 12436.170 Thread 0x000001ba7f4b2800 2434 % !   3       sun.java2d.d3d.D3DScreenUpdateManager::run @ 0 (267 bytes)
Event: 12436.172 Thread 0x000001ba7f4b2800 nmethod 2434% 0x000001ba6dfa4d90 code [0x000001ba6dfa51a0, 0x000001ba6dfa7918]
Event: 12449.037 Thread 0x000001ba7f4b2800 2435   !   3       sun.java2d.d3d.D3DScreenUpdateManager::run (267 bytes)
Event: 12449.038 Thread 0x000001ba7f4b2800 nmethod 2435 0x000001ba6dfa8810 code [0x000001ba6dfa8c20, 0x000001ba6dfab318]
Event: 12938.179 Thread 0x000001ba7f4ff000 2436 % !   4       sun.java2d.d3d.D3DScreenUpdateManager::run @ 0 (267 bytes)
Event: 12938.190 Thread 0x000001ba7f4ff000 nmethod 2436% 0x000001ba750c7b90 code [0x000001ba750c7da0, 0x000001ba750c8e18]
Event: 13053.988 Thread 0x000001ba7f4ff000 2437 % !   4       sun.java2d.d3d.D3DScreenUpdateManager::run @ 105 (267 bytes)
Event: 13054.002 Thread 0x000001ba7f4ff000 nmethod 2437% 0x000001ba750c9610 code [0x000001ba750c9820, 0x000001ba750cab38]
Event: 13883.224 Thread 0x000001ba7f4b2800 2438   !   3       java.util.concurrent.ConcurrentHashMap::replaceNode (437 bytes)

GC Heap History (2 events):
Event: 15.346 GC heap before
{Heap before GC invocations=0 (full 0):
 garbage-first heap   total 262144K, used 23552K [0x0000000701e00000, 0x0000000800000000)
  region size 1024K, 24 young (24576K), 0 survivors (0K)
 Metaspace       used 17870K, capacity 18320K, committed 18560K, reserved 1064960K
  class space    used 1898K, capacity 2091K, committed 2176K, reserved 1048576K
}
Event: 15.352 GC heap after
{Heap after GC invocations=1 (full 0):
 garbage-first heap   total 262144K, used 6302K [0x0000000701e00000, 0x0000000800000000)
  region size 1024K, 3 young (3072K), 3 survivors (3072K)
 Metaspace       used 17870K, capacity 18320K, committed 18560K, reserved 1064960K
  class space    used 1898K, capacity 2091K, committed 2176K, reserved 1048576K
}

Deoptimization events (20 events):
Event: 27.197 Thread 0x000001ba11898800 Uncommon trap: trap_request=0xffffffde fr.pc=0x000001ba750614c4 relative=0x0000000000000204
Event: 27.197 Thread 0x000001ba11898800 Uncommon trap: reason=class_check action=maybe_recompile pc=0x000001ba750614c4 method=java.util.HashMap.getNode(ILjava/lang/Object;)Ljava/util/HashMap$Node; @ 126 c2
Event: 27.197 Thread 0x000001ba11898800 DEOPT PACKING pc=0x000001ba750614c4 sp=0x00000093f0ffa570
Event: 27.197 Thread 0x000001ba11898800 DEOPT UNPACKING pc=0x000001ba6d56772f sp=0x00000093f0ffa4f0 mode 2
Event: 69.012 Thread 0x000001ba0a673000 Uncommon trap: trap_request=0xffffffcc fr.pc=0x000001ba750c5600 relative=0x00000000000002c0
Event: 69.013 Thread 0x000001ba0a673000 Uncommon trap: reason=intrinsic_or_type_checked_inlining action=make_not_entrant pc=0x000001ba750c5600 method=java.util.Arrays.copyOf([Ljava/lang/Object;ILjava/lang/Class;)[Ljava/lang/Object; @ 35 c2
Event: 69.013 Thread 0x000001ba0a673000 DEOPT PACKING pc=0x000001ba750c5600 sp=0x00000093f10ff4e0
Event: 69.013 Thread 0x000001ba0a673000 DEOPT UNPACKING pc=0x000001ba6d56772f sp=0x00000093f10ff470 mode 2
Event: 12128.245 Thread 0x000001ba0a673000 Uncommon trap: trap_request=0xffffffdc fr.pc=0x000001ba750c6eec relative=0x00000000000001ac
Event: 12128.245 Thread 0x000001ba0a673000 Uncommon trap: reason=class_check action=make_not_entrant pc=0x000001ba750c6eec method=java.util.ArrayList.toArray([Ljava/lang/Object;)[Ljava/lang/Object; @ 21 c2
Event: 12128.245 Thread 0x000001ba0a673000 DEOPT PACKING pc=0x000001ba750c6eec sp=0x00000093f10ff540
Event: 12128.245 Thread 0x000001ba0a673000 DEOPT UNPACKING pc=0x000001ba6d56772f sp=0x00000093f10ff500 mode 2
Event: 13041.121 Thread 0x000001ba0a673000 DEOPT PACKING pc=0x000001ba6dfa76ed sp=0x00000093f10ff520
Event: 13041.121 Thread 0x000001ba0a673000 DEOPT UNPACKING pc=0x000001ba6d56754e sp=0x00000093f10fea90 mode 0
Event: 13144.059 Thread 0x000001ba0a673000 DEOPT PACKING pc=0x000001ba6dfa3ba9 sp=0x00000093f10ff510
Event: 13144.059 Thread 0x000001ba0a673000 DEOPT UNPACKING pc=0x000001ba6d56754e sp=0x00000093f10fea90 mode 0
Event: 13883.224 Thread 0x000001ba0a0c8000 Uncommon trap: trap_request=0xffffff4d fr.pc=0x000001ba7504e550 relative=0x00000000000016d0
Event: 13883.224 Thread 0x000001ba0a0c8000 Uncommon trap: reason=unstable_if action=reinterpret pc=0x000001ba7504e550 method=java.lang.ref.ReferenceQueue.poll()Ljava/lang/ref/Reference; @ 4 c2
Event: 13883.224 Thread 0x000001ba0a0c8000 DEOPT PACKING pc=0x000001ba7504e550 sp=0x00000093f0bfdc10
Event: 13883.224 Thread 0x000001ba0a0c8000 DEOPT UNPACKING pc=0x000001ba6d56772f sp=0x00000093f0bfdaa8 mode 2

Classes redefined (0 events):
No events

Internal exceptions (20 events):
Event: 0.306 Thread 0x000001ba64eda800 Exception <a 'java/lang/NoSuchMethodError'{0x0000000711b67930}: 'java.lang.Object java.lang.invoke.DelegatingMethodHandle$Holder.reinvoke_L(java.lang.Object, int, int, java.lang.Object, java.lang.Object, java.lang.Object)'> (0x0000000711b67930) thrown at [./src/hotspot/share/interpreter/linkResolver.cpp, line 773]
Event: 0.307 Thread 0x000001ba64eda800 Exception <a 'java/lang/NoSuchMethodError'{0x0000000711b6ba10}: 'java.lang.Object java.lang.invoke.DirectMethodHandle$Holder.invokeStatic(java.lang.Object, java.lang.Object, java.lang.Object, java.lang.Object, int)'> (0x0000000711b6ba10) thrown at [./src/hotspot/share/interpreter/linkResolver.cpp, line 773]
Event: 0.321 Thread 0x000001ba64eda800 Exception <a 'java/io/FileNotFoundException'{0x0000000711bcea10}> (0x0000000711bcea10) thrown at [./src/hotspot/share/prims/jni.cpp, line 615]
Event: 0.405 Thread 0x000001ba0a0c8000 Exception <a 'java/lang/NoSuchMethodError'{0x0000000711a80790}: 'void java.lang.invoke.DirectMethodHandle$Holder.invokeSpecial(java.lang.Object, java.lang.Object)'> (0x0000000711a80790) thrown at [./src/hotspot/share/interpreter/linkResolver.cpp, line 773]
Event: 0.409 Thread 0x000001ba64eda800 Exception <a 'java/lang/NoSuchMethodError'{0x0000000711afd468}: 'java.lang.Object java.lang.invoke.DirectMethodHandle$Holder.invokeStatic(java.lang.Object, java.lang.Object, java.lang.Object, java.lang.Object, java.lang.Object, java.lang.Object, java.lang.Object, java.lang.Object, int)'> (0x0000000711afd468) thrown at [./src/hotspot/share/interpreter/linkResolver.cpp, line 773]
Event: 0.411 Thread 0x000001ba64eda800 Exception <a 'java/lang/NoSuchMethodError'{0x0000000711917868}: 'java.lang.Object java.lang.invoke.DirectMethodHandle$Holder.invokeStatic(java.lang.Object, java.lang.Object, java.lang.Object, java.lang.Object, java.lang.Object, java.lang.Object, java.lang.Object, java.lang.Object, int, int)'> (0x0000000711917868) thrown at [./src/hotspot/share/interpreter/linkResolver.cpp, line 773]
Event: 0.676 Thread 0x000001ba64eda800 Exception <a 'java/lang/NoSuchMethodError'{0x000000071182fce0}: 'java.lang.Object java.lang.invoke.DirectMethodHandle$Holder.invokeStatic(java.lang.Object, int, java.lang.Object, java.lang.Object, java.lang.Object, java.lang.Object)'> (0x000000071182fce0) thrown at [./src/hotspot/share/interpreter/linkResolver.cpp, line 773]
Event: 0.677 Thread 0x000001ba64eda800 Exception <a 'java/lang/NoSuchMethodError'{0x0000000711836da0}: 'java.lang.Object java.lang.invoke.DirectMethodHandle$Holder.invokeStatic(java.lang.Object, int, java.lang.Object, java.lang.Object, java.lang.Object)'> (0x0000000711836da0) thrown at [./src/hotspot/share/interpreter/linkResolver.cpp, line 773]
Event: 0.677 Thread 0x000001ba64eda800 Exception <a 'java/lang/NoSuchMethodError'{0x000000071183a8e8}: 'java.lang.Object java.lang.invoke.DirectMethodHandle$Holder.invokeSpecial(java.lang.Object, java.lang.Object, int, java.lang.Object, java.lang.Object, java.lang.Object)'> (0x000000071183a8e8) thrown at [./src/hotspot/share/interpreter/linkResolver.cpp, line 773]
Event: 0.681 Thread 0x000001ba64eda800 Exception <a 'java/lang/NoSuchMethodError'{0x00000007118521c8}: 'java.lang.Object java.lang.invoke.DirectMethodHandle$Holder.invokeStatic(java.lang.Object, int, java.lang.Object)'> (0x00000007118521c8) thrown at [./src/hotspot/share/interpreter/linkResolver.cpp, line 773]
Event: 0.702 Thread 0x000001ba64eda800 Exception <a 'java/lang/ClassNotFoundException'{0x00000007118fc978}: com/sun/swing/internal/plaf/metal/resources/spi/metalProvider> (0x00000007118fc978) thrown at [./src/hotspot/share/classfile/systemDictionary.cpp, line 231]
Event: 0.704 Thread 0x000001ba64eda800 Exception <a 'java/lang/ClassNotFoundException'{0x00000007117011e8}: com/sun/swing/internal/plaf/basic/resources/spi/basicProvider> (0x00000007117011e8) thrown at [./src/hotspot/share/classfile/systemDictionary.cpp, line 231]
Event: 0.791 Thread 0x000001ba64eda800 Exception <a 'java/lang/NoSuchMethodError'{0x0000000711613a80}: 'void java.lang.invoke.DirectMethodHandle$Holder.invokeStaticInit(java.lang.Object)'> (0x0000000711613a80) thrown at [./src/hotspot/share/interpreter/linkResolver.cpp, line 773]
Event: 0.842 Thread 0x000001ba64eda800 Exception <a 'java/lang/NoSuchMethodError'{0x0000000711559b60}: 'java.lang.Object java.lang.invoke.DirectMethodHandle$Holder.invokeStatic(java.lang.Object, java.lang.Object, java.lang.Object, java.lang.Object, java.lang.Object, java.lang.Object, java.lang.Object, java.lang.Object, java.lang.Object, java.lang.Object, java.lang.Object, int)'> (0x0000000711559b60) thrown at [./src/hotspot/share/interpreter/linkResolver.cpp, line 773]
Event: 0.845 Thread 0x000001ba64eda800 Exception <a 'java/lang/NoSuchMethodError'{0x0000000711577d68}: 'java.lang.Object java.lang.invoke.DirectMethodHandle$Holder.invokeStatic(java.lang.Object, java.lang.Object, java.lang.Object, java.lang.Object, java.lang.Object, java.lang.Object, java.lang.Object, java.lang.Object, java.lang.Object, java.lang.Object, java.lang.Object, int, int)'> (0x0000000711577d68) thrown at [./src/hotspot/share/interpreter/linkResolver.cpp, line 773]
Event: 0.846 Thread 0x000001ba64eda800 Exception <a 'java/lang/NoSuchMethodError'{0x0000000711596f50}: 'java.lang.Object java.lang.invoke.DirectMethodHandle$Holder.invokeStatic(java.lang.Object, java.lang.Object, java.lang.Object, java.lang.Object, java.lang.Object, java.lang.Object, java.lang.Object, java.lang.Object, java.lang.Object, java.lang.Object, java.lang.Object, int, int, java.lang.Object)'> (0x0000000711596f50) thrown at [./src/hotspot/share/interpreter/linkResolver.cpp, line 773]
Event: 0.847 Thread 0x000001ba64eda800 Exception <a 'java/lang/NoSuchMethodError'{0x00000007115a2f00}: 'java.lang.Object java.lang.invoke.Invokers$Holder.linkToTargetMethod(java.lang.Object, int, java.lang.Object)'> (0x00000007115a2f00) thrown at [./src/hotspot/share/interpreter/linkResolver.cpp, line 773]
Event: 0.861 Thread 0x000001ba64eda800 Exception <a 'java/lang/NoSuchMethodError'{0x00000007115ecac8}: 'java.lang.Object java.lang.invoke.DirectMethodHandle$Holder.invokeStatic(java.lang.Object, java.lang.Object, java.lang.Object, java.lang.Object, java.lang.Object, java.lang.Object, java.lang.Object, java.lang.Object, java.lang.Object, java.lang.Object, java.lang.Object, int, int, java.lang.Object, java.lang.Object)'> (0x00000007115ecac8) thrown at [./src/hotspot/share/interpreter/linkResolver.cpp, line 773]
Event: 8.172 Thread 0x000001ba11898800 Exception <a 'java/lang/NoSuchMethodError'{0x000000071110c388}: 'int java.lang.invoke.DirectMethodHandle$Holder.invokeSpecialIFC(java.lang.Object, java.lang.Object, int)'> (0x000000071110c388) thrown at [./src/hotspot/share/interpreter/linkResolver.cpp, line 773]
Event: 15.102 Thread 0x000001ba0a577800 Implicit null exception at 0x000001ba7507d5f7 to 0x000001ba7507dbe4

Events (20 events):
Event: 27.277 Executing VM operation: RevokeBias
Event: 27.277 Executing VM operation: RevokeBias done
Event: 27.281 Executing VM operation: RevokeBias
Event: 27.281 Executing VM operation: RevokeBias done
Event: 27.370 Executing VM operation: RevokeBias
Event: 27.370 Executing VM operation: RevokeBias done
Event: 27.383 Executing VM operation: RevokeBias
Event: 27.383 Executing VM operation: RevokeBias done
Event: 29.482 Executing VM operation: RevokeBias
Event: 29.483 Executing VM operation: RevokeBias done
Event: 29.493 Executing VM operation: RevokeBias
Event: 29.493 Executing VM operation: RevokeBias done
Event: 29.494 Executing VM operation: RevokeBias
Event: 29.494 Executing VM operation: RevokeBias done
Event: 29.539 Executing VM operation: RevokeBias
Event: 29.539 Executing VM operation: RevokeBias done
Event: 300.105 loading class java/awt/desktop/SystemSleepListener
Event: 300.106 loading class java/awt/desktop/SystemEventListener
Event: 300.106 loading class java/awt/desktop/SystemEventListener done
Event: 300.106 loading class java/awt/desktop/SystemSleepListener done


Dynamic libraries:
0x00007ff753ad0000 - 0x00007ff753add000 	C:\Program Files\AdoptOpenJDK\jdk-11.0.8.10-hotspot\bin\javaw.exe
0x00007ffe556e0000 - 0x00007ffe558d0000 	C:\windows\SYSTEM32\ntdll.dll
0x00007ffe54dd0000 - 0x00007ffe54e82000 	C:\windows\System32\KERNEL32.DLL
0x00007ffe52f80000 - 0x00007ffe53225000 	C:\windows\System32\KERNELBASE.dll
0x00007ffe526a0000 - 0x00007ffe5279a000 	C:\windows\System32\ucrtbase.dll
0x00007ffe470c0000 - 0x00007ffe470d5000 	C:\Program Files\AdoptOpenJDK\jdk-11.0.8.10-hotspot\bin\VCRUNTIME140.dll
0x00007ffe483a0000 - 0x00007ffe483b7000 	C:\Program Files\AdoptOpenJDK\jdk-11.0.8.10-hotspot\bin\jli.dll
0x00007ffe54e90000 - 0x00007ffe55024000 	C:\windows\System32\USER32.dll
0x00007ffe53570000 - 0x00007ffe53591000 	C:\windows\System32\win32u.dll
0x00007ffe544b0000 - 0x00007ffe544d6000 	C:\windows\System32\GDI32.dll
0x00007ffe532d0000 - 0x00007ffe53466000 	C:\windows\System32\gdi32full.dll
0x00007ffe38c20000 - 0x00007ffe38ea4000 	C:\windows\WinSxS\amd64_microsoft.windows.common-controls_6595b64144ccf1df_6.0.18362.1139_none_9e7bf2d3e4605ac6\COMCTL32.dll
0x00007ffe53230000 - 0x00007ffe532ce000 	C:\windows\System32\msvcp_win.dll
0x00007ffe53790000 - 0x00007ffe5382e000 	C:\windows\System32\msvcrt.dll
0x00007ffe53f00000 - 0x00007ffe54235000 	C:\windows\System32\combase.dll
0x00007ffe54c50000 - 0x00007ffe54d70000 	C:\windows\System32\RPCRT4.dll
0x00007ffe53710000 - 0x00007ffe53790000 	C:\windows\System32\bcryptPrimitives.dll
0x00007ffe53bf0000 - 0x00007ffe53c1e000 	C:\windows\System32\IMM32.DLL
0x00007ffe20ac0000 - 0x00007ffe20b5b000 	C:\Program Files\AdoptOpenJDK\jdk-11.0.8.10-hotspot\bin\msvcp140.dll
0x00007ffe19b30000 - 0x00007ffe1a5ed000 	C:\Program Files\AdoptOpenJDK\jdk-11.0.8.10-hotspot\bin\server\jvm.dll
0x00007ffe54370000 - 0x00007ffe54413000 	C:\windows\System32\ADVAPI32.dll
0x00007ffe53c20000 - 0x00007ffe53cb7000 	C:\windows\System32\sechost.dll
0x00007ffe54360000 - 0x00007ffe54368000 	C:\windows\System32\PSAPI.DLL
0x00007ffe47130000 - 0x00007ffe47154000 	C:\windows\SYSTEM32\WINMM.dll
0x00007ffe4dd50000 - 0x00007ffe4dd59000 	C:\windows\SYSTEM32\WSOCK32.dll
0x00007ffe4da10000 - 0x00007ffe4da1a000 	C:\windows\SYSTEM32\VERSION.dll
0x00007ffe555d0000 - 0x00007ffe5563f000 	C:\windows\System32\WS2_32.dll
0x00007ffe47100000 - 0x00007ffe4712d000 	C:\windows\SYSTEM32\winmmbase.dll
0x00007ffe53470000 - 0x00007ffe534ba000 	C:\windows\System32\cfgmgr32.dll
0x00007ffe525d0000 - 0x00007ffe525e1000 	C:\windows\System32\kernel.appcore.dll
0x00007ffe47780000 - 0x00007ffe47790000 	C:\Program Files\AdoptOpenJDK\jdk-11.0.8.10-hotspot\bin\verify.dll
0x00007ffe50f60000 - 0x00007ffe51154000 	C:\windows\SYSTEM32\DBGHELP.DLL
0x00007ffe48f10000 - 0x00007ffe48f3a000 	C:\windows\SYSTEM32\dbgcore.DLL
0x00007ffe45790000 - 0x00007ffe457b8000 	C:\Program Files\AdoptOpenJDK\jdk-11.0.8.10-hotspot\bin\java.dll
0x00007ffe45880000 - 0x00007ffe4588a000 	C:\Program Files\AdoptOpenJDK\jdk-11.0.8.10-hotspot\bin\jimage.dll
0x00007ffe45820000 - 0x00007ffe45837000 	C:\Program Files\AdoptOpenJDK\jdk-11.0.8.10-hotspot\bin\zip.dll
0x00007ffe544e0000 - 0x00007ffe54bc7000 	C:\windows\System32\SHELL32.dll
0x00007ffe53b40000 - 0x00007ffe53be9000 	C:\windows\System32\shcore.dll
0x00007ffe527a0000 - 0x00007ffe52f20000 	C:\windows\System32\windows.storage.dll
0x00007ffe52640000 - 0x00007ffe52663000 	C:\windows\System32\profapi.dll
0x00007ffe525f0000 - 0x00007ffe5263a000 	C:\windows\System32\powrprof.dll
0x00007ffe525a0000 - 0x00007ffe525b0000 	C:\windows\System32\UMPDC.dll
0x00007ffe54d70000 - 0x00007ffe54dc2000 	C:\windows\System32\shlwapi.dll
0x00007ffe536f0000 - 0x00007ffe53707000 	C:\windows\System32\cryptsp.dll
0x00007ffe1e4b0000 - 0x00007ffe1e649000 	C:\Program Files\AdoptOpenJDK\jdk-11.0.8.10-hotspot\bin\awt.dll
0x00007ffe55500000 - 0x00007ffe555c5000 	C:\windows\System32\OLEAUT32.dll
0x00007ffe50490000 - 0x00007ffe5051f000 	C:\windows\SYSTEM32\apphelp.dll
0x00007ffe50b10000 - 0x00007ffe50b3d000 	C:\windows\system32\DWMAPI.DLL
0x00007ffe505e0000 - 0x00007ffe50679000 	C:\windows\system32\uxtheme.dll
0x00007ffe104b0000 - 0x00007ffe10606000 	C:\windows\system32\opengl32.dll
0x00007ffe40e30000 - 0x00007ffe40e5c000 	C:\windows\SYSTEM32\GLU32.dll
0x00007ffe51260000 - 0x00007ffe51280000 	C:\windows\SYSTEM32\dxcore.dll
0x00007ffe53a00000 - 0x00007ffe53b35000 	C:\windows\System32\MSCTF.dll
0x00007ffe53cc0000 - 0x00007ffe53e17000 	C:\windows\System32\ole32.dll
0x00007ffe48120000 - 0x00007ffe482e7000 	C:\windows\system32\d3d9.dll
0x00007ffe44ac0000 - 0x00007ffe44bc2000 	C:\windows\System32\DriverStore\FileRepository\nvhm.inf_amd64_29aa1637e8e39f9a\nvldumdx.dll
0x00007ffe535a0000 - 0x00007ffe536e9000 	C:\windows\System32\crypt32.dll
0x00007ffe525b0000 - 0x00007ffe525c2000 	C:\windows\System32\MSASN1.dll
0x00007ffe48fa0000 - 0x00007ffe48fcf000 	C:\windows\SYSTEM32\cryptnet.dll
0x00007ffe51fc0000 - 0x00007ffe51fcc000 	C:\windows\SYSTEM32\cryptbase.dll
0x00007ffe52f20000 - 0x00007ffe52f7c000 	C:\windows\System32\WINTRUST.DLL
0x00007ffe53830000 - 0x00007ffe5384d000 	C:\windows\System32\imagehlp.dll
0x00007ffe51960000 - 0x00007ffe51993000 	C:\windows\system32\rsaenh.dll
0x00007ffe52670000 - 0x00007ffe52696000 	C:\windows\System32\bcrypt.dll
0x00007ffe134f0000 - 0x00007ffe14c92000 	C:\windows\System32\DriverStore\FileRepository\nvhm.inf_amd64_29aa1637e8e39f9a\nvd3dumx.dll
0x00007ffe15aa0000 - 0x00007ffe15d52000 	C:\windows\system32\nvspcap64.dll
0x00007ffe515e0000 - 0x00007ffe51611000 	C:\windows\SYSTEM32\ntmarta.dll
0x00007ffe511a0000 - 0x00007ffe511c2000 	C:\windows\SYSTEM32\gpapi.dll
0x00007ffe412e0000 - 0x00007ffe41362000 	C:\Program Files\AdoptOpenJDK\jdk-11.0.8.10-hotspot\bin\freetype.dll
0x00007ffe1eed0000 - 0x00007ffe1ef76000 	C:\Program Files\AdoptOpenJDK\jdk-11.0.8.10-hotspot\bin\fontmanager.dll
0x00007ffe456f0000 - 0x00007ffe45709000 	C:\Program Files\AdoptOpenJDK\jdk-11.0.8.10-hotspot\bin\net.dll
0x00007ffe45bc0000 - 0x00007ffe45cb0000 	C:\windows\SYSTEM32\WINHTTP.dll
0x00007ffe51df0000 - 0x00007ffe51e57000 	C:\windows\system32\mswsock.dll
0x00007ffe456d0000 - 0x00007ffe456e2000 	C:\Program Files\AdoptOpenJDK\jdk-11.0.8.10-hotspot\bin\nio.dll
0x00007ffe3f1c0000 - 0x00007ffe3f25e000 	C:\windows\System32\TextInputFramework.dll
0x00007ffe4fe90000 - 0x00007ffe4ff64000 	C:\windows\System32\CoreMessaging.dll
0x00007ffe46ad0000 - 0x00007ffe46dfa000 	C:\windows\System32\CoreUIComponents.dll
0x00007ffe4e1e0000 - 0x00007ffe4e333000 	C:\windows\SYSTEM32\wintypes.dll
0x00007ffe3dc90000 - 0x00007ffe3df37000 	C:\windows\System32\iertutil.dll
0x00007ffe542b0000 - 0x00007ffe54352000 	C:\windows\System32\clbcatq.dll
0x00007ffe46920000 - 0x00007ffe46acf000 	C:\windows\SYSTEM32\WindowsCodecs.dll
0x00007ffe2c770000 - 0x00007ffe2c7aa000 	C:\windows\system32\dataexchange.dll
0x00007ffe4fa40000 - 0x00007ffe4fc9b000 	C:\windows\system32\d3d11.dll
0x00007ffe4fca0000 - 0x00007ffe4fe7d000 	C:\windows\system32\dcomp.dll
0x00007ffe51280000 - 0x00007ffe5136b000 	C:\windows\system32\dxgi.dll
0x00007ffe506a0000 - 0x00007ffe50902000 	C:\windows\system32\twinapi.appcore.dll
0x00007ffe50a00000 - 0x00007ffe50a29000 	C:\windows\system32\RMCLIENT.dll
0x00007ffe47720000 - 0x00007ffe4774d000 	C:\Program Files\AdoptOpenJDK\jdk-11.0.8.10-hotspot\bin\javajpeg.dll

dbghelp: loaded successfully - version: 4.0.5 - missing functions: none
symbol engine: initialized successfully - sym options: 0x614 - pdb path: .;C:\Program Files\AdoptOpenJDK\jdk-11.0.8.10-hotspot\bin;C:\windows\SYSTEM32;C:\windows\WinSxS\amd64_microsoft.windows.common-controls_6595b64144ccf1df_6.0.18362.1139_none_9e7bf2d3e4605ac6;C:\Program Files\AdoptOpenJDK\jdk-11.0.8.10-hotspot\bin\server;C:\windows\System32\DriverStore\FileRepository\nvhm.inf_amd64_29aa1637e8e39f9a

VM Arguments:
jvm_args: -Dfile.encoding=Cp1252 
java_command: Main
java_class_path (initial): D:\Ohjelmoinnit\R0317\Ventti\bin
Launcher Type: SUN_STANDARD

[Global flags]
     intx CICompilerCount                          = 4                                         {product} {ergonomic}
     uint ConcGCThreads                            = 2                                         {product} {ergonomic}
     uint G1ConcRefinementThreads                  = 8                                         {product} {ergonomic}
   size_t G1HeapRegionSize                         = 1048576                                   {product} {ergonomic}
    uintx GCDrainStackTargetSize                   = 64                                        {product} {ergonomic}
   size_t InitialHeapSize                          = 268435456                                 {product} {ergonomic}
   size_t MarkStackSize                            = 4194304                                   {product} {ergonomic}
   size_t MaxHeapSize                              = 4263510016                                {product} {ergonomic}
   size_t MaxNewSize                               = 2557476864                                {product} {ergonomic}
   size_t MinHeapDeltaBytes                        = 1048576                                   {product} {ergonomic}
    uintx NonNMethodCodeHeapSize                   = 5836300                                {pd product} {ergonomic}
    uintx NonProfiledCodeHeapSize                  = 122910970                              {pd product} {ergonomic}
    uintx ProfiledCodeHeapSize                     = 122910970                              {pd product} {ergonomic}
    uintx ReservedCodeCacheSize                    = 251658240                              {pd product} {ergonomic}
     bool SegmentedCodeCache                       = true                                      {product} {ergonomic}
     bool UseCompressedClassPointers               = true                                 {lp64_product} {ergonomic}
     bool UseCompressedOops                        = true                                 {lp64_product} {ergonomic}
     bool UseG1GC                                  = true                                      {product} {ergonomic}
     bool UseLargePagesIndividualAllocation        = false                                  {pd product} {ergonomic}

Logging:
Log output configuration:
 #0: stdout all=warning uptime,level,tags
 #1: stderr all=off uptime,level,tags

Environment Variables:
JAVA_HOME=C:\Program Files\AdoptOpenJDK\jdk-11.0.8.10-hotspot\
PATH=C:/Users/mkarh/.p2/pool/plugins/org.eclipse.justj.openjdk.hotspot.jre.full.win32.x86_64_14.0.2.v20200815-0932/jre/bin/server;C:/Users/mkarh/.p2/pool/plugins/org.eclipse.justj.openjdk.hotspot.jre.full.win32.x86_64_14.0.2.v20200815-0932/jre/bin;D:\ohjelmia\Python\Python39\Scripts\;D:\ohjelmia\Python\Python39\;C:\windows\system32;C:\windows;C:\windows\System32\Wbem;C:\windows\System32\WindowsPowerShell\v1.0\;C:\windows\System32\OpenSSH\;C:\Program Files (x86)\NVIDIA Corporation\PhysX\Common;C:\Program Files\NVIDIA Corporation\NVIDIA NvDLISR;D:\ohjelmia\node-js\;C:\ProgramData\chocolatey\bin;C:\Program Files\Git\cmd;C:\apache-ant-1.10.8-bin\apache-ant-1.10.8;C:\apache-maven-3.6.3;C:\Program Files\Java\jdk-14.0.2;C:\Program Files\dotnet\;C:\Program Files (x86)\Common Files\Oracle\Java\javapath;C:\Program Files\AdoptOpenJDK\jdk-11.0.8.10-hotspot;C:\Users\mkarh\AppData\Local\Microsoft\WindowsApps;C:\Users\mkarh\AppData\Local\Programs\Microsoft VS Code\bin;C:\Users\mkarh\AppData\Roaming\npm;C:\Users\mkarh\AppData\Local\GitHubDesktop\bin;C:\Users\mkarh\.dotnet\tools;C:\windows\system32;
USERNAME=mkarh
OS=Windows_NT
PROCESSOR_IDENTIFIER=Intel64 Family 6 Model 158 Stepping 10, GenuineIntel



---------------  S Y S T E M  ---------------

OS: Windows 10 , 64 bit Build 18362 (10.0.18362.1110)
OS uptime: 10 days 22:31 hours

CPU:total 8 (initial active 8) (4 cores per cpu, 2 threads per core) family 6 model 158 stepping 10, cmov, cx8, fxsr, mmx, sse, sse2, sse3, ssse3, sse4.1, sse4.2, popcnt, avx, avx2, aes, clmul, erms, 3dnowpref, lzcnt, ht, tsc, tscinvbit, bmi1, bmi2, adx, fma

Memory: 4k page, system-wide physical 16262M (2501M free)
TotalPageFile size 65414M (AvailPageFile size 0M)
current process WorkingSet (physical memory assigned to process): 159M, peak: 182M
current process commit charge ("private bytes"): 449M, peak: 465M

vm_info: OpenJDK 64-Bit Server VM (11.0.8+10) for windows-amd64 JRE (11.0.8+10), built on Jul 15 2020 11:45:54 by "" with MS VC++ 15.9 (VS2017)

END.
